#
# There is insufficient memory for the Java Runtime Environment to continue.
# Native memory allocation (mmap) failed to map 186646528 bytes for committing reserved memory.
# Possible reasons:
#   The system is out of physical RAM or swap space
#   In 32 bit mode, the process size limit was hit
# Possible solutions:
#   Reduce memory load on the system
#   Increase physical memory or swap space
#   Check if swap backing store is full
#   Use 64 bit Java on a 64 bit OS
#   Decrease Java heap size (-Xmx/-Xms)
#   Decrease number of Java threads
#   Decrease Java thread stack sizes (-Xss)
#   Set larger code cache with -XX:ReservedCodeCacheSize=
# This output file may be truncated or incomplete.
#
#  Out of Memory Error (os_linux.cpp:2627), pid=20107, tid=140053200119552
#
# JRE version: Java(TM) SE Runtime Environment (8.0_72-b15) (build 1.8.0_72-b15)
# Java VM: Java HotSpot(TM) 64-Bit Server VM (25.72-b15 mixed mode linux-amd64 compressed oops)
# Failed to write core dump. Core dumps have been disabled. To enable core dumping, try "ulimit -c unlimited" before starting Java again
#

---------------  T H R E A D  ---------------

Current thread (0x00007f60c0083000):  VMThread [stack: 0x00007f60ad2e2000,0x00007f60ad3e3000] [id=20113]

Stack: [0x00007f60ad2e2000,0x00007f60ad3e3000],  sp=0x00007f60ad3e0fa0,  free space=1019k
Native frames: (J=compiled Java code, j=interpreted, Vv=VM code, C=native code)
V  [libjvm.so+0xaba7ea]  VMError::report_and_die()+0x2ba
V  [libjvm.so+0x4f9e3b]  report_vm_out_of_memory(char const*, int, unsigned long, VMErrorType, char const*)+0x8b
V  [libjvm.so+0x91b613]  os::Linux::commit_memory_impl(char*, unsigned long, bool)+0x103
V  [libjvm.so+0x91bb69]  os::pd_commit_memory(char*, unsigned long, unsigned long, bool)+0x29
V  [libjvm.so+0x915e6a]  os::commit_memory(char*, unsigned long, unsigned long, bool)+0x2a
V  [libjvm.so+0x989543]  PSVirtualSpace::expand_by(unsigned long)+0x53
V  [libjvm.so+0x98a948]  PSYoungGen::resize_generation(unsigned long, unsigned long)+0xf8
V  [libjvm.so+0x989aa2]  PSYoungGen::resize(unsigned long, unsigned long)+0x22
V  [libjvm.so+0x986d7b]  PSScavenge::invoke_no_policy()+0xf3b
V  [libjvm.so+0x987501]  PSScavenge::invoke()+0x41
V  [libjvm.so+0x93f300]  ParallelScavengeHeap::failed_mem_allocate(unsigned long)+0x70
V  [libjvm.so+0xabc207]  VM_ParallelGCFailedAllocation::doit()+0x97
V  [libjvm.so+0xac3c35]  VM_Operation::evaluate()+0x55
V  [libjvm.so+0xac200a]  VMThread::evaluate_operation(VM_Operation*)+0xba
V  [libjvm.so+0xac238e]  VMThread::loop()+0x1ce
V  [libjvm.so+0xac2800]  VMThread::run()+0x70
V  [libjvm.so+0x91d9d8]  java_start(Thread*)+0x108

VM_Operation (0x00007f60c5fa2fc0): ParallelGCFailedAllocation, mode: safepoint, requested by thread 0x00007f60c0015000


---------------  P R O C E S S  ---------------

Java Threads: ( => current thread )
  0x00007f60c0be2000 JavaThread "Keep-Alive-Timer" daemon [_thread_blocked, id=20162, stack(0x00007f6047cff000,0x00007f6047e00000)]
  0x00007f60c1bd6000 JavaThread "AWT-EventQueue-0" [_thread_blocked, id=20153, stack(0x00007f6064888000,0x00007f6064989000)]
  0x00007f60c1bd4800 JavaThread "AWT-Shutdown" [_thread_blocked, id=20152, stack(0x00007f6064989000,0x00007f6064a8a000)]
  0x00007f60c1b81000 JavaThread "AWT-XAWT" daemon [_thread_blocked, id=20151, stack(0x00007f609c06d000,0x00007f609c16e000)]
  0x00007f60c0c0a000 JavaThread "Java2D Disposer" daemon [_thread_blocked, id=20142, stack(0x00007f609dd9b000,0x00007f609de9c000)]
  0x00007f60c0b22800 JavaThread "Monitor Ctrl-Break" daemon [_thread_in_native, id=20135, stack(0x00007f609fca0000,0x00007f609fda1000)]
  0x00007f60c00d4800 JavaThread "Service Thread" daemon [_thread_blocked, id=20120, stack(0x00007f60ac4f9000,0x00007f60ac5fa000)]
  0x00007f60c00c9800 JavaThread "C1 CompilerThread2" daemon [_thread_blocked, id=20119, stack(0x00007f60ac5fa000,0x00007f60ac6fb000)]
  0x00007f60c00c7800 JavaThread "C2 CompilerThread1" daemon [_thread_blocked, id=20118, stack(0x00007f60ac6fb000,0x00007f60ac7fc000)]
  0x00007f60c00c4800 JavaThread "C2 CompilerThread0" daemon [_thread_blocked, id=20117, stack(0x00007f60ac7fc000,0x00007f60ac8fd000)]
  0x00007f60c00c3000 JavaThread "Signal Dispatcher" daemon [_thread_blocked, id=20116, stack(0x00007f60ac8fd000,0x00007f60ac9fe000)]
  0x00007f60c008f800 JavaThread "Finalizer" daemon [_thread_blocked, id=20115, stack(0x00007f60ad0e0000,0x00007f60ad1e1000)]
  0x00007f60c008b000 JavaThread "Reference Handler" daemon [_thread_blocked, id=20114, stack(0x00007f60ad1e1000,0x00007f60ad2e2000)]
  0x00007f60c0015000 JavaThread "main" [_thread_blocked, id=20108, stack(0x00007f60c5ea6000,0x00007f60c5fa7000)]

Other Threads:
=>0x00007f60c0083000 VMThread [stack: 0x00007f60ad2e2000,0x00007f60ad3e3000] [id=20113]
  0x00007f60c00d8000 WatcherThread [stack: 0x00007f60ac3f8000,0x00007f60ac4f9000] [id=20121]

VM state:at safepoint (normal execution)

VM Mutex/Monitor currently owned by a thread:  ([mutex/lock_event])
[0x00007f60c0011370] Threads_lock - owner thread: 0x00007f60c0083000
[0x00007f60c0011870] Heap_lock - owner thread: 0x00007f60c0015000

Heap:
 PSYoungGen      total 385024K, used 3257K [0x00000000d6f00000, 0x00000000f2780000, 0x0000000100000000)
  eden space 321024K, 0% used [0x00000000d6f00000,0x00000000d6f00000,0x00000000ea880000)
  from space 64000K, 5% used [0x00000000ea880000,0x00000000eabae440,0x00000000ee700000)
  to   space 62976K, 0% used [0x00000000ee700000,0x00000000ee700000,0x00000000f2480000)
 ParOldGen       total 103424K, used 29835K [0x0000000084c00000, 0x000000008b100000, 0x00000000d6f00000)
  object space 103424K, 28% used [0x0000000084c00000,0x0000000086922c90,0x000000008b100000)
 Metaspace       used 21756K, capacity 22024K, committed 22192K, reserved 1069056K
  class space    used 2392K, capacity 2467K, committed 2560K, reserved 1048576K

Card table byte_map: [0x00007f60af7cb000,0x00007f60afba6000] byte_map_base: 0x00007f60af3a5000

Marking Bits: (ParMarkBitMap*) 0x00007f60c5376100
 Begin Bits: [0x00007f60a4260000, 0x00007f60a6130000)
 End Bits:   [0x00007f60a6130000, 0x00007f60a8000000)

Polling page: 0x00007f60c5fc3000

CodeCache: size=245760Kb used=8088Kb max_used=8099Kb free=237671Kb
 bounds [0x00007f60aff66000, 0x00007f60b0766000, 0x00007f60bef66000]
 total_blobs=3527 nmethods=2191 adapters=1249
 compilation: enabled

Compilation events (10 events):
Event: 35.540 Thread 0x00007f60c00c4800 nmethod 2430 0x00007f60b0738a50 code [0x00007f60b0738ba0, 0x00007f60b0738cd8]
Event: 35.546 Thread 0x00007f60c00c9800 2431       1       java.lang.reflect.AccessibleObject::isAccessible (5 bytes)
Event: 35.546 Thread 0x00007f60c00c9800 nmethod 2431 0x00007f60b0739f90 code [0x00007f60b073a0e0, 0x00007f60b073a1f0]
Event: 35.548 Thread 0x00007f60c00c7800 2432       4       java.util.AbstractList::iterator (10 bytes)
Event: 35.549 Thread 0x00007f60c00c7800 nmethod 2432 0x00007f60b0739c50 code [0x00007f60b0739da0, 0x00007f60b0739ea8]
Event: 35.550 Thread 0x00007f60c00c4800 2433       4       sun.reflect.generics.reflectiveObjects.TypeVariableImpl::hashCode (16 bytes)
Event: 35.575 Thread 0x00007f60c00c4800 nmethod 2433 0x00007f60b0739750 code [0x00007f60b07398c0, 0x00007f60b0739ae8]
Event: 37.885 Thread 0x00007f60c00c7800 2434       4       com.sun.jersey.core.header.reader.HttpHeaderListAdapter::next (7 bytes)
Event: 37.885 Thread 0x00007f60c00c4800 2435       4       com.sun.jersey.core.header.reader.HttpHeaderListAdapter::next (63 bytes)
Event: 37.897 Thread 0x00007f60c00c9800 2436  s    3       sun.net.www.MessageHeader::findValue (69 bytes)

GC Heap History (10 events):
Event: 12.805 GC heap after
Heap after GC invocations=8 (full 1):
 PSYoungGen      total 161792K, used 46077K [0x00000000d6f00000, 0x00000000eaf80000, 0x0000000100000000)
  eden space 115712K, 0% used [0x00000000d6f00000,0x00000000d6f00000,0x00000000de000000)
  from space 46080K, 99% used [0x00000000de000000,0x00000000e0cff480,0x00000000e0d00000)
  to   space 58880K, 0% used [0x00000000e7600000,0x00000000e7600000,0x00000000eaf80000)
 ParOldGen       total 143872K, used 86207K [0x0000000084c00000, 0x000000008d880000, 0x00000000d6f00000)
  object space 143872K, 59% used [0x0000000084c00000,0x000000008a02fcd8,0x000000008d880000)
 Metaspace       used 16278K, capacity 16428K, committed 16512K, reserved 1064960K
  class space    used 1849K, capacity 1897K, committed 1920K, reserved 1048576K
}
Event: 13.990 GC heap before
{Heap before GC invocations=9 (full 1):
 PSYoungGen      total 161792K, used 161789K [0x00000000d6f00000, 0x00000000eaf80000, 0x0000000100000000)
  eden space 115712K, 100% used [0x00000000d6f00000,0x00000000de000000,0x00000000de000000)
  from space 46080K, 99% used [0x00000000de000000,0x00000000e0cff480,0x00000000e0d00000)
  to   space 58880K, 0% used [0x00000000e7600000,0x00000000e7600000,0x00000000eaf80000)
 ParOldGen       total 143872K, used 86207K [0x0000000084c00000, 0x000000008d880000, 0x00000000d6f00000)
  object space 143872K, 59% used [0x0000000084c00000,0x000000008a02fcd8,0x000000008d880000)
 Metaspace       used 16417K, capacity 16588K, committed 16896K, reserved 1064960K
  class space    used 1870K, capacity 1929K, committed 2048K, reserved 1048576K
Event: 15.136 GC heap after
Heap after GC invocations=9 (full 1):
 PSYoungGen      total 263680K, used 47099K [0x00000000d6f00000, 0x00000000eca80000, 0x0000000100000000)
  eden space 204800K, 0% used [0x00000000d6f00000,0x00000000d6f00000,0x00000000e3700000)
  from space 58880K, 79% used [0x00000000e7600000,0x00000000ea3fec70,0x00000000eaf80000)
  to   space 64512K, 0% used [0x00000000e3700000,0x00000000e3700000,0x00000000e7600000)
 ParOldGen       total 143872K, used 86207K [0x0000000084c00000, 0x000000008d880000, 0x00000000d6f00000)
  object space 143872K, 59% used [0x0000000084c00000,0x000000008a02fcd8,0x000000008d880000)
 Metaspace       used 16417K, capacity 16588K, committed 16896K, reserved 1064960K
  class space    used 1870K, capacity 1929K, committed 2048K, reserved 1048576K
}
Event: 18.422 GC heap before
{Heap before GC invocations=10 (full 1):
 PSYoungGen      total 263680K, used 207530K [0x00000000d6f00000, 0x00000000eca80000, 0x0000000100000000)
  eden space 204800K, 78% used [0x00000000d6f00000,0x00000000e0babbf0,0x00000000e3700000)
  from space 58880K, 79% used [0x00000000e7600000,0x00000000ea3fec70,0x00000000eaf80000)
  to   space 64512K, 0% used [0x00000000e3700000,0x00000000e3700000,0x00000000e7600000)
 ParOldGen       total 143872K, used 86207K [0x0000000084c00000, 0x000000008d880000, 0x00000000d6f00000)
  object space 143872K, 59% used [0x0000000084c00000,0x000000008a02fcd8,0x000000008d880000)
 Metaspace       used 20928K, capacity 21092K, committed 21296K, reserved 1069056K
  class space    used 2317K, capacity 2381K, committed 2432K, reserved 1048576K
Event: 18.541 GC heap after
Heap after GC invocations=10 (full 1):
 PSYoungGen      total 269312K, used 15805K [0x00000000d6f00000, 0x00000000f2480000, 0x0000000100000000)
  eden space 204800K, 0% used [0x00000000d6f00000,0x00000000d6f00000,0x00000000e3700000)
  from space 64512K, 24% used [0x00000000e3700000,0x00000000e466f5d8,0x00000000e7600000)
  to   space 62976K, 0% used [0x00000000ee700000,0x00000000ee700000,0x00000000f2480000)
 ParOldGen       total 143872K, used 92064K [0x0000000084c00000, 0x000000008d880000, 0x00000000d6f00000)
  object space 143872K, 63% used [0x0000000084c00000,0x000000008a5e81e0,0x000000008d880000)
 Metaspace       used 20928K, capacity 21092K, committed 21296K, reserved 1069056K
  class space    used 2317K, capacity 2381K, committed 2432K, reserved 1048576K
}
Event: 18.541 GC heap before
{Heap before GC invocations=11 (full 2):
 PSYoungGen      total 269312K, used 15805K [0x00000000d6f00000, 0x00000000f2480000, 0x0000000100000000)
  eden space 204800K, 0% used [0x00000000d6f00000,0x00000000d6f00000,0x00000000e3700000)
  from space 64512K, 24% used [0x00000000e3700000,0x00000000e466f5d8,0x00000000e7600000)
  to   space 62976K, 0% used [0x00000000ee700000,0x00000000ee700000,0x00000000f2480000)
 ParOldGen       total 143872K, used 92064K [0x0000000084c00000, 0x000000008d880000, 0x00000000d6f00000)
  object space 143872K, 63% used [0x0000000084c00000,0x000000008a5e81e0,0x000000008d880000)
 Metaspace       used 20928K, capacity 21092K, committed 21296K, reserved 1069056K
  class space    used 2317K, capacity 2381K, committed 2432K, reserved 1048576K
Event: 18.589 GC heap after
Heap after GC invocations=11 (full 2):
 PSYoungGen      total 269312K, used 0K [0x00000000d6f00000, 0x00000000f2480000, 0x0000000100000000)
  eden space 204800K, 0% used [0x00000000d6f00000,0x00000000d6f00000,0x00000000e3700000)
  from space 64512K, 0% used [0x00000000e3700000,0x00000000e3700000,0x00000000e7600000)
  to   space 62976K, 0% used [0x00000000ee700000,0x00000000ee700000,0x00000000f2480000)
 ParOldGen       total 103424K, used 29723K [0x0000000084c00000, 0x000000008b100000, 0x00000000d6f00000)
  object space 103424K, 28% used [0x0000000084c00000,0x0000000086906c60,0x000000008b100000)
 Metaspace       used 20928K, capacity 21092K, committed 21296K, reserved 1069056K
  class space    used 2317K, capacity 2381K, committed 2432K, reserved 1048576K
}
Event: 24.267 GC heap before
{Heap before GC invocations=12 (full 2):
 PSYoungGen      total 269312K, used 204800K [0x00000000d6f00000, 0x00000000f2480000, 0x0000000100000000)
  eden space 204800K, 100% used [0x00000000d6f00000,0x00000000e3700000,0x00000000e3700000)
  from space 64512K, 0% used [0x00000000e3700000,0x00000000e3700000,0x00000000e7600000)
  to   space 62976K, 0% used [0x00000000ee700000,0x00000000ee700000,0x00000000f2480000)
 ParOldGen       total 103424K, used 29723K [0x0000000084c00000, 0x000000008b100000, 0x00000000d6f00000)
  object space 103424K, 28% used [0x0000000084c00000,0x0000000086906c60,0x000000008b100000)
 Metaspace       used 21384K, capacity 21602K, committed 21808K, reserved 1069056K
  class space    used 2354K, capacity 2418K, committed 2432K, reserved 1048576K
Event: 25.395 GC heap after
Heap after GC invocations=12 (full 2):
 PSYoungGen      total 384000K, used 39571K [0x00000000d6f00000, 0x00000000f2780000, 0x0000000100000000)
  eden space 321024K, 0% used [0x00000000d6f00000,0x00000000d6f00000,0x00000000ea880000)
  from space 62976K, 62% used [0x00000000ee700000,0x00000000f0da4c20,0x00000000f2480000)
  to   space 64000K, 0% used [0x00000000ea880000,0x00000000ea880000,0x00000000ee700000)
 ParOldGen       total 103424K, used 29731K [0x0000000084c00000, 0x000000008b100000, 0x00000000d6f00000)
  object space 103424K, 28% used [0x0000000084c00000,0x0000000086908c60,0x000000008b100000)
 Metaspace       used 21384K, capacity 21602K, committed 21808K, reserved 1069056K
  class space    used 2354K, capacity 2418K, committed 2432K, reserved 1048576K
}
Event: 39.038 GC heap before
{Heap before GC invocations=13 (full 2):
 PSYoungGen      total 384000K, used 360595K [0x00000000d6f00000, 0x00000000f2780000, 0x0000000100000000)
  eden space 321024K, 100% used [0x00000000d6f00000,0x00000000ea880000,0x00000000ea880000)
  from space 62976K, 62% used [0x00000000ee700000,0x00000000f0da4c20,0x00000000f2480000)
  to   space 64000K, 0% used [0x00000000ea880000,0x00000000ea880000,0x00000000ee700000)
 ParOldGen       total 103424K, used 29731K [0x0000000084c00000, 0x000000008b100000, 0x00000000d6f00000)
  object space 103424K, 28% used [0x0000000084c00000,0x0000000086908c60,0x000000008b100000)
 Metaspace       used 21756K, capacity 22024K, committed 22192K, reserved 1069056K
  class space    used 2392K, capacity 2467K, committed 2560K, reserved 1048576K

Deoptimization events (10 events):
Event: 16.062 Thread 0x00007f60c0015000 Uncommon trap: reason=array_check action=maybe_recompile pc=0x00007f60b02f05a8 method=jal.objects.Sorting.adjust_heap([Ljava/lang/Object;IIILjal/objects/BinaryPredicate;)V @ 108
Event: 16.062 Thread 0x00007f60c0015000 Uncommon trap: reason=array_check action=maybe_recompile pc=0x00007f60b02f0348 method=jal.objects.Sorting.adjust_heap([Ljava/lang/Object;IIILjal/objects/BinaryPredicate;)V @ 185
Event: 16.063 Thread 0x00007f60c0015000 Uncommon trap: reason=array_check action=maybe_recompile pc=0x00007f60b02f05a8 method=jal.objects.Sorting.adjust_heap([Ljava/lang/Object;IIILjal/objects/BinaryPredicate;)V @ 108
Event: 17.333 Thread 0x00007f60c0015000 Uncommon trap: reason=unstable_if action=reinterpret pc=0x00007f60b04a1b44 method=java.util.zip.InflaterInputStream.read()I @ 15
Event: 17.340 Thread 0x00007f60c0015000 Uncommon trap: reason=unstable_if action=reinterpret pc=0x00007f60b04a13c8 method=java.util.zip.InflaterInputStream.read()I @ 15
Event: 17.571 Thread 0x00007f60c0015000 Uncommon trap: reason=unstable_if action=reinterpret pc=0x00007f60b04d7610 method=org.openimaj.image.FImage.toByteImage()[B @ 19
Event: 17.793 Thread 0x00007f60c0015000 Uncommon trap: reason=unstable_if action=reinterpret pc=0x00007f60b01edb04 method=java.util.HashMap.getNode(ILjava/lang/Object;)Ljava/util/HashMap$Node; @ 62
Event: 18.647 Thread 0x00007f60c0015000 Uncommon trap: reason=unstable_if action=reinterpret pc=0x00007f60b04a40a8 method=java.lang.CharacterDataLatin1.digit(II)I @ 31
Event: 26.220 Thread 0x00007f60c0015000 Uncommon trap: reason=unstable_if action=reinterpret pc=0x00007f60b04d6154 method=java.awt.image.DirectColorModel.getDataElements(ILjava/lang/Object;)Ljava/lang/Object; @ 11
Event: 26.947 Thread 0x00007f60c0015000 Uncommon trap: reason=unstable_if action=reinterpret pc=0x00007f60b00976a8 method=java.awt.image.BufferedImage.setRGB(IIII[III)V @ 16

Internal exceptions (10 events):
Event: 33.182 Thread 0x00007f60c0015000 Exception <a 'java/lang/NoClassDefFoundError': com/sun/syndication/io/FeedException> (0x00000000e835da40) thrown at [/HUDSON/workspace/8-2-build-linux-amd64/jdk8u72/5732/hotspot/src/share/vm/classfile/systemDictionary.cpp, line 199]
Event: 35.511 Thread 0x00007f60c0015000 Exception <a 'java/lang/NoClassDefFoundError': javax/mail/MessagingException> (0x00000000e8a65798) thrown at [/HUDSON/workspace/8-2-build-linux-amd64/jdk8u72/5732/hotspot/src/share/vm/classfile/systemDictionary.cpp, line 199]
Event: 35.532 Thread 0x00007f60c0015000 Exception <a 'java/lang/NoClassDefFoundError': com/sun/syndication/io/FeedException> (0x00000000e9029cf8) thrown at [/HUDSON/workspace/8-2-build-linux-amd64/jdk8u72/5732/hotspot/src/share/vm/classfile/systemDictionary.cpp, line 199]
Event: 35.533 Thread 0x00007f60c0015000 Exception <a 'java/lang/NoClassDefFoundError': com/sun/syndication/io/FeedException> (0x00000000e903f9b8) thrown at [/HUDSON/workspace/8-2-build-linux-amd64/jdk8u72/5732/hotspot/src/share/vm/classfile/systemDictionary.cpp, line 199]
Event: 37.733 Thread 0x00007f60c0015000 Exception <a 'java/lang/NoClassDefFoundError': javax/mail/MessagingException> (0x00000000e967eec8) thrown at [/HUDSON/workspace/8-2-build-linux-amd64/jdk8u72/5732/hotspot/src/share/vm/classfile/systemDictionary.cpp, line 199]
Event: 37.883 Thread 0x00007f60c0015000 Exception <a 'java/lang/NoClassDefFoundError': com/sun/syndication/io/FeedException> (0x00000000e96d7858) thrown at [/HUDSON/workspace/8-2-build-linux-amd64/jdk8u72/5732/hotspot/src/share/vm/classfile/systemDictionary.cpp, line 199]
Event: 37.884 Thread 0x00007f60c0015000 Exception <a 'java/lang/NoClassDefFoundError': com/sun/syndication/io/FeedException> (0x00000000e96ed518) thrown at [/HUDSON/workspace/8-2-build-linux-amd64/jdk8u72/5732/hotspot/src/share/vm/classfile/systemDictionary.cpp, line 199]
Event: 38.713 Thread 0x00007f60c0015000 Exception <a 'java/lang/NoClassDefFoundError': javax/mail/MessagingException> (0x00000000ea00b698) thrown at [/HUDSON/workspace/8-2-build-linux-amd64/jdk8u72/5732/hotspot/src/share/vm/classfile/systemDictionary.cpp, line 199]
Event: 38.743 Thread 0x00007f60c0015000 Exception <a 'java/lang/NoClassDefFoundError': com/sun/syndication/io/FeedException> (0x00000000ea5cfbe8) thrown at [/HUDSON/workspace/8-2-build-linux-amd64/jdk8u72/5732/hotspot/src/share/vm/classfile/systemDictionary.cpp, line 199]
Event: 38.743 Thread 0x00007f60c0015000 Exception <a 'java/lang/NoClassDefFoundError': com/sun/syndication/io/FeedException> (0x00000000ea5e58a8) thrown at [/HUDSON/workspace/8-2-build-linux-amd64/jdk8u72/5732/hotspot/src/share/vm/classfile/systemDictionary.cpp, line 199]

Events (10 events):
Event: 37.883 loading class com/sun/syndication/io/FeedException done
Event: 37.883 loading class com/sun/syndication/io/FeedException
Event: 37.883 loading class com/sun/syndication/io/FeedException done
Event: 38.712 loading class javax/mail/MessagingException
Event: 38.712 loading class javax/mail/MessagingException done
Event: 38.742 loading class com/sun/syndication/io/FeedException
Event: 38.742 loading class com/sun/syndication/io/FeedException done
Event: 38.743 loading class com/sun/syndication/io/FeedException
Event: 38.743 loading class com/sun/syndication/io/FeedException done
Event: 38.953 Executing VM operation: ParallelGCFailedAllocation


Dynamic libraries:
00400000-00401000 r-xp 00000000 08:09 3810816                            /usr/lib/jvm/java-8-oracle/bin/java
00600000-00601000 rw-p 00000000 08:09 3810816                            /usr/lib/jvm/java-8-oracle/bin/java
0238c000-023ad000 rw-p 00000000 00:00 0                                  [heap]
84c00000-8b100000 rw-p 00000000 00:00 0 
8b100000-d6f00000 ---p 00000000 00:00 0 
d6f00000-f2780000 rw-p 00000000 00:00 0 
fd980000-100000000 ---p 00000000 00:00 0 
100000000-100280000 rw-p 00000000 00:00 0 
100280000-140000000 ---p 00000000 00:00 0 
7f6034000000-7f6034021000 rw-p 00000000 00:00 0 
7f6034021000-7f6038000000 ---p 00000000 00:00 0 
7f603c000000-7f603c021000 rw-p 00000000 00:00 0 
7f603c021000-7f6040000000 ---p 00000000 00:00 0 
7f6040000000-7f604004f000 rw-p 00000000 00:00 0 
7f604004f000-7f6044000000 ---p 00000000 00:00 0 
7f6047cff000-7f6047d02000 ---p 00000000 00:00 0 
7f6047d02000-7f6047f2c000 rw-p 00000000 00:00 0                          [stack:20162]
7f6047f2c000-7f6048000000 ---p 00000000 00:00 0 
7f6048000000-7f6048026000 rw-p 00000000 00:00 0 
7f6048026000-7f604c000000 ---p 00000000 00:00 0 
7f604c000000-7f604c021000 rw-p 00000000 00:00 0 
7f604c021000-7f6050000000 ---p 00000000 00:00 0 
7f6050000000-7f6050136000 rw-p 00000000 00:00 0 
7f6050136000-7f6054000000 ---p 00000000 00:00 0 
7f6054000000-7f6054136000 rw-p 00000000 00:00 0 
7f6054136000-7f6058000000 ---p 00000000 00:00 0 
7f6058000000-7f6058135000 rw-p 00000000 00:00 0 
7f6058135000-7f605c000000 ---p 00000000 00:00 0 
7f605c000000-7f605c135000 rw-p 00000000 00:00 0 
7f605c135000-7f6060000000 ---p 00000000 00:00 0 
7f6060000000-7f606017e000 rw-p 00000000 00:00 0 
7f606017e000-7f6064000000 ---p 00000000 00:00 0 
7f6064026000-7f6064029000 ---p 00000000 00:00 0 
7f6064029000-7f6064327000 rw-p 00000000 00:00 0 
7f6064327000-7f6064408000 rw-s 00000000 00:05 155680782                  /SYSV00000000 (deleted)
7f6064408000-7f6064471000 r-xp 00000000 08:09 3806279                    /usr/lib/jvm/java-8-oracle/jre/lib/amd64/libt2k.so
7f6064471000-7f6064671000 ---p 00069000 08:09 3806279                    /usr/lib/jvm/java-8-oracle/jre/lib/amd64/libt2k.so
7f6064671000-7f6064678000 rw-p 00069000 08:09 3806279                    /usr/lib/jvm/java-8-oracle/jre/lib/amd64/libt2k.so
7f6064678000-7f6064888000 rw-p 00000000 00:00 0 
7f6064888000-7f606488b000 ---p 00000000 00:00 0 
7f606488b000-7f6064989000 rw-p 00000000 00:00 0                          [stack:20153]
7f6064989000-7f606498c000 ---p 00000000 00:00 0 
7f606498c000-7f6064c8a000 rw-p 00000000 00:00 0                          [stack:20152]
7f6064c8a000-7f6064c8f000 r-xp 00000000 08:09 3417122                    /usr/lib/x86_64-linux-gnu/libXfixes.so.3.1.0
7f6064c8f000-7f6064e8e000 ---p 00005000 08:09 3417122                    /usr/lib/x86_64-linux-gnu/libXfixes.so.3.1.0
7f6064e8e000-7f6064e8f000 r--p 00004000 08:09 3417122                    /usr/lib/x86_64-linux-gnu/libXfixes.so.3.1.0
7f6064e8f000-7f6064e90000 rw-p 00005000 08:09 3417122                    /usr/lib/x86_64-linux-gnu/libXfixes.so.3.1.0
7f6064e90000-7f6064e99000 r-xp 00000000 08:09 3417114                    /usr/lib/x86_64-linux-gnu/libXcursor.so.1.0.2
7f6064e99000-7f6065098000 ---p 00009000 08:09 3417114                    /usr/lib/x86_64-linux-gnu/libXcursor.so.1.0.2
7f6065098000-7f6065099000 r--p 00008000 08:09 3417114                    /usr/lib/x86_64-linux-gnu/libXcursor.so.1.0.2
7f6065099000-7f606509a000 rw-p 00009000 08:09 3417114                    /usr/lib/x86_64-linux-gnu/libXcursor.so.1.0.2
7f606509a000-7f606509b000 ---p 00000000 00:00 0 
7f606509b000-7f606589b000 rw-p 00000000 00:00 0                          [stack:20150]
7f606589b000-7f606589c000 ---p 00000000 00:00 0 
7f606589c000-7f606609c000 rw-p 00000000 00:00 0                          [stack:20149]
7f606609c000-7f606609d000 ---p 00000000 00:00 0 
7f606609d000-7f606689d000 rw-p 00000000 00:00 0                          [stack:20148]
7f606689d000-7f60677e0000 r-xp 00000000 08:09 2623201                    /tmp/xuggle/xuggle3125535435804801181.tmp (deleted)
7f60677e0000-7f60679e0000 ---p 00f43000 08:09 2623201                    /tmp/xuggle/xuggle3125535435804801181.tmp (deleted)
7f60679e0000-7f6067a3b000 r--p 00f43000 08:09 2623201                    /tmp/xuggle/xuggle3125535435804801181.tmp (deleted)
7f6067a3b000-7f6067a75000 rw-p 00f9e000 08:09 2623201                    /tmp/xuggle/xuggle3125535435804801181.tmp (deleted)
7f6067a75000-7f6068000000 rw-p 00000000 00:00 0 
7f6068000000-7f6068021000 rw-p 00000000 00:00 0 
7f6068021000-7f606c000000 ---p 00000000 00:00 0 
7f606c000000-7f606c021000 rw-p 00000000 00:00 0 
7f606c021000-7f6070000000 ---p 00000000 00:00 0 
7f6070000000-7f6070021000 rw-p 00000000 00:00 0 
7f6070021000-7f6074000000 ---p 00000000 00:00 0 
7f6074000000-7f6074021000 rw-p 00000000 00:00 0 
7f6074021000-7f6078000000 ---p 00000000 00:00 0 
7f6078000000-7f607942f000 rw-p 00000000 00:00 0 
7f607942f000-7f607c000000 ---p 00000000 00:00 0 
7f607c000000-7f607c762000 rw-p 00000000 00:00 0 
7f607c762000-7f6080000000 ---p 00000000 00:00 0 
7f6080000000-7f6080021000 rw-p 00000000 00:00 0 
7f6080021000-7f6084000000 ---p 00000000 00:00 0 
7f6084000000-7f60859f3000 rw-p 00000000 00:00 0 
7f60859f3000-7f6088000000 ---p 00000000 00:00 0 
7f6088000000-7f6088021000 rw-p 00000000 00:00 0 
7f6088021000-7f608c000000 ---p 00000000 00:00 0 
7f608c000000-7f608c021000 rw-p 00000000 00:00 0 
7f608c021000-7f6090000000 ---p 00000000 00:00 0 
7f6090000000-7f6090021000 rw-p 00000000 00:00 0 
7f6090021000-7f6094000000 ---p 00000000 00:00 0 
7f6094000000-7f609428b000 rw-p 00000000 00:00 0 
7f609428b000-7f6098000000 ---p 00000000 00:00 0 
7f6098000000-7f6098021000 rw-p 00000000 00:00 0 
7f6098021000-7f609c000000 ---p 00000000 00:00 0 
7f609c051000-7f609c06d000 r--s 00393000 08:09 3810750                    /usr/lib/jvm/java-8-oracle/jre/lib/ext/cldrdata.jar
7f609c06d000-7f609c070000 ---p 00000000 00:00 0 
7f609c070000-7f609c16e000 rw-p 00000000 00:00 0                          [stack:20151]
7f609c16e000-7f609c16f000 ---p 00000000 00:00 0 
7f609c16f000-7f609c96f000 rw-p 00000000 00:00 0                          [stack:20147]
7f609c96f000-7f609c970000 ---p 00000000 00:00 0 
7f609c970000-7f609d170000 rw-p 00000000 00:00 0                          [stack:20146]
7f609d170000-7f609d2e3000 r-xp 00000000 08:09 3418083                    /usr/lib/x86_64-linux-gnu/libstdc++.so.6.0.21
7f609d2e3000-7f609d4e2000 ---p 00173000 08:09 3418083                    /usr/lib/x86_64-linux-gnu/libstdc++.so.6.0.21
7f609d4e2000-7f609d4ec000 r--p 00172000 08:09 3418083                    /usr/lib/x86_64-linux-gnu/libstdc++.so.6.0.21
7f609d4ec000-7f609d4ee000 rw-p 0017c000 08:09 3418083                    /usr/lib/x86_64-linux-gnu/libstdc++.so.6.0.21
7f609d4ee000-7f609d6f2000 rw-p 00000000 00:00 0 
7f609d6f2000-7f609d8f2000 rw-p 00000000 00:00 0 
7f609d8f2000-7f609d908000 r-xp 00000000 08:09 3543491                    /lib/x86_64-linux-gnu/libgcc_s.so.1
7f609d908000-7f609db07000 ---p 00016000 08:09 3543491                    /lib/x86_64-linux-gnu/libgcc_s.so.1
7f609db07000-7f609db08000 r--p 00015000 08:09 3543491                    /lib/x86_64-linux-gnu/libgcc_s.so.1
7f609db08000-7f609db09000 rw-p 00016000 08:09 3543491                    /lib/x86_64-linux-gnu/libgcc_s.so.1
7f609db22000-7f609db87000 r-xp 00000000 08:09 3806280                    /usr/lib/jvm/java-8-oracle/jre/lib/amd64/libfontmanager.so
7f609db87000-7f609dd86000 ---p 00065000 08:09 3806280                    /usr/lib/jvm/java-8-oracle/jre/lib/amd64/libfontmanager.so
7f609dd86000-7f609dd8b000 rw-p 00064000 08:09 3806280                    /usr/lib/jvm/java-8-oracle/jre/lib/amd64/libfontmanager.so
7f609dd8b000-7f609dd9b000 rw-p 00000000 00:00 0 
7f609dd9b000-7f609dd9e000 ---p 00000000 00:00 0 
7f609dd9e000-7f609de9c000 rw-p 00000000 00:00 0                          [stack:20142]
7f609de9c000-7f609dead000 r-xp 00000000 08:09 3810728                    /usr/lib/jvm/java-8-oracle/jre/lib/amd64/libnio.so
7f609dead000-7f609e0ac000 ---p 00011000 08:09 3810728                    /usr/lib/jvm/java-8-oracle/jre/lib/amd64/libnio.so
7f609e0ac000-7f609e0ad000 rw-p 00010000 08:09 3810728                    /usr/lib/jvm/java-8-oracle/jre/lib/amd64/libnio.so
7f609e0ad000-7f609e0b2000 r-xp 00000000 08:09 3417118                    /usr/lib/x86_64-linux-gnu/libXdmcp.so.6.0.0
7f609e0b2000-7f609e2b1000 ---p 00005000 08:09 3417118                    /usr/lib/x86_64-linux-gnu/libXdmcp.so.6.0.0
7f609e2b1000-7f609e2b2000 r--p 00004000 08:09 3417118                    /usr/lib/x86_64-linux-gnu/libXdmcp.so.6.0.0
7f609e2b2000-7f609e2b3000 rw-p 00005000 08:09 3417118                    /usr/lib/x86_64-linux-gnu/libXdmcp.so.6.0.0
7f609e2b3000-7f609e2b5000 r-xp 00000000 08:09 3417107                    /usr/lib/x86_64-linux-gnu/libXau.so.6.0.0
7f609e2b5000-7f609e4b5000 ---p 00002000 08:09 3417107                    /usr/lib/x86_64-linux-gnu/libXau.so.6.0.0
7f609e4b5000-7f609e4b6000 r--p 00002000 08:09 3417107                    /usr/lib/x86_64-linux-gnu/libXau.so.6.0.0
7f609e4b6000-7f609e4b7000 rw-p 00003000 08:09 3417107                    /usr/lib/x86_64-linux-gnu/libXau.so.6.0.0
7f609e4b7000-7f609e4d7000 r-xp 00000000 08:09 3418301                    /usr/lib/x86_64-linux-gnu/libxcb.so.1.1.0
7f609e4d7000-7f609e6d6000 ---p 00020000 08:09 3418301                    /usr/lib/x86_64-linux-gnu/libxcb.so.1.1.0
7f609e6d6000-7f609e6d7000 r--p 0001f000 08:09 3418301                    /usr/lib/x86_64-linux-gnu/libxcb.so.1.1.0
7f609e6d7000-7f609e6d8000 rw-p 00020000 08:09 3418301                    /usr/lib/x86_64-linux-gnu/libxcb.so.1.1.0
7f609e6d8000-7f609e6e7000 r-xp 00000000 08:09 3417128                    /usr/lib/x86_64-linux-gnu/libXi.so.6.1.0
7f609e6e7000-7f609e8e6000 ---p 0000f000 08:09 3417128                    /usr/lib/x86_64-linux-gnu/libXi.so.6.1.0
7f609e8e6000-7f609e8e7000 r--p 0000e000 08:09 3417128                    /usr/lib/x86_64-linux-gnu/libXi.so.6.1.0
7f609e8e7000-7f609e8e8000 rw-p 0000f000 08:09 3417128                    /usr/lib/x86_64-linux-gnu/libXi.so.6.1.0
7f609e8e8000-7f609e8ed000 r-xp 00000000 08:09 3417146                    /usr/lib/x86_64-linux-gnu/libXtst.so.6.1.0
7f609e8ed000-7f609eaec000 ---p 00005000 08:09 3417146                    /usr/lib/x86_64-linux-gnu/libXtst.so.6.1.0
7f609eaec000-7f609eaed000 r--p 00004000 08:09 3417146                    /usr/lib/x86_64-linux-gnu/libXtst.so.6.1.0
7f609eaed000-7f609eaee000 rw-p 00005000 08:09 3417146                    /usr/lib/x86_64-linux-gnu/libXtst.so.6.1.0
7f609eaee000-7f609eaf7000 r-xp 00000000 08:09 3417140                    /usr/lib/x86_64-linux-gnu/libXrender.so.1.3.0
7f609eaf7000-7f609ecf6000 ---p 00009000 08:09 3417140                    /usr/lib/x86_64-linux-gnu/libXrender.so.1.3.0
7f609ecf6000-7f609ecf7000 r--p 00008000 08:09 3417140                    /usr/lib/x86_64-linux-gnu/libXrender.so.1.3.0
7f609ecf7000-7f609ecf8000 rw-p 00009000 08:09 3417140                    /usr/lib/x86_64-linux-gnu/libXrender.so.1.3.0
7f609ecf8000-7f609ee2d000 r-xp 00000000 08:09 3417103                    /usr/lib/x86_64-linux-gnu/libX11.so.6.3.0
7f609ee2d000-7f609f02d000 ---p 00135000 08:09 3417103                    /usr/lib/x86_64-linux-gnu/libX11.so.6.3.0
7f609f02d000-7f609f02e000 r--p 00135000 08:09 3417103                    /usr/lib/x86_64-linux-gnu/libX11.so.6.3.0
7f609f02e000-7f609f032000 rw-p 00136000 08:09 3417103                    /usr/lib/x86_64-linux-gnu/libX11.so.6.3.0
7f609f032000-7f609f043000 r-xp 00000000 08:09 3417120                    /usr/lib/x86_64-linux-gnu/libXext.so.6.4.0
7f609f043000-7f609f242000 ---p 00011000 08:09 3417120                    /usr/lib/x86_64-linux-gnu/libXext.so.6.4.0
7f609f242000-7f609f243000 r--p 00010000 08:09 3417120                    /usr/lib/x86_64-linux-gnu/libXext.so.6.4.0
7f609f243000-7f609f244000 rw-p 00011000 08:09 3417120                    /usr/lib/x86_64-linux-gnu/libXext.so.6.4.0
7f609f24c000-7f609f256000 r--s 00116000 08:09 3810743                    /usr/lib/jvm/java-8-oracle/jre/lib/ext/localedata.jar
7f609f256000-7f609f259000 r--s 0001a000 08:09 3676206                    /usr/lib/jvm/java-8-oracle/jre/lib/jce.jar
7f609f259000-7f609f25d000 r--s 00097000 08:09 3676216                    /usr/lib/jvm/java-8-oracle/jre/lib/jsse.jar
7f609f25d000-7f609f2b1000 r-xp 00000000 08:09 3810715                    /usr/lib/jvm/java-8-oracle/jre/lib/amd64/libawt_xawt.so
7f609f2b1000-7f609f4b1000 ---p 00054000 08:09 3810715                    /usr/lib/jvm/java-8-oracle/jre/lib/amd64/libawt_xawt.so
7f609f4b1000-7f609f4b5000 rw-p 00054000 08:09 3810715                    /usr/lib/jvm/java-8-oracle/jre/lib/amd64/libawt_xawt.so
7f609f4b5000-7f609f4b6000 rw-p 00000000 00:00 0 
7f609f4b6000-7f609f558000 r-xp 00000000 08:09 3810722                    /usr/lib/jvm/java-8-oracle/jre/lib/amd64/libawt.so
7f609f558000-7f609f758000 ---p 000a2000 08:09 3810722                    /usr/lib/jvm/java-8-oracle/jre/lib/amd64/libawt.so
7f609f758000-7f609f764000 rw-p 000a2000 08:09 3810722                    /usr/lib/jvm/java-8-oracle/jre/lib/amd64/libawt.so
7f609f764000-7f609fa89000 rw-p 00000000 00:00 0 
7f609fa89000-7f609fa9f000 r-xp 00000000 08:09 3801689                    /usr/lib/jvm/java-8-oracle/jre/lib/amd64/libnet.so
7f609fa9f000-7f609fc9f000 ---p 00016000 08:09 3801689                    /usr/lib/jvm/java-8-oracle/jre/lib/amd64/libnet.so
7f609fc9f000-7f609fca0000 rw-p 00016000 08:09 3801689                    /usr/lib/jvm/java-8-oracle/jre/lib/amd64/libnet.so
7f609fca0000-7f609fca3000 ---p 00000000 00:00 0 
7f609fca3000-7f609fda1000 rw-p 00000000 00:00 0                          [stack:20135]
7f609fda1000-7f609fda2000 r-xp 00000000 08:09 2894376                    /home/marmik2621/Downloads/idea-IC-162.2228.15/bin/libbreakgen64.so
7f609fda2000-7f609ffa1000 ---p 00001000 08:09 2894376                    /home/marmik2621/Downloads/idea-IC-162.2228.15/bin/libbreakgen64.so
7f609ffa1000-7f609ffa2000 r--p 00000000 08:09 2894376                    /home/marmik2621/Downloads/idea-IC-162.2228.15/bin/libbreakgen64.so
7f609ffa2000-7f609ffa3000 rw-p 00001000 08:09 2894376                    /home/marmik2621/Downloads/idea-IC-162.2228.15/bin/libbreakgen64.so
7f609ffa3000-7f609ffa5000 r--s 0001e000 08:09 2883637                    /home/marmik2621/Downloads/idea-IC-162.2228.15/lib/idea_rt.jar
7f609ffa5000-7f609ffac000 r--s 00063000 08:09 4229391                    /home/marmik2621/.m2/repository/com/google/zxing/core/2.0/core-2.0.jar
7f609ffac000-7f609ffae000 r--s 00007000 08:09 3829991                    /home/marmik2621/.m2/repository/com/google/zxing/javase/2.0/javase-2.0.jar
7f609ffae000-7f609ffb0000 r--s 00072000 08:09 1597266                    /home/marmik2621/.m2/repository/org/openimaj/hardware/kinect/1.3.5/kinect-1.3.5.jar
7f609ffb0000-7f609ffcf000 r--s 00138000 08:09 1837686                    /home/marmik2621/.m2/repository/bouncycastle/bcprov-jdk14/136/bcprov-jdk14-136.jar
7f609ffcf000-7f609ffd4000 r--s 0002a000 08:09 1837685                    /home/marmik2621/.m2/repository/bouncycastle/bcmail-jdk14/136/bcmail-jdk14-136.jar
7f609ffd4000-7f609ffdf000 r--s 000f6000 08:09 806208                     /home/marmik2621/.m2/repository/com/lowagie/itext/2.1.0/itext-2.1.0.jar
7f609ffdf000-7f609fff1000 r--s 000f6000 08:09 1461843                    /home/marmik2621/.m2/repository/org/xhtmlrenderer/core-renderer/R8pre2/core-renderer-R8pre2.jar
7f609fff1000-7f609fff3000 r--s 00015000 08:09 4606809                    /home/marmik2621/.m2/repository/com/uwyn/jhighlight/1.0/jhighlight-1.0.jar
7f609fff3000-7f609fff7000 r--s 0000f000 08:09 4096752                    /home/marmik2621/.m2/repository/com/google/code/findbugs/annotations/2.0.1/annotations-2.0.1.jar
7f609fff7000-7f60a0000000 r--s 000ae000 08:09 1461841                    /home/marmik2621/.m2/repository/org/javassist/javassist/3.19.0-GA/javassist-3.19.0-GA.jar
7f60a0000000-7f60a0021000 rw-p 00000000 00:00 0 
7f60a0021000-7f60a4000000 ---p 00000000 00:00 0 
7f60a4000000-7f60a4001000 rw-p 00000000 00:00 0 
7f60a4001000-7f60a4004000 r--s 0001d000 08:09 1461840                    /home/marmik2621/.m2/repository/org/reflections/reflections/0.9.10/reflections-0.9.10.jar
7f60a4004000-7f60a4006000 r--s 00020000 08:09 1837572                    /home/marmik2621/.m2/repository/org/jogamp/jogl/jogl-all/2.0-rc11/jogl-all-2.0-rc11-natives-windows-i586.jar
7f60a4006000-7f60a4007000 r--s 0001b000 08:09 1837568                    /home/marmik2621/.m2/repository/org/jogamp/jogl/jogl-all/2.0-rc11/jogl-all-2.0-rc11-natives-windows-amd64.jar
7f60a4007000-7f60a4008000 r--s 0001b000 08:09 1837567                    /home/marmik2621/.m2/repository/org/jogamp/jogl/jogl-all/2.0-rc11/jogl-all-2.0-rc11-natives-solaris-i586.jar
7f60a4008000-7f60a4009000 r--s 00023000 08:09 1837566                    /home/marmik2621/.m2/repository/org/jogamp/jogl/jogl-all/2.0-rc11/jogl-all-2.0-rc11-natives-solaris-amd64.jar
7f60a4009000-7f60a400a000 r--s 00050000 08:09 1837561                    /home/marmik2621/.m2/repository/org/jogamp/jogl/jogl-all/2.0-rc11/jogl-all-2.0-rc11-natives-macosx-universal.jar
7f60a400a000-7f60a400b000 r--s 00023000 08:09 1837560                    /home/marmik2621/.m2/repository/org/jogamp/jogl/jogl-all/2.0-rc11/jogl-all-2.0-rc11-natives-linux-i586.jar
7f60a400b000-7f60a400c000 r--s 0001a000 08:09 1837559                    /home/marmik2621/.m2/repository/org/jogamp/jogl/jogl-all/2.0-rc11/jogl-all-2.0-rc11-natives-linux-armv6hf.jar
7f60a400c000-7f60a400d000 r--s 0001a000 08:09 1837558                    /home/marmik2621/.m2/repository/org/jogamp/jogl/jogl-all/2.0-rc11/jogl-all-2.0-rc11-natives-linux-armv6.jar
7f60a400d000-7f60a400e000 r--s 00023000 08:09 1837553                    /home/marmik2621/.m2/repository/org/jogamp/jogl/jogl-all/2.0-rc11/jogl-all-2.0-rc11-natives-linux-amd64.jar
7f60a400e000-7f60a400f000 r--s 00008000 08:09 1837552                    /home/marmik2621/.m2/repository/org/jogamp/jogl/jogl-all/2.0-rc11/jogl-all-2.0-rc11-natives-android-armv6.jar
7f60a400f000-7f60a402b000 r--s 00488000 08:09 1837563                    /home/marmik2621/.m2/repository/org/jogamp/jogl/jogl-all/2.0-rc11/jogl-all-2.0-rc11.jar
7f60a402b000-7f60a402c000 r--s 00000000 08:09 1837549                    /home/marmik2621/.m2/repository/org/jogamp/jogl/jogl-all-main/2.0-rc11/jogl-all-main-2.0-rc11.jar
7f60a402c000-7f60a402d000 r--s 00001000 08:09 1837546                    /home/marmik2621/.m2/repository/org/jogamp/gluegen/gluegen-rt/2.0-rc11/gluegen-rt-2.0-rc11-natives-windows-i586.jar
7f60a402d000-7f60a402e000 r--s 00001000 08:09 1837547                    /home/marmik2621/.m2/repository/org/jogamp/gluegen/gluegen-rt/2.0-rc11/gluegen-rt-2.0-rc11-natives-windows-amd64.jar
7f60a402e000-7f60a402f000 r--s 00000000 08:09 1837542                    /home/marmik2621/.m2/repository/org/jogamp/gluegen/gluegen-rt/2.0-rc11/gluegen-rt-2.0-rc11-natives-solaris-i586.jar
7f60a402f000-7f60a4030000 r--s 00000000 08:09 1837541                    /home/marmik2621/.m2/repository/org/jogamp/gluegen/gluegen-rt/2.0-rc11/gluegen-rt-2.0-rc11-natives-solaris-amd64.jar
7f60a4030000-7f60a4031000 r--s 00000000 08:09 1837540                    /home/marmik2621/.m2/repository/org/jogamp/gluegen/gluegen-rt/2.0-rc11/gluegen-rt-2.0-rc11-natives-macosx-universal.jar
7f60a4031000-7f60a4032000 r--s 00000000 08:09 1837536                    /home/marmik2621/.m2/repository/org/jogamp/gluegen/gluegen-rt/2.0-rc11/gluegen-rt-2.0-rc11-natives-linux-i586.jar
7f60a4032000-7f60a4033000 r--s 00000000 08:09 1837535                    /home/marmik2621/.m2/repository/org/jogamp/gluegen/gluegen-rt/2.0-rc11/gluegen-rt-2.0-rc11-natives-linux-armv6hf.jar
7f60a4033000-7f60a4034000 r--s 00000000 08:09 1837532                    /home/marmik2621/.m2/repository/org/jogamp/gluegen/gluegen-rt/2.0-rc11/gluegen-rt-2.0-rc11-natives-linux-armv6.jar
7f60a4034000-7f60a4035000 r--s 00000000 08:09 1837531                    /home/marmik2621/.m2/repository/org/jogamp/gluegen/gluegen-rt/2.0-rc11/gluegen-rt-2.0-rc11-natives-linux-amd64.jar
7f60a4035000-7f60a4036000 r--s 00001000 08:09 1837529                    /home/marmik2621/.m2/repository/org/jogamp/gluegen/gluegen-rt/2.0-rc11/gluegen-rt-2.0-rc11-natives-android-armv6.jar
7f60a4036000-7f60a403b000 r--s 00030000 08:09 1837528                    /home/marmik2621/.m2/repository/org/jogamp/gluegen/gluegen-rt/2.0-rc11/gluegen-rt-2.0-rc11.jar
7f60a403b000-7f60a403c000 r--s 00000000 08:09 1837526                    /home/marmik2621/.m2/repository/org/jogamp/gluegen/gluegen-rt-main/2.0-rc11/gluegen-rt-main-2.0-rc11.jar
7f60a403c000-7f60a403f000 r--s 00123000 08:09 1837524                    /home/marmik2621/.m2/repository/org/openimaj/content/visualisations/1.3.5/visualisations-1.3.5.jar
7f60a403f000-7f60a4045000 r--s 00037000 08:09 3568793                    /home/marmik2621/.m2/repository/ch/qos/logback/logback-classic/1.0.0/logback-classic-1.0.0.jar
7f60a4045000-7f60a404d000 r--s 00049000 08:09 3568792                    /home/marmik2621/.m2/repository/ch/qos/logback/logback-core/1.0.0/logback-core-1.0.0.jar
7f60a404d000-7f60a404e000 r--s 00008000 08:09 3952640                    /home/marmik2621/.m2/repository/commons-cli/commons-cli/1.1/commons-cli-1.1.jar
7f60a404e000-7f60a4055000 r--s 02511000 08:09 1837598                    /home/marmik2621/.m2/repository/xuggle/xuggle-xuggler-lgpl/5.5-20140728/xuggle-xuggler-lgpl-5.5-20140728.jar
7f60a4055000-7f60a4057000 r--s 00004000 08:09 1837518                    /home/marmik2621/.m2/repository/org/openimaj/xuggle-video/1.3.5/xuggle-video-1.3.5.jar
7f60a4057000-7f60a405d000 r--s 0003f000 08:09 1837512                    /home/marmik2621/.m2/repository/org/openimaj/image-feature-extraction/1.3.5/image-feature-extraction-1.3.5.jar
7f60a405d000-7f60a4063000 r--s 0003d000 08:09 1837510                    /home/marmik2621/.m2/repository/org/openimaj/image-local-features/1.3.5/image-local-features-1.3.5.jar
7f60a4063000-7f60a406b000 r--s 0004d000 08:09 1837506                    /home/marmik2621/.m2/repository/org/openimaj/clustering/1.3.5/clustering-1.3.5.jar
7f60a406b000-7f60a4073000 r--s 00043000 08:09 1837471                    /home/marmik2621/.m2/repository/org/openimaj/image-processing/1.3.5/image-processing-1.3.5.jar
7f60a4073000-7f60a4076000 r--s 00214000 08:09 1348358                    /home/marmik2621/.m2/repository/org/openimaj/object-detection/1.3.5/object-detection-1.3.5.jar
7f60a4076000-7f60a407b000 r--s 0026a000 08:09 806206                     /home/marmik2621/.m2/repository/org/openimaj/faces/1.3.5/faces-1.3.5.jar
7f60a407b000-7f60a407d000 r--s 0000d000 08:09 1837519                    /home/marmik2621/.m2/repository/tw/edu/ntu/csie/libsvm/3.1/libsvm-3.1.jar
7f60a407d000-7f60a407f000 r--s 00017000 08:09 1837596                    /home/marmik2621/.m2/repository/de/bwaldvogel/liblinear-dense/1.92/liblinear-dense-1.92.jar
7f60a407f000-7f60a408f000 r--s 0007c000 08:09 3031417                    /home/marmik2621/.m2/repository/joda-time/joda-time/2.1/joda-time-2.1.jar
7f60a408f000-7f60a4097000 r--s 00043000 08:09 1837516                    /home/marmik2621/.m2/repository/org/openimaj/machine-learning/1.3.5/machine-learning-1.3.5.jar
7f60a4097000-7f60a40ab000 r--s 00130000 08:09 1837599                    /home/marmik2621/.m2/repository/jmir/jaudio/1.0.4/jaudio-1.0.4.jar
7f60a40ab000-7f60a40b6000 r--s 000b9000 08:09 1837505                    /home/marmik2621/.m2/repository/org/openimaj/JTransforms/1.3.5/JTransforms-1.3.5.jar
7f60a40b6000-7f60a40b8000 r--s 00003000 08:09 1837594                    /home/marmik2621/.m2/repository/org/bethecoder/ascii-table/1.0/ascii-table-1.0.jar
7f60a40b8000-7f60a40bd000 r--s 00048000 08:09 1837502                    /home/marmik2621/.m2/repository/dom4j/dom4j/1.6.1/dom4j-1.6.1.jar
7f60a40bd000-7f60a40bf000 r--s 00005000 08:09 4478462                    /home/marmik2621/.m2/repository/org/apache/geronimo/specs/geronimo-stax-api_1.0_spec/1.0/geronimo-stax-api_1.0_spec-1.0.jar
7f60a40bf000-7f60a40c1000 r--s 00005000 08:09 4350690                    /home/marmik2621/.m2/repository/stax/stax-api/1.0.1/stax-api-1.0.1.jar
7f60a40c1000-7f60a40fe000 r--s 0024f000 08:09 1837500                    /home/marmik2621/.m2/repository/org/apache/xmlbeans/xmlbeans/2.3.0/xmlbeans-2.3.0.jar
7f60a40fe000-7f60a417d000 r--s 0034a000 08:09 1837498                    /home/marmik2621/.m2/repository/org/apache/poi/poi-ooxml-schemas/3.7/poi-ooxml-schemas-3.7.jar
7f60a417d000-7f60a419a000 r--s 0017c000 08:09 1837497                    /home/marmik2621/.m2/repository/org/apache/poi/poi/3.7/poi-3.7.jar
7f60a419a000-7f60a41a1000 r--s 00073000 08:09 1837495                    /home/marmik2621/.m2/repository/org/apache/poi/poi-ooxml/3.7/poi-ooxml-3.7.jar
7f60a41a1000-7f60a41b1000 r--s 000c4000 08:09 4095500                    /home/marmik2621/.m2/repository/org/codehaus/castor/castor/1.2/castor-1.2.jar
7f60a41b1000-7f60a41d5000 r--s 00341000 08:09 1837493                    /home/marmik2621/.m2/repository/eclipse/jdtcore/3.1.0/jdtcore-3.1.0.jar
7f60a41d5000-7f60a41db000 r--s 0002b000 08:09 686536                     /home/marmik2621/.m2/repository/commons-digester/commons-digester/2.1/commons-digester-2.1.jar
7f60a41db000-7f60a41e1000 r--s 00023000 08:09 549464                     /home/marmik2621/.m2/repository/commons-collections/commons-collections/2.1/commons-collections-2.1.jar
7f60a41e1000-7f60a41e6000 r--s 00034000 08:09 549463                     /home/marmik2621/.m2/repository/commons-beanutils/commons-beanutils/1.8.0/commons-beanutils-1.8.0.jar
7f60a41e6000-7f60a422b000 r--s 00383000 08:09 1837482                    /home/marmik2621/.m2/repository/net/sf/jasperreports/jasperreports/4.6.0/jasperreports-4.6.0.jar
7f60a422b000-7f60a4235000 r--s 0006e000 08:09 1837480                    /home/marmik2621/.m2/repository/jfree/jcommon/1.0.16/jcommon-1.0.16.jar
7f60a4235000-7f60a4246000 r--s 0014c000 08:09 1837478                    /home/marmik2621/.m2/repository/jfree/jfreechart/1.0.13/jfreechart-1.0.13.jar
7f60a4246000-7f60a4248000 r--s 00005000 08:09 549461                     /home/marmik2621/.m2/repository/com/googlecode/jatl/jatl/0.2.1/jatl-0.2.1.jar
7f60a4248000-7f60a425b000 r--s 000df000 08:09 3952638                    /home/marmik2621/.m2/repository/org/apache/commons/commons-math/2.2/commons-math-2.2.jar
7f60a425b000-7f60a4260000 r--s 00023000 08:09 1837472                    /home/marmik2621/.m2/repository/org/openimaj/core-experiment/1.3.5/core-experiment-1.3.5.jar
7f60a4260000-7f60a8000000 rw-p 00000000 00:00 0 
7f60a8000000-7f60a8021000 rw-p 00000000 00:00 0 
7f60a8021000-7f60ac000000 ---p 00000000 00:00 0 
7f60ac000000-7f60ac001000 r--s 0008b000 08:09 1348359                    /home/marmik2621/.m2/repository/org/openimaj/FaceTracker/1.3.5/FaceTracker-1.3.5.jar
7f60ac001000-7f60ac003000 r--s 00004000 08:09 1837475                    /home/marmik2621/.m2/repository/org/openimaj/IREval/1.3.5/IREval-1.3.5.jar
7f60ac003000-7f60ac006000 r--s 00011000 08:09 1837525                    /home/marmik2621/.m2/repository/org/openimaj/audio-processing/1.3.5/audio-processing-1.3.5.jar
7f60ac006000-7f60ac010000 r--s 0008a000 08:09 4096299                    /home/marmik2621/.m2/repository/org/apache/zookeeper/zookeeper/3.3.4/zookeeper-3.3.4.jar
7f60ac010000-7f60ac017000 r--s 00050000 08:09 5021970                    /home/marmik2621/.m2/repository/org/apache/solr/solr-solrj/4.0.0-ALPHA/solr-solrj-4.0.0-ALPHA.jar
7f60ac017000-7f60ac019000 r--s 00005000 08:09 3672838                    /home/marmik2621/.m2/repository/org/slf4j/slf4j-api/1.6.4/slf4j-api-1.6.4.jar
7f60ac019000-7f60ac020000 r--s 00079000 08:09 5021969                    /home/marmik2621/.m2/repository/org/codehaus/woodstox/wstx-asl/3.2.7/wstx-asl-3.2.7.jar
7f60ac020000-7f60ac022000 r--s 00003000 08:09 5392352                    /home/marmik2621/.m2/repository/org/slf4j/jcl-over-slf4j/1.6.4/jcl-over-slf4j-1.6.4.jar
7f60ac022000-7f60ac024000 r--s 00005000 08:09 686564                     /home/marmik2621/.m2/repository/org/apache/httpcomponents/httpmime/4.1.3/httpmime-4.1.3.jar
7f60ac024000-7f60ac027000 r--s 0000c000 08:09 3154599                    /home/marmik2621/.m2/repository/commons-fileupload/commons-fileupload/1.2.1/commons-fileupload-1.2.1.jar
7f60ac027000-7f60ac02c000 r--s 0002b000 08:09 4742716                    /home/marmik2621/.m2/repository/org/apache/lucene/lucene-queries/4.0.0-ALPHA/lucene-queries-4.0.0-ALPHA.jar
7f60ac02c000-7f60ac031000 r--s 00024000 08:09 1348355                    /home/marmik2621/.m2/repository/org/apache/lucene/lucene-grouping/4.0.0-ALPHA/lucene-grouping-4.0.0-ALPHA.jar
7f60ac031000-7f60ac034000 r--s 0001b000 08:09 1348354                    /home/marmik2621/.m2/repository/org/apache/lucene/lucene-suggest/4.0.0-ALPHA/lucene-suggest-4.0.0-ALPHA.jar
7f60ac034000-7f60ac037000 r--s 0000f000 08:09 5021967                    /home/marmik2621/.m2/repository/com/spatial4j/spatial4j/0.2/spatial4j-0.2.jar
7f60ac037000-7f60ac039000 r--s 0000f000 08:09 1348351                    /home/marmik2621/.m2/repository/org/apache/lucene/lucene-spatial/4.0.0-ALPHA/lucene-spatial-4.0.0-ALPHA.jar
7f60ac039000-7f60ac042000 r--s 00055000 08:09 1348349                    /home/marmik2621/.m2/repository/org/apache/lucene/lucene-queryparser/4.0.0-ALPHA/lucene-queryparser-4.0.0-ALPHA.jar
7f60ac042000-7f60ac043000 r--s 0000d000 08:09 1348348                    /home/marmik2621/.m2/repository/org/apache/lucene/lucene-misc/4.0.0-ALPHA/lucene-misc-4.0.0-ALPHA.jar
7f60ac043000-7f60ac045000 r--s 00008000 08:09 4606807                    /home/marmik2621/.m2/repository/org/apache/lucene/lucene-memory/4.0.0-ALPHA/lucene-memory-4.0.0-ALPHA.jar
7f60ac045000-7f60ac047000 r--s 00016000 08:09 4478499                    /home/marmik2621/.m2/repository/org/apache/lucene/lucene-highlighter/4.0.0-ALPHA/lucene-highlighter-4.0.0-ALPHA.jar
7f60ac047000-7f60ac049000 r--s 00003000 08:09 1084637                    /home/marmik2621/.m2/repository/org/apache/lucene/lucene-analyzers-phonetic/4.0.0-ALPHA/lucene-analyzers-phonetic-4.0.0-ALPHA.jar
7f60ac049000-7f60ac04b000 r--s 0000c000 08:09 1084634                    /home/marmik2621/.m2/repository/org/carrot2/morfologik-fsa/1.5.2/morfologik-fsa-1.5.2.jar
7f60ac04b000-7f60ac04d000 r--s 00003000 08:09 1084632                    /home/marmik2621/.m2/repository/org/carrot2/morfologik-stemming/1.5.2/morfologik-stemming-1.5.2.jar
7f60ac04d000-7f60ac04e000 r--s 0036a000 08:09 1084635                    /home/marmik2621/.m2/repository/org/carrot2/morfologik-polish/1.5.2/morfologik-polish-1.5.2.jar
7f60ac04e000-7f60ac050000 r--s 00003000 08:09 952418                     /home/marmik2621/.m2/repository/org/apache/lucene/lucene-analyzers-morfologik/4.0.0-ALPHA/lucene-analyzers-morfologik-4.0.0-ALPHA.jar
7f60ac050000-7f60ac052000 r--s 00453000 08:09 952420                     /home/marmik2621/.m2/repository/org/apache/lucene/lucene-analyzers-kuromoji/4.0.0-ALPHA/lucene-analyzers-kuromoji-4.0.0-ALPHA.jar
7f60ac052000-7f60ac05e000 r--s 00143000 08:09 952417                     /home/marmik2621/.m2/repository/org/apache/lucene/lucene-analyzers-common/4.0.0-ALPHA/lucene-analyzers-common-4.0.0-ALPHA.jar
7f60ac05e000-7f60ac083000 r--s 001f0000 08:09 5021965                    /home/marmik2621/.m2/repository/org/apache/lucene/lucene-core/4.0.0-ALPHA/lucene-core-4.0.0-ALPHA.jar
7f60ac083000-7f60ac0a0000 r--s 001b9000 08:09 4886866                    /home/marmik2621/.m2/repository/org/apache/solr/solr-core/4.0.0-ALPHA/solr-core-4.0.0-ALPHA.jar
7f60ac0a0000-7f60ac0a2000 r--s 00018000 08:09 4226698                    /home/marmik2621/.m2/repository/javax/servlet/servlet-api/2.5/servlet-api-2.5.jar
7f60ac0a2000-7f60ac0a5000 r--s 00023000 08:09 4886864                    /home/marmik2621/.m2/repository/jdom/jdom/1.0/jdom-1.0.jar
7f60ac0a5000-7f60ac0a7000 r--s 00004000 08:09 4742714                    /home/marmik2621/.m2/repository/org/geonames/geonames/1.0/geonames-1.0.jar
7f60ac0a7000-7f60ac0ae000 r--s 00044000 08:09 1837509                    /home/marmik2621/.m2/repository/org/openimaj/nearest-neighbour/1.3.5/nearest-neighbour-1.3.5.jar
7f60ac0ae000-7f60ac0af000 r--s 00102000 08:09 5145711                    /home/marmik2621/.m2/repository/org/openimaj/geocoder/1.3.5/geocoder-1.3.5.jar
7f60ac0af000-7f60ac0b0000 r--s 00009000 08:09 1837464                    /home/marmik2621/.m2/repository/org/openimaj/core-audio/1.3.5/core-audio-1.3.5.jar
7f60ac0b0000-7f60ac0b7000 r--s 00042000 08:09 1837470                    /home/marmik2621/.m2/repository/org/openimaj/core-feature/1.3.5/core-feature-1.3.5.jar
7f60ac0b7000-7f60ac0b9000 r--s 00007000 08:09 1837469                    /home/marmik2621/.m2/repository/org/openimaj/video-processing/1.3.5/video-processing-1.3.5.jar
7f60ac0b9000-7f60ac0bb000 r--s 00007000 08:09 1837465                    /home/marmik2621/.m2/repository/org/openimaj/content/animation/1.3.5/animation-1.3.5.jar
7f60ac0bb000-7f60ac0bd000 r--s 0001e000 08:09 1837462                    /home/marmik2621/.m2/repository/org/openimaj/core-video/1.3.5/core-video-1.3.5.jar
7f60ac0bd000-7f60ac0c1000 r--s 00018000 08:09 5145677                    /home/marmik2621/.m2/repository/com/twelvemonkeys/common/common-lang/3.0-rc5/common-lang-3.0-rc5.jar
7f60ac0c1000-7f60ac0c4000 r--s 00009000 08:09 4886832                    /home/marmik2621/.m2/repository/com/twelvemonkeys/imageio/imageio-core/3.0-rc5/imageio-core-3.0-rc5.jar
7f60ac0c4000-7f60ac0c7000 r--s 00011000 08:09 5266321                    /home/marmik2621/.m2/repository/com/twelvemonkeys/common/common-image/3.0-rc5/common-image-3.0-rc5.jar
7f60ac0c7000-7f60ac0ca000 r--s 00013000 08:09 5021935                    /home/marmik2621/.m2/repository/com/twelvemonkeys/common/common-io/3.0-rc5/common-io-3.0-rc5.jar
7f60ac0ca000-7f60ac0cd000 r--s 0000c000 08:09 5266319                    /home/marmik2621/.m2/repository/com/twelvemonkeys/imageio/imageio-metadata/3.0-rc5/imageio-metadata-3.0-rc5.jar
7f60ac0cd000-7f60ac0cf000 r--s 0000b000 08:09 4606767                    /home/marmik2621/.m2/repository/com/twelvemonkeys/imageio/imageio-jpeg/3.0-rc5/imageio-jpeg-3.0-rc5.jar
7f60ac0cf000-7f60ac0d3000 r--s 0003c000 08:09 3696072                    /home/marmik2621/.m2/repository/com/sun/media/jai-codec/1.1.3/jai-codec-1.1.3.jar
7f60ac0d3000-7f60ac0e7000 r--s 001bd000 08:09 4095503                    /home/marmik2621/.m2/repository/javax/media/jai-core/1.1.3/jai-core-1.1.3.jar
7f60ac0e7000-7f60ac0e9000 r--s 0000b000 08:09 4350850                    /home/marmik2621/.m2/repository/com/caffeineowl/bezier-utils/1.0.0-RELEASE/bezier-utils-1.0.0-RELEASE.jar
7f60ac0e9000-7f60ac0f3000 r--s 00072000 08:09 1837459                    /home/marmik2621/.m2/repository/org/apache/sanselan/sanselan/0.97-incubator/sanselan-0.97-incubator.jar
7f60ac0f3000-7f60ac107000 r--s 00173000 08:09 1837458                    /home/marmik2621/.m2/repository/org/apache/axis/axis/1.4/axis-1.4.jar
7f60ac107000-7f60ac10b000 r--s 00013000 08:09 1837457                    /home/marmik2621/.m2/repository/org/scribe/scribe/1.3.5/scribe-1.3.5.jar
7f60ac10b000-7f60ac111000 r--s 00042000 08:09 4226977                    /home/marmik2621/.m2/repository/com/flickr4java/flickr4java/2.13_jonhare_0408059615bfa8da071c2e54268e3004ce62d6a4/flickr4java-2.13_jonhare_0408059615bfa8da071c2e54268e3004ce62d6a4.jar
7f60ac111000-7f60ac112000 r--s 00001000 08:09 1837591                    /home/marmik2621/.m2/repository/uk/ac/ed/ph/snuggletex/snuggletex-jeuclid/1.2.2/snuggletex-jeuclid-1.2.2.jar
7f60ac112000-7f60ac114000 r--s 0001e000 08:09 1837588                    /home/marmik2621/.m2/repository/net/sf/saxon/saxon9-dom/9.1.0.8/saxon9-dom-9.1.0.8.jar
7f60ac114000-7f60ac12f000 r--s 004b6000 08:09 1837587                    /home/marmik2621/.m2/repository/net/sf/saxon/saxon9/9.1.0.8/saxon9-9.1.0.8.jar
7f60ac12f000-7f60ac131000 r--s 0000e000 08:09 1837586                    /home/marmik2621/.m2/repository/uk/ac/ed/ph/snuggletex/snuggletex-upconversion/1.2.2/snuggletex-upconversion-1.2.2.jar
7f60ac131000-7f60ac137000 r--s 00040000 08:09 1837585                    /home/marmik2621/.m2/repository/uk/ac/ed/ph/snuggletex/snuggletex-core/1.2.2/snuggletex-core-1.2.2.jar
7f60ac137000-7f60ac141000 r--s 00075000 08:09 1837456                    /home/marmik2621/.m2/repository/org/apache/xmlgraphics/xmlgraphics-commons/1.3.1/xmlgraphics-commons-1.3.1.jar
7f60ac141000-7f60ac146000 r--s 00010000 08:09 5392308                    /home/marmik2621/.m2/repository/xml-apis/xml-apis-ext/1.3.04/xml-apis-ext-1.3.04.jar
7f60ac146000-7f60ac14e000 r--s 00028000 08:09 5391136                    /home/marmik2621/.m2/repository/xml-apis/xml-apis/1.3.04/xml-apis-1.3.04.jar
7f60ac14e000-7f60ac151000 r--s 0001d000 08:09 1597219                    /home/marmik2621/.m2/repository/org/apache/xmlgraphics/batik-util/1.7/batik-util-1.7.jar
7f60ac151000-7f60ac153000 r--s 00010000 08:09 1837454                    /home/marmik2621/.m2/repository/org/apache/xmlgraphics/batik-parser/1.7/batik-parser-1.7.jar
7f60ac153000-7f60ac154000 r--s 00002000 08:09 1597216                    /home/marmik2621/.m2/repository/org/apache/xmlgraphics/batik-ext/1.7/batik-ext-1.7.jar
7f60ac154000-7f60ac155000 r--s 00007000 08:09 1597214                    /home/marmik2621/.m2/repository/org/apache/xmlgraphics/batik-xml/1.7/batik-xml-1.7.jar
7f60ac155000-7f60ac159000 r--s 00027000 08:09 1597212                    /home/marmik2621/.m2/repository/org/apache/xmlgraphics/batik-dom/1.7/batik-dom-1.7.jar
7f60ac159000-7f60ac160000 r--s 00045000 08:09 1597209                    /home/marmik2621/.m2/repository/org/apache/xmlgraphics/batik-css/1.7/batik-css-1.7.jar
7f60ac160000-7f60ac168000 r--s 0005b000 08:09 1597207                    /home/marmik2621/.m2/repository/org/apache/xmlgraphics/batik-awt-util/1.7/batik-awt-util-1.7.jar
7f60ac168000-7f60ac16b000 r--s 00015000 08:09 1597206                    /home/marmik2621/.m2/repository/org/apache/xmlgraphics/batik-anim/1.7/batik-anim-1.7.jar
7f60ac16b000-7f60ac178000 r--s 00086000 08:09 1597204                    /home/marmik2621/.m2/repository/org/apache/xmlgraphics/batik-svg-dom/1.7/batik-svg-dom-1.7.jar
7f60ac178000-7f60ac181000 r--s 00072000 08:09 1597203                    /home/marmik2621/.m2/repository/net/sourceforge/jeuclid/jeuclid-core/3.1.9/jeuclid-core-3.1.9.jar
7f60ac181000-7f60ac183000 r--s 0000d000 08:09 1597233                    /home/marmik2621/.m2/repository/net/billylieurance/azuresearch/azure-bing-search-java/0.12.0/azure-bing-search-java-0.12.0.jar
7f60ac183000-7f60ac190000 r--s 00095000 08:09 1597200                    /home/marmik2621/.m2/repository/org/openimaj/core-image/1.3.5/core-image-1.3.5.jar
7f60ac190000-7f60ac19f000 r--s 000e1000 08:09 4095498                    /home/marmik2621/.m2/repository/com/google/android/tools/dx/1.7/dx-1.7.jar
7f60ac19f000-7f60ac1a1000 r--s 0000a000 08:09 3569037                    /home/marmik2621/.m2/repository/org/ow2/asm/asm/4.0/asm-4.0.jar
7f60ac1a1000-7f60ac1ab000 r--s 000f1000 08:09 686539                     /home/marmik2621/.m2/repository/com/nativelibs4java/bridj/0.7-20140918/bridj-0.7-20140918.jar
7f60ac1ab000-7f60ac1ad000 r--s 00025000 08:09 1837452                    /home/marmik2621/.m2/repository/org/openimaj/core-video-capture/1.3.5/core-video-capture-1.3.5.jar
7f60ac1ad000-7f60ac1d0000 r--s 001ba000 08:09 1597176                    /home/marmik2621/.m2/repository/org/apache/commons/commons-math3/3.3/commons-math3-3.3.jar
7f60ac1d0000-7f60ac1d2000 r--s 00010000 08:09 1597229                    /home/marmik2621/.m2/repository/net/sourceforge/jmatio/jmatio/1.2/jmatio-1.2.jar
7f60ac1d2000-7f60ac1ef000 r--s 00139000 08:09 1597172                    /home/marmik2621/.m2/repository/gov/sandia/foundry/gov-sandia-cognition-learning-core/3.3.0/gov-sandia-cognition-learning-core-3.3.0.jar
7f60ac1ef000-7f60ac1f1000 r--s 00005000 08:09 1597170                    /home/marmik2621/.m2/repository/xpp3/xpp3_min/1.1.4c/xpp3_min-1.1.4c.jar
7f60ac1f1000-7f60ac1f2000 r--s 00001000 08:09 1597168                    /home/marmik2621/.m2/repository/xmlpull/xmlpull/1.1.3.1/xmlpull-1.1.3.1.jar
7f60ac1f2000-7f60ac1fe000 r--s 0006a000 08:09 1597169                    /home/marmik2621/.m2/repository/com/thoughtworks/xstream/xstream/1.4.3/xstream-1.4.3.jar
7f60ac1fe000-7f60ac206000 r--s 00049000 08:09 1597166                    /home/marmik2621/.m2/repository/gov/sandia/foundry/gov-sandia-cognition-common-core/3.3.0/gov-sandia-cognition-common-core-3.3.0.jar
7f60ac206000-7f60ac208000 r--s 0001f000 08:09 4095496                    /home/marmik2621/.m2/repository/com/googlecode/netlib-java/netlib-java/0.9.3/netlib-java-0.9.3.jar
7f60ac208000-7f60ac20a000 r--s 00008000 08:09 1597163                    /home/marmik2621/.m2/repository/org/openimaj/MatrixLib/1.3.5/MatrixLib-1.3.5.jar
7f60ac20a000-7f60ac211000 r--s 00034000 08:09 1597230                    /home/marmik2621/.m2/repository/jgrapht/jgrapht/0.8.2/jgrapht-0.8.2.jar
7f60ac211000-7f60ac212000 r--s 00006000 08:09 1597227                    /home/marmik2621/.m2/repository/net/sf/jafama/JaFaMa/1.2/JaFaMa-1.2.jar
7f60ac212000-7f60ac214000 r--s 00088000 08:09 1597161                    /home/marmik2621/.m2/repository/com/github/fommil/netlib/netlib-native_system-win-i686/1.1/netlib-native_system-win-i686-1.1-natives.jar
7f60ac214000-7f60ac215000 r--s 0009b000 08:09 1597160                    /home/marmik2621/.m2/repository/com/github/fommil/netlib/netlib-native_system-win-x86_64/1.1/netlib-native_system-win-x86_64-1.1-natives.jar
7f60ac215000-7f60ac216000 r--s 0004b000 08:09 1597156                    /home/marmik2621/.m2/repository/com/github/fommil/netlib/netlib-native_system-linux-armhf/1.1/netlib-native_system-linux-armhf-1.1-natives.jar
7f60ac216000-7f60ac217000 r--s 0006a000 08:09 1597155                    /home/marmik2621/.m2/repository/com/github/fommil/netlib/netlib-native_system-linux-i686/1.1/netlib-native_system-linux-i686-1.1-natives.jar
7f60ac217000-7f60ac218000 r--s 0006f000 08:09 1597153                    /home/marmik2621/.m2/repository/com/github/fommil/netlib/netlib-native_system-linux-x86_64/1.1/netlib-native_system-linux-x86_64-1.1-natives.jar
7f60ac218000-7f60ac219000 r--s 0000d000 08:09 1597152                    /home/marmik2621/.m2/repository/com/github/fommil/netlib/native_system-java/1.1/native_system-java-1.1.jar
7f60ac219000-7f60ac21a000 r--s 00087000 08:09 1597150                    /home/marmik2621/.m2/repository/com/github/fommil/netlib/netlib-native_system-osx-x86_64/1.1/netlib-native_system-osx-x86_64-1.1-natives.jar
7f60ac21a000-7f60ac21b000 r--s 00126000 08:09 1597149                    /home/marmik2621/.m2/repository/com/github/fommil/netlib/netlib-native_ref-linux-armhf/1.1/netlib-native_ref-linux-armhf-1.1-natives.jar
7f60ac21b000-7f60ac21c000 r--s 001bd000 08:09 1597148                    /home/marmik2621/.m2/repository/com/github/fommil/netlib/netlib-native_ref-win-i686/1.1/netlib-native_ref-win-i686-1.1-natives.jar
7f60ac21c000-7f60ac21d000 r--s 00232000 08:09 1461257                    /home/marmik2621/.m2/repository/com/github/fommil/netlib/netlib-native_ref-win-x86_64/1.1/netlib-native_ref-win-x86_64-1.1-natives.jar
7f60ac21d000-7f60ac21e000 r--s 0016b000 08:09 1347303                    /home/marmik2621/.m2/repository/com/github/fommil/netlib/netlib-native_ref-linux-i686/1.1/netlib-native_ref-linux-i686-1.1-natives.jar
7f60ac21e000-7f60ac220000 r--s 001aa000 08:09 951348                     /home/marmik2621/.m2/repository/com/github/fommil/netlib/netlib-native_ref-linux-x86_64/1.1/netlib-native_ref-linux-x86_64-1.1-natives.jar
7f60ac220000-7f60ac222000 r--s 00001000 08:09 686534                     /home/marmik2621/.m2/repository/com/github/fommil/jniloader/1.1/jniloader-1.1.jar
7f60ac222000-7f60ac223000 r--s 0000d000 08:09 549457                     /home/marmik2621/.m2/repository/com/github/fommil/netlib/native_ref-java/1.1/native_ref-java-1.1.jar
7f60ac223000-7f60ac225000 r--s 001c0000 08:09 5266315                    /home/marmik2621/.m2/repository/com/github/fommil/netlib/netlib-native_ref-osx-x86_64/1.1/netlib-native_ref-osx-x86_64-1.1-natives.jar
7f60ac225000-7f60ac227000 r--s 00027000 08:09 5145673                    /home/marmik2621/.m2/repository/com/github/fommil/netlib/core/1.1.2/core-1.1.2.jar
7f60ac227000-7f60ac239000 r--s 00112000 08:09 5021933                    /home/marmik2621/.m2/repository/net/sourceforge/f2j/arpack_combined_all/0.1/arpack_combined_all-0.1.jar
7f60ac239000-7f60ac23e000 r--s 0003d000 08:09 3952634                    /home/marmik2621/.m2/repository/com/googlecode/matrix-toolkits-java/mtj/1.0.2/mtj-1.0.2.jar
7f60ac23e000-7f60ac242000 r--s 0001e000 08:09 1597145                    /home/marmik2621/.m2/repository/org/la4j/la4j/0.4.0/la4j-0.4.0.jar
7f60ac242000-7f60ac244000 r--s 00008000 08:09 1597143                    /home/marmik2621/.m2/repository/gov/nist/math/jama/1.0.3/jama-1.0.3.jar
7f60ac244000-7f60ac24c000 r--s 00054000 08:09 1597142                    /home/marmik2621/.m2/repository/org/openimaj/core-math/1.3.5/core-math-1.3.5.jar
7f60ac24c000-7f60ac24e000 r--s 00005000 08:09 1597198                    /home/marmik2621/.m2/repository/uk/com/robust-it/cloning/1.9.1/cloning-1.9.1.jar
7f60ac24e000-7f60ac254000 r--s 00032000 08:09 550255                     /home/marmik2621/.m2/repository/org/apache/httpcomponents/httpcore/4.2.4/httpcore-4.2.4.jar
7f60ac254000-7f60ac25d000 r--s 00061000 08:09 550253                     /home/marmik2621/.m2/repository/org/apache/httpcomponents/httpclient/4.2.5/httpclient-4.2.5.jar
7f60ac25d000-7f60ac25e000 r--s 00004000 08:09 4742687                    /home/marmik2621/.m2/repository/org/apache/ant/ant-launcher/1.8.4/ant-launcher-1.8.4.jar
7f60ac25e000-7f60ac27c000 r--s 001bd000 08:09 4478460                    /home/marmik2621/.m2/repository/org/apache/ant/ant/1.8.4/ant-1.8.4.jar
7f60ac27c000-7f60ac27f000 r--s 00020000 08:09 1597228                    /home/marmik2621/.m2/repository/vigna/dsi/unimi/it/jal/20031117/jal-20031117.jar
7f60ac27f000-7f60ac281000 r--s 00007000 08:09 3828332                    /home/marmik2621/.m2/repository/org/objenesis/objenesis/1.2/objenesis-1.2.jar
7f60ac281000-7f60ac283000 r--s 00000000 08:09 3828330                    /home/marmik2621/.m2/repository/com/esotericsoftware/minlog/minlog/1.2/minlog-1.2.jar
7f60ac283000-7f60ac285000 r--s 0000f000 08:09 3828328                    /home/marmik2621/.m2/repository/com/esotericsoftware/reflectasm/reflectasm/1.07/reflectasm-1.07-shaded.jar
7f60ac285000-7f60ac28b000 r--s 00053000 08:09 3828327                    /home/marmik2621/.m2/repository/com/esotericsoftware/kryo/kryo/2.21/kryo-2.21.jar
7f60ac28b000-7f60ac28d000 r--s 00006000 08:09 3952652                    /home/marmik2621/.m2/repository/commons-codec/commons-codec/1.2/commons-codec-1.2.jar
7f60ac28d000-7f60ac293000 r--s 00045000 08:09 3952470                    /home/marmik2621/.m2/repository/commons-httpclient/commons-httpclient/3.1/commons-httpclient-3.1.jar
7f60ac293000-7f60ac295000 r--s 00005000 08:09 1597195                    /home/marmik2621/.m2/repository/regexp/regexp/1.3/regexp-1.3.jar
7f60ac295000-7f60ac297000 r--s 00008000 08:09 1597193                    /home/marmik2621/.m2/repository/org/apache/maven/scm/maven-scm-provider-svn-commons/1.4/maven-scm-provider-svn-commons-1.4.jar
7f60ac297000-7f60ac29a000 r--s 0000f000 08:09 1347305                    /home/marmik2621/.m2/repository/org/apache/maven/scm/maven-scm-provider-svnexe/1.4/maven-scm-provider-svnexe-1.4.jar
7f60ac29a000-7f60ac29f000 r--s 00039000 08:09 5264907                    /home/marmik2621/.m2/repository/org/codehaus/plexus/plexus-utils/1.5.6/plexus-utils-1.5.6.jar
7f60ac29f000-7f60ac2a3000 r--s 00014000 08:09 5266317                    /home/marmik2621/.m2/repository/org/apache/maven/scm/maven-scm-api/1.4/maven-scm-api-1.4.jar
7f60ac2a3000-7f60ac2a5000 r--s 0000d000 08:09 5391958                    /home/marmik2621/.m2/repository/commons-logging/commons-logging/1.1.1/commons-logging-1.1.1.jar
7f60ac2a5000-7f60ac2ae000 r--s 0005d000 08:09 3952636                    /home/marmik2621/.m2/repository/org/apache/commons/commons-vfs2/2.0/commons-vfs2-2.0.jar
7f60ac2ae000-7f60ac2b2000 r--s 00027000 08:09 4886876                    /home/marmik2621/.m2/repository/commons-io/commons-io/2.2/commons-io-2.2.jar
7f60ac2b2000-7f60ac2b7000 r--s 00041000 08:09 3953517                    /home/marmik2621/.m2/repository/commons-lang/commons-lang/2.6/commons-lang-2.6.jar
7f60ac2b7000-7f60ac2be000 r--s 00053000 08:09 3953912                    /home/marmik2621/.m2/repository/log4j/log4j/1.2.14/log4j-1.2.14.jar
7f60ac2be000-7f60ac2c5000 r--s 00028000 08:09 1597190                    /home/marmik2621/.m2/repository/concurrent/concurrent/1.3.4/concurrent-1.3.4.jar
7f60ac2c5000-7f60ac2d3000 r--s 00081000 08:09 1597188                    /home/marmik2621/.m2/repository/colt/colt/1.2.0/colt-1.2.0.jar
7f60ac2d3000-7f60ac2fc000 r--s 001ee000 08:09 4606579                    /home/marmik2621/.m2/repository/com/google/guava/guava/14.0.1/guava-14.0.1.jar
7f60ac2fc000-7f60ac323000 r--s 00241000 08:09 1597187                    /home/marmik2621/.m2/repository/net/sf/trove4j/trove4j/3.0.2/trove4j-3.0.2.jar
7f60ac323000-7f60ac329000 r--s 0003e000 08:09 1597185                    /home/marmik2621/.m2/repository/org/jsoup/jsoup/1.6.3/jsoup-1.6.3.jar
7f60ac329000-7f60ac32c000 r--s 00010000 08:09 1597183                    /home/marmik2621/.m2/repository/org/jbibtex/jbibtex/1.0.2/jbibtex-1.0.2.jar
7f60ac32c000-7f60ac335000 r--s 00095000 08:09 1597181                    /home/marmik2621/.m2/repository/javassist/javassist/3.12.1.GA/javassist-3.12.1.GA.jar
7f60ac335000-7f60ac337000 r--s 00002000 08:09 1597179                    /home/marmik2621/.m2/repository/org/openimaj/core-aop-support/1.3.5/core-aop-support-1.3.5.jar
7f60ac337000-7f60ac338000 r--s 00006000 08:09 1597177                    /home/marmik2621/.m2/repository/org/openimaj/core-citation/1.3.5/core-citation-1.3.5.jar
7f60ac338000-7f60ac349000 r--s 000aa000 08:09 549459                     /home/marmik2621/.m2/repository/org/openimaj/core/1.3.5/core-1.3.5.jar
7f60ac349000-7f60ac34b000 r--s 00096000 08:09 5145675                    /home/marmik2621/.m2/repository/org/openimaj/klt-tracker/1.3.5/klt-tracker-1.3.5.jar
7f60ac34b000-7f60ac34c000 r--s 00006000 08:09 4480433                    /home/marmik2621/.m2/repository/org/codehaus/jackson/jackson-xc/1.9.2/jackson-xc-1.9.2.jar
7f60ac34c000-7f60ac35a000 r--s 000ad000 08:09 3697050                    /home/marmik2621/.m2/repository/org/codehaus/jackson/jackson-mapper-asl/1.9.2/jackson-mapper-asl-1.9.2.jar
7f60ac35a000-7f60ac35e000 r--s 00034000 08:09 3697048                    /home/marmik2621/.m2/repository/org/codehaus/jackson/jackson-core-asl/1.9.2/jackson-core-asl-1.9.2.jar
7f60ac35e000-7f60ac360000 r--s 0000e000 08:09 4226664                    /home/marmik2621/.m2/repository/javax/activation/activation/1.1/activation-1.1.jar
7f60ac360000-7f60ac362000 r--s 00004000 08:09 4607935                    /home/marmik2621/.m2/repository/javax/xml/stream/stax-api/1.0-2/stax-api-1.0-2.jar
7f60ac362000-7f60ac365000 r--s 00017000 08:09 4350693                    /home/marmik2621/.m2/repository/javax/xml/bind/jaxb-api/2.2.2/jaxb-api-2.2.2.jar
7f60ac365000-7f60ac378000 r--s 000c7000 08:09 4095175                    /home/marmik2621/.m2/repository/com/sun/xml/bind/jaxb-impl/2.2.3-1/jaxb-impl-2.2.3-1.jar
7f60ac378000-7f60ac37c000 r--s 00025000 08:09 4352307                    /home/marmik2621/.m2/repository/com/sun/jersey/jersey-json/1.19/jersey-json-1.19.jar
7f60ac37c000-7f60ac386000 r--s 00061000 08:09 4352305                    /home/marmik2621/.m2/repository/com/sun/jersey/jersey-core/1.19/jersey-core-1.19.jar
7f60ac386000-7f60ac396000 r--s 0009c000 08:09 4352303                    /home/marmik2621/.m2/repository/com/sun/jersey/jersey-server/1.19/jersey-server-1.19.jar
7f60ac396000-7f60ac3b8000 r--s 0016b000 08:09 3697046                    /home/marmik2621/.m2/repository/com/sun/jersey/jersey-bundle/1.19/jersey-bundle-1.19.jar
7f60ac3b8000-7f60ac3ca000 r--s 00345000 08:09 3676224                    /usr/lib/jvm/java-8-oracle/jre/lib/resources.jar
7f60ac3ca000-7f60ac3dd000 r--s 000d6000 08:09 3676204                    /usr/lib/jvm/java-8-oracle/jre/lib/plugin.jar
7f60ac3dd000-7f60ac3f8000 r--s 00208000 08:09 3676219                    /usr/lib/jvm/java-8-oracle/jre/lib/deploy.jar
7f60ac3f8000-7f60ac3f9000 ---p 00000000 00:00 0 
7f60ac3f9000-7f60ac4f9000 rw-p 00000000 00:00 0                          [stack:20121]
7f60ac4f9000-7f60ac4fc000 ---p 00000000 00:00 0 
7f60ac4fc000-7f60ac5fa000 rw-p 00000000 00:00 0                          [stack:20120]
7f60ac5fa000-7f60ac5fd000 ---p 00000000 00:00 0 
7f60ac5fd000-7f60ac6fb000 rw-p 00000000 00:00 0                          [stack:20119]
7f60ac6fb000-7f60ac6fe000 ---p 00000000 00:00 0 
7f60ac6fe000-7f60ac7fc000 rw-p 00000000 00:00 0                          [stack:20118]
7f60ac7fc000-7f60ac7ff000 ---p 00000000 00:00 0 
7f60ac7ff000-7f60ac8fd000 rw-p 00000000 00:00 0                          [stack:20117]
7f60ac8fd000-7f60ac900000 ---p 00000000 00:00 0 
7f60ac900000-7f60ac9fe000 rw-p 00000000 00:00 0                          [stack:20116]
7f60ac9fe000-7f60ad0e0000 r--p 00000000 08:09 3415813                    /usr/lib/locale/locale-archive
7f60ad0e0000-7f60ad0e3000 ---p 00000000 00:00 0 
7f60ad0e3000-7f60ad1e1000 rw-p 00000000 00:00 0                          [stack:20115]
7f60ad1e1000-7f60ad1e4000 ---p 00000000 00:00 0 
7f60ad1e4000-7f60ad2e2000 rw-p 00000000 00:00 0                          [stack:20114]
7f60ad2e2000-7f60ad2e3000 ---p 00000000 00:00 0 
7f60ad2e3000-7f60ae383000 rw-p 00000000 00:00 0                          [stack:20113]
7f60ae383000-7f60ae55b000 r--s 03d1d000 08:09 3676213                    /usr/lib/jvm/java-8-oracle/jre/lib/rt.jar
7f60ae55b000-7f60af135000 rw-p 00000000 00:00 0 
7f60af135000-7f60af136000 ---p 00000000 00:00 0 
7f60af136000-7f60af236000 rw-p 00000000 00:00 0                          [stack:20112]
7f60af236000-7f60af237000 ---p 00000000 00:00 0 
7f60af237000-7f60af337000 rw-p 00000000 00:00 0                          [stack:20111]
7f60af337000-7f60af338000 ---p 00000000 00:00 0 
7f60af338000-7f60af438000 rw-p 00000000 00:00 0                          [stack:20110]
7f60af438000-7f60af439000 ---p 00000000 00:00 0 
7f60af439000-7f60af56c000 rw-p 00000000 00:00 0                          [stack:20109]
7f60af56c000-7f60af7cb000 ---p 00000000 00:00 0 
7f60af7cb000-7f60af7fe000 rw-p 00000000 00:00 0 
7f60af7fe000-7f60afa5c000 ---p 00000000 00:00 0 
7f60afa5c000-7f60afb39000 rw-p 00000000 00:00 0 
7f60afb39000-7f60afba5000 ---p 00000000 00:00 0 
7f60afba5000-7f60afbc6000 rw-p 00000000 00:00 0 
7f60afbc6000-7f60aff66000 ---p 00000000 00:00 0 
7f60aff66000-7f60b0766000 rwxp 00000000 00:00 0 
7f60b0766000-7f60bef66000 ---p 00000000 00:00 0 
7f60bef66000-7f60bef80000 r-xp 00000000 08:09 3801371                    /usr/lib/jvm/java-8-oracle/jre/lib/amd64/libzip.so
7f60bef80000-7f60bf180000 ---p 0001a000 08:09 3801371                    /usr/lib/jvm/java-8-oracle/jre/lib/amd64/libzip.so
7f60bf180000-7f60bf181000 rw-p 0001a000 08:09 3801371                    /usr/lib/jvm/java-8-oracle/jre/lib/amd64/libzip.so
7f60bf181000-7f60bf18d000 r-xp 00000000 08:09 3543547                    /lib/x86_64-linux-gnu/libnss_files-2.21.so
7f60bf18d000-7f60bf38c000 ---p 0000c000 08:09 3543547                    /lib/x86_64-linux-gnu/libnss_files-2.21.so
7f60bf38c000-7f60bf38d000 r--p 0000b000 08:09 3543547                    /lib/x86_64-linux-gnu/libnss_files-2.21.so
7f60bf38d000-7f60bf38e000 rw-p 0000c000 08:09 3543547                    /lib/x86_64-linux-gnu/libnss_files-2.21.so
7f60bf38e000-7f60bf399000 r-xp 00000000 08:09 3543557                    /lib/x86_64-linux-gnu/libnss_nis-2.21.so
7f60bf399000-7f60bf598000 ---p 0000b000 08:09 3543557                    /lib/x86_64-linux-gnu/libnss_nis-2.21.so
7f60bf598000-7f60bf599000 r--p 0000a000 08:09 3543557                    /lib/x86_64-linux-gnu/libnss_nis-2.21.so
7f60bf599000-7f60bf59a000 rw-p 0000b000 08:09 3543557                    /lib/x86_64-linux-gnu/libnss_nis-2.21.so
7f60bf59a000-7f60bf5b1000 r-xp 00000000 08:09 3543541                    /lib/x86_64-linux-gnu/libnsl-2.21.so
7f60bf5b1000-7f60bf7b0000 ---p 00017000 08:09 3543541                    /lib/x86_64-linux-gnu/libnsl-2.21.so
7f60bf7b0000-7f60bf7b1000 r--p 00016000 08:09 3543541                    /lib/x86_64-linux-gnu/libnsl-2.21.so
7f60bf7b1000-7f60bf7b2000 rw-p 00017000 08:09 3543541                    /lib/x86_64-linux-gnu/libnsl-2.21.so
7f60bf7b2000-7f60bf7b4000 rw-p 00000000 00:00 0 
7f60bf7b4000-7f60bf7bc000 r-xp 00000000 08:09 3543543                    /lib/x86_64-linux-gnu/libnss_compat-2.21.so
7f60bf7bc000-7f60bf9bb000 ---p 00008000 08:09 3543543                    /lib/x86_64-linux-gnu/libnss_compat-2.21.so
7f60bf9bb000-7f60bf9bc000 r--p 00007000 08:09 3543543                    /lib/x86_64-linux-gnu/libnss_compat-2.21.so
7f60bf9bc000-7f60bf9bd000 rw-p 00008000 08:09 3543543                    /lib/x86_64-linux-gnu/libnss_compat-2.21.so
7f60bf9bd000-7f60bf9e7000 r-xp 00000000 08:09 3801182                    /usr/lib/jvm/java-8-oracle/jre/lib/amd64/libjava.so
7f60bf9e7000-7f60bfbe7000 ---p 0002a000 08:09 3801182                    /usr/lib/jvm/java-8-oracle/jre/lib/amd64/libjava.so
7f60bfbe7000-7f60bfbe9000 rw-p 0002a000 08:09 3801182                    /usr/lib/jvm/java-8-oracle/jre/lib/amd64/libjava.so
7f60bfbe9000-7f60bfbf6000 r-xp 00000000 08:09 3801328                    /usr/lib/jvm/java-8-oracle/jre/lib/amd64/libverify.so
7f60bfbf6000-7f60bfdf6000 ---p 0000d000 08:09 3801328                    /usr/lib/jvm/java-8-oracle/jre/lib/amd64/libverify.so
7f60bfdf6000-7f60bfdf8000 rw-p 0000d000 08:09 3801328                    /usr/lib/jvm/java-8-oracle/jre/lib/amd64/libverify.so
7f60bfdf8000-7f60bfdff000 r-xp 00000000 08:09 3543602                    /lib/x86_64-linux-gnu/librt-2.21.so
7f60bfdff000-7f60bfffe000 ---p 00007000 08:09 3543602                    /lib/x86_64-linux-gnu/librt-2.21.so
7f60bfffe000-7f60bffff000 r--p 00006000 08:09 3543602                    /lib/x86_64-linux-gnu/librt-2.21.so
7f60bffff000-7f60c0000000 rw-p 00007000 08:09 3543602                    /lib/x86_64-linux-gnu/librt-2.21.so
7f60c0000000-7f60c1cda000 rw-p 00000000 00:00 0 
7f60c1cda000-7f60c4000000 ---p 00000000 00:00 0 
7f60c4000000-7f60c4001000 r--s 00004000 08:09 4480431                    /home/marmik2621/.m2/repository/org/codehaus/jackson/jackson-jaxrs/1.9.2/jackson-jaxrs-1.9.2.jar
7f60c4001000-7f60c40b9000 rw-p 00000000 00:00 0 
7f60c40b9000-7f60c41c0000 r-xp 00000000 08:09 3543520                    /lib/x86_64-linux-gnu/libm-2.21.so
7f60c41c0000-7f60c43bf000 ---p 00107000 08:09 3543520                    /lib/x86_64-linux-gnu/libm-2.21.so
7f60c43bf000-7f60c43c0000 r--p 00106000 08:09 3543520                    /lib/x86_64-linux-gnu/libm-2.21.so
7f60c43c0000-7f60c43c1000 rw-p 00107000 08:09 3543520                    /lib/x86_64-linux-gnu/libm-2.21.so
7f60c43c1000-7f60c5080000 r-xp 00000000 08:09 3810712                    /usr/lib/jvm/java-8-oracle/jre/lib/amd64/server/libjvm.so
7f60c5080000-7f60c527f000 ---p 00cbf000 08:09 3810712                    /usr/lib/jvm/java-8-oracle/jre/lib/amd64/server/libjvm.so
7f60c527f000-7f60c5358000 rw-p 00cbe000 08:09 3810712                    /usr/lib/jvm/java-8-oracle/jre/lib/amd64/server/libjvm.so
7f60c5358000-7f60c53a1000 rw-p 00000000 00:00 0 
7f60c53a1000-7f60c5561000 r-xp 00000000 08:09 3543458                    /lib/x86_64-linux-gnu/libc-2.21.so
7f60c5561000-7f60c5761000 ---p 001c0000 08:09 3543458                    /lib/x86_64-linux-gnu/libc-2.21.so
7f60c5761000-7f60c5765000 r--p 001c0000 08:09 3543458                    /lib/x86_64-linux-gnu/libc-2.21.so
7f60c5765000-7f60c5767000 rw-p 001c4000 08:09 3543458                    /lib/x86_64-linux-gnu/libc-2.21.so
7f60c5767000-7f60c576b000 rw-p 00000000 00:00 0 
7f60c576b000-7f60c576e000 r-xp 00000000 08:09 3543477                    /lib/x86_64-linux-gnu/libdl-2.21.so
7f60c576e000-7f60c596d000 ---p 00003000 08:09 3543477                    /lib/x86_64-linux-gnu/libdl-2.21.so
7f60c596d000-7f60c596e000 r--p 00002000 08:09 3543477                    /lib/x86_64-linux-gnu/libdl-2.21.so
7f60c596e000-7f60c596f000 rw-p 00003000 08:09 3543477                    /lib/x86_64-linux-gnu/libdl-2.21.so
7f60c596f000-7f60c5984000 r-xp 00000000 08:09 3672605                    /usr/lib/jvm/java-8-oracle/lib/amd64/jli/libjli.so
7f60c5984000-7f60c5b84000 ---p 00015000 08:09 3672605                    /usr/lib/jvm/java-8-oracle/lib/amd64/jli/libjli.so
7f60c5b84000-7f60c5b85000 rw-p 00015000 08:09 3672605                    /usr/lib/jvm/java-8-oracle/lib/amd64/jli/libjli.so
7f60c5b85000-7f60c5b9d000 r-xp 00000000 08:09 3543594                    /lib/x86_64-linux-gnu/libpthread-2.21.so
7f60c5b9d000-7f60c5d9d000 ---p 00018000 08:09 3543594                    /lib/x86_64-linux-gnu/libpthread-2.21.so
7f60c5d9d000-7f60c5d9e000 r--p 00018000 08:09 3543594                    /lib/x86_64-linux-gnu/libpthread-2.21.so
7f60c5d9e000-7f60c5d9f000 rw-p 00019000 08:09 3543594                    /lib/x86_64-linux-gnu/libpthread-2.21.so
7f60c5d9f000-7f60c5da3000 rw-p 00000000 00:00 0 
7f60c5da3000-7f60c5dc7000 r-xp 00000000 08:09 3543430                    /lib/x86_64-linux-gnu/ld-2.21.so
7f60c5dc7000-7f60c5dc9000 r--s 0000f000 08:09 4350688                    /home/marmik2621/.m2/repository/org/codehaus/jettison/jettison/1.1/jettison-1.1.jar
7f60c5dc9000-7f60c5dca000 r--s 0000f000 08:09 1841593                    /home/marmik2621/.m2/repository/org/json/json/20140107/json-20140107.jar
7f60c5dca000-7f60c5dcc000 r--s 0000a000 08:09 4074044                    /home/marmik2621/.m2/repository/javax/ws/rs/jsr311-api/1.1.1/jsr311-api-1.1.1.jar
7f60c5dcc000-7f60c5dcd000 r--s 00000000 08:09 3676210                    /usr/lib/jvm/java-8-oracle/jre/lib/management-agent.jar
7f60c5dcd000-7f60c5dd1000 r--s 00097000 08:09 3676216                    /usr/lib/jvm/java-8-oracle/jre/lib/jsse.jar
7f60c5dd1000-7f60c5dd3000 r--s 00007000 08:09 3676227                    /usr/lib/jvm/java-8-oracle/jre/lib/jfxswt.jar
7f60c5dd3000-7f60c5dd8000 r--s 00084000 08:09 3676214                    /usr/lib/jvm/java-8-oracle/jre/lib/jfr.jar
7f60c5dd8000-7f60c5ddb000 r--s 0001a000 08:09 3676206                    /usr/lib/jvm/java-8-oracle/jre/lib/jce.jar
7f60c5ddb000-7f60c5ea6000 rw-p 00000000 00:00 0 
7f60c5ea6000-7f60c5ea9000 ---p 00000000 00:00 0 
7f60c5ea9000-7f60c5fab000 rw-p 00000000 00:00 0                          [stack:20108]
7f60c5fab000-7f60c5fb4000 r--s 0006c000 08:09 3676165                    /usr/lib/jvm/java-8-oracle/jre/lib/javaws.jar
7f60c5fb4000-7f60c5fba000 r--s 002f8000 08:09 3676205                    /usr/lib/jvm/java-8-oracle/jre/lib/charsets.jar
7f60c5fba000-7f60c5fc2000 rw-s 00000000 08:09 2621599                    /tmp/hsperfdata_marmik2621/20107
7f60c5fc2000-7f60c5fc3000 rw-p 00000000 00:00 0 
7f60c5fc3000-7f60c5fc4000 ---p 00000000 00:00 0 
7f60c5fc4000-7f60c5fc6000 rw-p 00000000 00:00 0 
7f60c5fc6000-7f60c5fc7000 r--p 00023000 08:09 3543430                    /lib/x86_64-linux-gnu/ld-2.21.so
7f60c5fc7000-7f60c5fc8000 rw-p 00024000 08:09 3543430                    /lib/x86_64-linux-gnu/ld-2.21.so
7f60c5fc8000-7f60c5fc9000 rw-p 00000000 00:00 0 
7ffe9e29f000-7ffe9e2c6000 rw-p 00000000 00:00 0                          [stack]
7ffe9e33d000-7ffe9e33f000 r--p 00000000 00:00 0                          [vvar]
7ffe9e33f000-7ffe9e341000 r-xp 00000000 00:00 0                          [vdso]
ffffffffff600000-ffffffffff601000 r-xp 00000000 00:00 0                  [vsyscall]

VM Arguments:
jvm_args: -Didea.launcher.port=7538 -Didea.launcher.bin.path=/home/marmik2621/Downloads/idea-IC-162.2228.15/bin -Dfile.encoding=UTF-8 
java_command: com.intellij.rt.execution.application.AppMain ObjectDetection
java_class_path (initial): /usr/lib/jvm/java-8-oracle/jre/lib/charsets.jar:/usr/lib/jvm/java-8-oracle/jre/lib/deploy.jar:/usr/lib/jvm/java-8-oracle/jre/lib/ext/cldrdata.jar:/usr/lib/jvm/java-8-oracle/jre/lib/ext/dnsns.jar:/usr/lib/jvm/java-8-oracle/jre/lib/ext/jaccess.jar:/usr/lib/jvm/java-8-oracle/jre/lib/ext/jfxrt.jar:/usr/lib/jvm/java-8-oracle/jre/lib/ext/localedata.jar:/usr/lib/jvm/java-8-oracle/jre/lib/ext/nashorn.jar:/usr/lib/jvm/java-8-oracle/jre/lib/ext/sunec.jar:/usr/lib/jvm/java-8-oracle/jre/lib/ext/sunjce_provider.jar:/usr/lib/jvm/java-8-oracle/jre/lib/ext/sunpkcs11.jar:/usr/lib/jvm/java-8-oracle/jre/lib/ext/zipfs.jar:/usr/lib/jvm/java-8-oracle/jre/lib/javaws.jar:/usr/lib/jvm/java-8-oracle/jre/lib/jce.jar:/usr/lib/jvm/java-8-oracle/jre/lib/jfr.jar:/usr/lib/jvm/java-8-oracle/jre/lib/jfxswt.jar:/usr/lib/jvm/java-8-oracle/jre/lib/jsse.jar:/usr/lib/jvm/java-8-oracle/jre/lib/management-agent.jar:/usr/lib/jvm/java-8-oracle/jre/lib/plugin.jar:/usr/lib/jvm/java-8-oracle/jre/lib/resources.jar:/usr/lib/jvm/java-8-oracle/jre/lib/rt.jar:/media/marmik2621/Extra/StudyMaterial/Real Time Big Data Analytics/Project/FeatureExtraction/target/classes:/home/marmik2621/.m2/repository/com/sun/jersey/jersey-bundle/1.19/jersey-bundle-1.19.jar:/home/marmik2621/.m2/repository/javax/ws/rs/jsr311-api/1.1.1/jsr311-api-1.1.1.jar:/home/marmik2621/.m2/repository/org/json/json/20140107/json-20140107.jar:/home/marmik2621/.m2/repository/com/sun/jersey/jersey-server/1.19/jersey-server-1.19.jar:/home/marmik2621/.m2/repository/com/sun/jersey/jersey-core/1.19/jersey-core-1.19.jar:/home/marmik2621/.m2/repository/com/sun/jersey/jersey-json/1.19/jersey-json-1.19.jar:/home/marmik2621/.m2/repository/org/codehaus/jettison/jettison/1.1/jettison-1.1.jar:/home/marmik2621/.m2/repository/com/sun/xml/bind/jaxb-impl/2.2.3-1/jaxb-impl-2.2.3-1.jar:/home/marmik2621/.m2/repository/javax/xml/bind/jaxb-api/2.2.2/jaxb-api-2.2.2.jar:/home/marmik2621/.m2/repository/javax/xml/stream/stax-api/1.0-2/stax-api-1.0-2.ja
Launcher Type: SUN_STANDARD

Environment Variables:
JAVA_HOME=/usr/lib/jvm/java-8-oracle
PATH=/home/marmik2621/bin:/usr/local/sbin:/usr/local/bin:/usr/sbin:/usr/bin:/sbin:/bin:/usr/games:/usr/local/games:/usr/lib/jvm/java-8-oracle/bin:/usr/lib/jvm/java-8-oracle/db/bin:/usr/lib/jvm/java-8-oracle/jre/bin
LD_LIBRARY_PATH=/home/marmik2621/Downloads/idea-IC-162.2228.15/bin:
SHELL=/bin/bash
DISPLAY=:0

Signal Handlers:
SIGSEGV: [libjvm.so+0xabb070], sa_mask[0]=11111111011111111101111111111110, sa_flags=SA_RESTART|SA_SIGINFO
SIGBUS: [libjvm.so+0xabb070], sa_mask[0]=11111111011111111101111111111110, sa_flags=SA_RESTART|SA_SIGINFO
SIGFPE: [libjvm.so+0x918480], sa_mask[0]=11111111011111111101111111111110, sa_flags=SA_RESTART|SA_SIGINFO
SIGPIPE: [libjvm.so+0x918480], sa_mask[0]=11111111011111111101111111111110, sa_flags=SA_RESTART|SA_SIGINFO
SIGXFSZ: [libjvm.so+0x918480], sa_mask[0]=11111111011111111101111111111110, sa_flags=SA_RESTART|SA_SIGINFO
SIGILL: [libjvm.so+0x918480], sa_mask[0]=11111111011111111101111111111110, sa_flags=SA_RESTART|SA_SIGINFO
SIGUSR1: SIG_DFL, sa_mask[0]=00000000000000000000000000000000, sa_flags=none
SIGUSR2: [libjvm.so+0x919ab0], sa_mask[0]=00100000000000000000000000000000, sa_flags=SA_RESTART|SA_SIGINFO
SIGHUP: [libjvm.so+0x91aeb0], sa_mask[0]=11111111011111111101111111111110, sa_flags=SA_RESTART|SA_SIGINFO
SIGINT: [libjvm.so+0x91aeb0], sa_mask[0]=11111111011111111101111111111110, sa_flags=SA_RESTART|SA_SIGINFO
SIGTERM: [libjvm.so+0x91aeb0], sa_mask[0]=11111111011111111101111111111110, sa_flags=SA_RESTART|SA_SIGINFO
SIGQUIT: [libjvm.so+0x91aeb0], sa_mask[0]=11111111011111111101111111111110, sa_flags=SA_RESTART|SA_SIGINFO


---------------  S Y S T E M  ---------------

OS:DISTRIB_ID=Ubuntu
DISTRIB_RELEASE=15.10
DISTRIB_CODENAME=wily
DISTRIB_DESCRIPTION="Ubuntu 15.10"

uname:Linux 4.2.0-27-generic #32-Ubuntu SMP Fri Jan 22 04:49:08 UTC 2016 x86_64
libc:glibc 2.21 NPTL 2.21 
rlimit: STACK 8192k, CORE 0k, NPROC 31385, NOFILE 65536, AS infinity
load average:10.17 3.11 1.63

/proc/meminfo:
MemTotal:        8069392 kB
MemFree:           54276 kB
MemAvailable:     128760 kB
Buffers:            2844 kB
Cached:           795220 kB
SwapCached:            0 kB
Active:          7071748 kB
Inactive:         670512 kB
Active(anon):    7037484 kB
Inactive(anon):   635452 kB
Active(file):      34264 kB
Inactive(file):    35060 kB
Unevictable:         576 kB
Mlocked:             576 kB
SwapTotal:             0 kB
SwapFree:              0 kB
Dirty:              1176 kB
Writeback:             0 kB
AnonPages:       6945896 kB
Mapped:           462792 kB
Shmem:            727636 kB
Slab:              99436 kB
SReclaimable:      47448 kB
SUnreclaim:        51988 kB
KernelStack:       20368 kB
PageTables:        63700 kB
NFS_Unstable:          0 kB
Bounce:                0 kB
WritebackTmp:          0 kB
CommitLimit:     4034696 kB
Committed_AS:   15499096 kB
VmallocTotal:   34359738367 kB
VmallocUsed:      569016 kB
VmallocChunk:   34358423548 kB
HardwareCorrupted:     0 kB
AnonHugePages:   2938880 kB
CmaTotal:              0 kB
CmaFree:               0 kB
HugePages_Total:       0
HugePages_Free:        0
HugePages_Rsvd:        0
HugePages_Surp:        0
Hugepagesize:       2048 kB
DirectMap4k:      414464 kB
DirectMap2M:     7868416 kB
DirectMap1G:     1048576 kB


CPU:total 4 (2 cores per cpu, 2 threads per core) family 6 model 69 stepping 1, cmov, cx8, fxsr, mmx, sse, sse2, sse3, ssse3, sse4.1, sse4.2, popcnt, avx, avx2, aes, clmul, erms, lzcnt, ht, tsc, tscinvbit, bmi1, bmi2

/proc/cpuinfo:
processor	: 0
vendor_id	: GenuineIntel
cpu family	: 6
model		: 69
model name	: Intel(R) Core(TM) i3-4030U CPU @ 1.90GHz
stepping	: 1
microcode	: 0x1c
cpu MHz		: 1848.417
cache size	: 3072 KB
physical id	: 0
siblings	: 4
core id		: 0
cpu cores	: 2
apicid		: 0
initial apicid	: 0
fpu		: yes
fpu_exception	: yes
cpuid level	: 13
wp		: yes
flags		: fpu vme de pse tsc msr pae mce cx8 apic sep mtrr pge mca cmov pat pse36 clflush dts acpi mmx fxsr sse sse2 ss ht tm pbe syscall nx pdpe1gb rdtscp lm constant_tsc arch_perfmon pebs bts rep_good nopl xtopology nonstop_tsc aperfmperf eagerfpu pni pclmulqdq dtes64 monitor ds_cpl vmx est tm2 ssse3 fma cx16 xtpr pdcm pcid sse4_1 sse4_2 x2apic movbe popcnt tsc_deadline_timer aes xsave avx f16c rdrand lahf_lm abm arat epb pln pts dtherm tpr_shadow vnmi flexpriority ept vpid fsgsbase tsc_adjust bmi1 avx2 smep bmi2 erms invpcid xsaveopt
bugs		:
bogomips	: 3791.05
clflush size	: 64
cache_alignment	: 64
address sizes	: 39 bits physical, 48 bits virtual
power management:

processor	: 1
vendor_id	: GenuineIntel
cpu family	: 6
model		: 69
model name	: Intel(R) Core(TM) i3-4030U CPU @ 1.90GHz
stepping	: 1
microcode	: 0x1c
cpu MHz		: 1894.359
cache size	: 3072 KB
physical id	: 0
siblings	: 4
core id		: 0
cpu cores	: 2
apicid		: 1
initial apicid	: 1
fpu		: yes
fpu_exception	: yes
cpuid level	: 13
wp		: yes
flags		: fpu vme de pse tsc msr pae mce cx8 apic sep mtrr pge mca cmov pat pse36 clflush dts acpi mmx fxsr sse sse2 ss ht tm pbe syscall nx pdpe1gb rdtscp lm constant_tsc arch_perfmon pebs bts rep_good nopl xtopology nonstop_tsc aperfmperf eagerfpu pni pclmulqdq dtes64 monitor ds_cpl vmx est tm2 ssse3 fma cx16 xtpr pdcm pcid sse4_1 sse4_2 x2apic movbe popcnt tsc_deadline_timer aes xsave avx f16c rdrand lahf_lm abm arat epb pln pts dtherm tpr_shadow vnmi flexpriority ept vpid fsgsbase tsc_adjust bmi1 avx2 smep bmi2 erms invpcid xsaveopt
bugs		:
bogomips	: 3791.05
clflush size	: 64
cache_alignment	: 64
address sizes	: 39 bits physical, 48 bits virtual
power management:

processor	: 2
vendor_id	: GenuineIntel
cpu family	: 6
model		: 69
model name	: Intel(R) Core(TM) i3-4030U CPU @ 1.90GHz
stepping	: 1
microcode	: 0x1c
cpu MHz		: 1854.058
cache size	: 3072 KB
physical id	: 0
siblings	: 4
core id		: 1
cpu cores	: 2
apicid		: 2
initial apicid	: 2
fpu		: yes
fpu_exception	: yes
cpuid level	: 13
wp		: yes
flags		: fpu vme de pse tsc msr pae mce cx8 apic sep mtrr pge mca cmov pat pse36 clflush dts acpi mmx fxsr sse sse2 ss ht tm pbe syscall nx pdpe1gb rdtscp lm constant_tsc arch_perfmon pebs bts rep_good nopl xtopology nonstop_tsc aperfmperf eagerfpu pni pclmulqdq dtes64 monitor ds_cpl vmx est tm2 ssse3 fma cx16 xtpr pdcm pcid sse4_1 sse4_2 x2apic movbe popcnt tsc_deadline_timer aes xsave avx f16c rdrand lahf_lm abm arat epb pln pts dtherm tpr_shadow vnmi flexpriority ept vpid fsgsbase tsc_adjust bmi1 avx2 smep bmi2 erms invpcid xsaveopt
bugs		:
bogomips	: 3791.05
clflush size	: 64
cache_alignment	: 64
address sizes	: 39 bits physical, 48 bits virtual
power management:

processor	: 3
vendor_id	: GenuineIntel
cpu family	: 6
model		: 69
model name	: Intel(R) Core(TM) i3-4030U CPU @ 1.90GHz
stepping	: 1
microcode	: 0x1c
cpu MHz		: 1866.601
cache size	: 3072 KB
physical id	: 0
siblings	: 4
core id		: 1
cpu cores	: 2
apicid		: 3
initial apicid	: 3
fpu		: yes
fpu_exception	: yes
cpuid level	: 13
wp		: yes
flags		: fpu vme de pse tsc msr pae mce cx8 apic sep mtrr pge mca cmov pat pse36 clflush dts acpi mmx fxsr sse sse2 ss ht tm pbe syscall nx pdpe1gb rdtscp lm constant_tsc arch_perfmon pebs bts rep_good nopl xtopology nonstop_tsc aperfmperf eagerfpu pni pclmulqdq dtes64 monitor ds_cpl vmx est tm2 ssse3 fma cx16 xtpr pdcm pcid sse4_1 sse4_2 x2apic movbe popcnt tsc_deadline_timer aes xsave avx f16c rdrand lahf_lm abm arat epb pln pts dtherm tpr_shadow vnmi flexpriority ept vpid fsgsbase tsc_adjust bmi1 avx2 smep bmi2 erms invpcid xsaveopt
bugs		:
bogomips	: 3791.05
clflush size	: 64
cache_alignment	: 64
address sizes	: 39 bits physical, 48 bits virtual
power management:



Memory: 4k page, physical 8069392k(54028k free), swap 0k(0k free)

vm_info: Java HotSpot(TM) 64-Bit Server VM (25.72-b15) for linux-amd64 JRE (1.8.0_72-b15), built on Dec 22 2015 22:00:07 by "java_re" with gcc 4.3.0 20080428 (Red Hat 4.3.0-8)

time: Mon Dec  5 23:09:27 2016
elapsed time: 49 seconds (0d 0h 0m 49s)

