#
# There is insufficient memory for the Java Runtime Environment to continue.
# Native memory allocation (mmap) failed to map 173015040 bytes for committing reserved memory.
# Possible reasons:
#   The system is out of physical RAM or swap space
#   In 32 bit mode, the process size limit was hit
# Possible solutions:
#   Reduce memory load on the system
#   Increase physical memory or swap space
#   Check if swap backing store is full
#   Use 64 bit Java on a 64 bit OS
#   Decrease Java heap size (-Xmx/-Xms)
#   Decrease number of Java threads
#   Decrease Java thread stack sizes (-Xss)
#   Set larger code cache with -XX:ReservedCodeCacheSize=
# This output file may be truncated or incomplete.
#
#  Out of Memory Error (os_linux.cpp:2627), pid=20597, tid=140470377211648
#
# JRE version: Java(TM) SE Runtime Environment (8.0_72-b15) (build 1.8.0_72-b15)
# Java VM: Java HotSpot(TM) 64-Bit Server VM (25.72-b15 mixed mode linux-amd64 compressed oops)
# Failed to write core dump. Core dumps have been disabled. To enable core dumping, try "ulimit -c unlimited" before starting Java again
#

---------------  T H R E A D  ---------------

Current thread (0x00007fc1f4083000):  VMThread [stack: 0x00007fc1cedf6000,0x00007fc1ceef7000] [id=20603]

Stack: [0x00007fc1cedf6000,0x00007fc1ceef7000],  sp=0x00007fc1ceef52a0,  free space=1020k
Native frames: (J=compiled Java code, j=interpreted, Vv=VM code, C=native code)
V  [libjvm.so+0xaba7ea]  VMError::report_and_die()+0x2ba
V  [libjvm.so+0x4f9e3b]  report_vm_out_of_memory(char const*, int, unsigned long, VMErrorType, char const*)+0x8b
V  [libjvm.so+0x91b613]  os::Linux::commit_memory_impl(char*, unsigned long, bool)+0x103
V  [libjvm.so+0x91bb69]  os::pd_commit_memory(char*, unsigned long, unsigned long, bool)+0x29
V  [libjvm.so+0x915e6a]  os::commit_memory(char*, unsigned long, unsigned long, bool)+0x2a
V  [libjvm.so+0x989543]  PSVirtualSpace::expand_by(unsigned long)+0x53
V  [libjvm.so+0x98a948]  PSYoungGen::resize_generation(unsigned long, unsigned long)+0xf8
V  [libjvm.so+0x989aa2]  PSYoungGen::resize(unsigned long, unsigned long)+0x22
V  [libjvm.so+0x986d7b]  PSScavenge::invoke_no_policy()+0xf3b
V  [libjvm.so+0x987501]  PSScavenge::invoke()+0x41
V  [libjvm.so+0x93f300]  ParallelScavengeHeap::failed_mem_allocate(unsigned long)+0x70
V  [libjvm.so+0xabc207]  VM_ParallelGCFailedAllocation::doit()+0x97
V  [libjvm.so+0xac3c35]  VM_Operation::evaluate()+0x55
V  [libjvm.so+0xac200a]  VMThread::evaluate_operation(VM_Operation*)+0xba
V  [libjvm.so+0xac238e]  VMThread::loop()+0x1ce
V  [libjvm.so+0xac2800]  VMThread::run()+0x70
V  [libjvm.so+0x91d9d8]  java_start(Thread*)+0x108

VM_Operation (0x00007fc1fb961800): ParallelGCFailedAllocation, mode: safepoint, requested by thread 0x00007fc1f4015000


---------------  P R O C E S S  ---------------

Java Threads: ( => current thread )
  0x00007fc1f4c44800 JavaThread "Keep-Alive-Timer" daemon [_thread_blocked, id=20650, stack(0x00007fc199793000,0x00007fc199894000)]
  0x00007fc1f5bed800 JavaThread "AWT-EventQueue-0" [_thread_blocked, id=20645, stack(0x00007fc19a1f5000,0x00007fc19a2f6000)]
  0x00007fc1f5be3800 JavaThread "AWT-Shutdown" [_thread_blocked, id=20644, stack(0x00007fc19a2f6000,0x00007fc19a3f7000)]
  0x00007fc1f5b78800 JavaThread "AWT-XAWT" daemon [_thread_in_native, id=20643, stack(0x00007fc1a4041000,0x00007fc1a4142000)]
  0x00007fc1f4bf7800 JavaThread "Java2D Disposer" daemon [_thread_blocked, id=20634, stack(0x00007fc1a76c3000,0x00007fc1a77c4000)]
  0x00007fc1f4b02000 JavaThread "Monitor Ctrl-Break" daemon [_thread_in_native, id=20633, stack(0x00007fc1cd65f000,0x00007fc1cd760000)]
  0x00007fc1f40cc800 JavaThread "Service Thread" daemon [_thread_blocked, id=20610, stack(0x00007fc1ce00d000,0x00007fc1ce10e000)]
  0x00007fc1f40c9800 JavaThread "C1 CompilerThread2" daemon [_thread_blocked, id=20609, stack(0x00007fc1ce10e000,0x00007fc1ce20f000)]
  0x00007fc1f40c7800 JavaThread "C2 CompilerThread1" daemon [_thread_blocked, id=20608, stack(0x00007fc1ce20f000,0x00007fc1ce310000)]
  0x00007fc1f40c4800 JavaThread "C2 CompilerThread0" daemon [_thread_blocked, id=20607, stack(0x00007fc1ce310000,0x00007fc1ce411000)]
  0x00007fc1f40c3000 JavaThread "Signal Dispatcher" daemon [_thread_blocked, id=20606, stack(0x00007fc1ce411000,0x00007fc1ce512000)]
  0x00007fc1f408f800 JavaThread "Finalizer" daemon [_thread_blocked, id=20605, stack(0x00007fc1cebf4000,0x00007fc1cecf5000)]
  0x00007fc1f408b000 JavaThread "Reference Handler" daemon [_thread_blocked, id=20604, stack(0x00007fc1cecf5000,0x00007fc1cedf6000)]
  0x00007fc1f4015000 JavaThread "main" [_thread_blocked, id=20598, stack(0x00007fc1fb864000,0x00007fc1fb965000)]

Other Threads:
=>0x00007fc1f4083000 VMThread [stack: 0x00007fc1cedf6000,0x00007fc1ceef7000] [id=20603]
  0x00007fc1f40d0000 WatcherThread [stack: 0x00007fc1cdf0c000,0x00007fc1ce00d000] [id=20611]

VM state:at safepoint (normal execution)

VM Mutex/Monitor currently owned by a thread:  ([mutex/lock_event])
[0x00007fc1f4011370] Threads_lock - owner thread: 0x00007fc1f4083000
[0x00007fc1f4011870] Heap_lock - owner thread: 0x00007fc1f4015000

Heap:
 PSYoungGen      total 402944K, used 1040K [0x00000000d6f00000, 0x00000000f3600000, 0x0000000100000000)
  eden space 339968K, 0% used [0x00000000d6f00000,0x00000000d6f00000,0x00000000ebb00000)
  from space 62976K, 1% used [0x00000000ebb00000,0x00000000ebc04010,0x00000000ef880000)
  to   space 55296K, 0% used [0x00000000f0000000,0x00000000f0000000,0x00000000f3600000)
 ParOldGen       total 104448K, used 28909K [0x0000000084c00000, 0x000000008b200000, 0x00000000d6f00000)
  object space 104448K, 27% used [0x0000000084c00000,0x000000008683b6d8,0x000000008b200000)
 Metaspace       used 21707K, capacity 21960K, committed 22192K, reserved 1069056K
  class space    used 2385K, capacity 2467K, committed 2560K, reserved 1048576K

Card table byte_map: [0x00007fc1f8242000,0x00007fc1f861d000] byte_map_base: 0x00007fc1f7e1c000

Marking Bits: (ParMarkBitMap*) 0x00007fc1fad34100
 Begin Bits: [0x00007fc1dc260000, 0x00007fc1de130000)
 End Bits:   [0x00007fc1de130000, 0x00007fc1e0000000)

Polling page: 0x00007fc1fb981000

CodeCache: size=245760Kb used=8303Kb max_used=8317Kb free=237456Kb
 bounds [0x00007fc1e5000000, 0x00007fc1e5830000, 0x00007fc1f4000000]
 total_blobs=3564 nmethods=2230 adapters=1247
 compilation: enabled

Compilation events (10 events):
Event: 33.086 Thread 0x00007fc1f40c9800 2454       3       java.util.WeakHashMap::isEmpty (13 bytes)
Event: 33.087 Thread 0x00007fc1f40c9800 nmethod 2454 0x00007fc1e58249d0 code [0x00007fc1e5824b40, 0x00007fc1e5824e68]
Event: 33.087 Thread 0x00007fc1f40c9800 2455       3       java.util.WeakHashMap::size (18 bytes)
Event: 33.087 Thread 0x00007fc1f40c9800 nmethod 2455 0x00007fc1e5808090 code [0x00007fc1e5808200, 0x00007fc1e58083e8]
Event: 33.087 Thread 0x00007fc1f40c9800 2456       3       sun.net.www.protocol.jar.JarURLConnection::setUseCaches (9 bytes)
Event: 33.087 Thread 0x00007fc1f40c9800 nmethod 2456 0x00007fc1e5823890 code [0x00007fc1e5823a00, 0x00007fc1e5823c28]
Event: 33.091 Thread 0x00007fc1f40c9800 2457       3       java.util.regex.Matcher::getTextLength (10 bytes)
Event: 33.091 Thread 0x00007fc1f40c9800 nmethod 2457 0x00007fc1e5823450 code [0x00007fc1e58235c0, 0x00007fc1e58237e8]
Event: 33.113 Thread 0x00007fc1f40c4800 nmethod 2452 0x00007fc1e582a110 code [0x00007fc1e582a320, 0x00007fc1e582aed0]
Event: 33.113 Thread 0x00007fc1f40c4800 2453       4       java.net.URLStreamHandler::parseURL (1158 bytes)

GC Heap History (10 events):
Event: 21.734 GC heap after
Heap after GC invocations=8 (full 1):
 PSYoungGen      total 167424K, used 41094K [0x00000000d6f00000, 0x00000000eba80000, 0x0000000100000000)
  eden space 121856K, 0% used [0x00000000d6f00000,0x00000000d6f00000,0x00000000de600000)
  from space 45568K, 90% used [0x00000000de600000,0x00000000e0e21aa8,0x00000000e1280000)
  to   space 52224K, 0% used [0x00000000e8780000,0x00000000e8780000,0x00000000eba80000)
 ParOldGen       total 142336K, used 78643K [0x0000000084c00000, 0x000000008d700000, 0x00000000d6f00000)
  object space 142336K, 55% used [0x0000000084c00000,0x00000000898cce58,0x000000008d700000)
 Metaspace       used 16241K, capacity 16364K, committed 16512K, reserved 1064960K
  class space    used 1846K, capacity 1897K, committed 1920K, reserved 1048576K
}
Event: 23.247 GC heap before
{Heap before GC invocations=9 (full 1):
 PSYoungGen      total 167424K, used 162950K [0x00000000d6f00000, 0x00000000eba80000, 0x0000000100000000)
  eden space 121856K, 100% used [0x00000000d6f00000,0x00000000de600000,0x00000000de600000)
  from space 45568K, 90% used [0x00000000de600000,0x00000000e0e21aa8,0x00000000e1280000)
  to   space 52224K, 0% used [0x00000000e8780000,0x00000000e8780000,0x00000000eba80000)
 ParOldGen       total 142336K, used 78643K [0x0000000084c00000, 0x000000008d700000, 0x00000000d6f00000)
  object space 142336K, 55% used [0x0000000084c00000,0x00000000898cce58,0x000000008d700000)
 Metaspace       used 16654K, capacity 16812K, committed 17152K, reserved 1064960K
  class space    used 1901K, capacity 1961K, committed 2048K, reserved 1048576K
Event: 23.333 GC heap after
Heap after GC invocations=9 (full 1):
 PSYoungGen      total 275968K, used 52219K [0x00000000d6f00000, 0x00000000ed200000, 0x0000000100000000)
  eden space 223744K, 0% used [0x00000000d6f00000,0x00000000d6f00000,0x00000000e4980000)
  from space 52224K, 99% used [0x00000000e8780000,0x00000000eba7ec50,0x00000000eba80000)
  to   space 63488K, 0% used [0x00000000e4980000,0x00000000e4980000,0x00000000e8780000)
 ParOldGen       total 142336K, used 83905K [0x0000000084c00000, 0x000000008d700000, 0x00000000d6f00000)
  object space 142336K, 58% used [0x0000000084c00000,0x0000000089df05c8,0x000000008d700000)
 Metaspace       used 16654K, capacity 16812K, committed 17152K, reserved 1064960K
  class space    used 1901K, capacity 1961K, committed 2048K, reserved 1048576K
}
Event: 27.149 GC heap before
{Heap before GC invocations=10 (full 1):
 PSYoungGen      total 275968K, used 274725K [0x00000000d6f00000, 0x00000000ed200000, 0x0000000100000000)
  eden space 223744K, 99% used [0x00000000d6f00000,0x00000000e484a810,0x00000000e4980000)
  from space 52224K, 99% used [0x00000000e8780000,0x00000000eba7ec50,0x00000000eba80000)
  to   space 63488K, 0% used [0x00000000e4980000,0x00000000e4980000,0x00000000e8780000)
 ParOldGen       total 142336K, used 83905K [0x0000000084c00000, 0x000000008d700000, 0x00000000d6f00000)
  object space 142336K, 58% used [0x0000000084c00000,0x0000000089df05c8,0x000000008d700000)
 Metaspace       used 20971K, capacity 21092K, committed 21296K, reserved 1069056K
  class space    used 2319K, capacity 2381K, committed 2432K, reserved 1048576K
Event: 27.196 GC heap after
Heap after GC invocations=10 (full 1):
 PSYoungGen      total 287232K, used 15239K [0x00000000d6f00000, 0x00000000f3c80000, 0x0000000100000000)
  eden space 223744K, 0% used [0x00000000d6f00000,0x00000000d6f00000,0x00000000e4980000)
  from space 63488K, 24% used [0x00000000e4980000,0x00000000e5861c80,0x00000000e8780000)
  to   space 61952K, 0% used [0x00000000f0000000,0x00000000f0000000,0x00000000f3c80000)
 ParOldGen       total 142336K, used 93227K [0x0000000084c00000, 0x000000008d700000, 0x00000000d6f00000)
  object space 142336K, 65% used [0x0000000084c00000,0x000000008a70ad58,0x000000008d700000)
 Metaspace       used 20971K, capacity 21092K, committed 21296K, reserved 1069056K
  class space    used 2319K, capacity 2381K, committed 2432K, reserved 1048576K
}
Event: 27.196 GC heap before
{Heap before GC invocations=11 (full 2):
 PSYoungGen      total 287232K, used 15239K [0x00000000d6f00000, 0x00000000f3c80000, 0x0000000100000000)
  eden space 223744K, 0% used [0x00000000d6f00000,0x00000000d6f00000,0x00000000e4980000)
  from space 63488K, 24% used [0x00000000e4980000,0x00000000e5861c80,0x00000000e8780000)
  to   space 61952K, 0% used [0x00000000f0000000,0x00000000f0000000,0x00000000f3c80000)
 ParOldGen       total 142336K, used 93227K [0x0000000084c00000, 0x000000008d700000, 0x00000000d6f00000)
  object space 142336K, 65% used [0x0000000084c00000,0x000000008a70ad58,0x000000008d700000)
 Metaspace       used 20971K, capacity 21092K, committed 21296K, reserved 1069056K
  class space    used 2319K, capacity 2381K, committed 2432K, reserved 1048576K
Event: 27.257 GC heap after
Heap after GC invocations=11 (full 2):
 PSYoungGen      total 287232K, used 0K [0x00000000d6f00000, 0x00000000f3c80000, 0x0000000100000000)
  eden space 223744K, 0% used [0x00000000d6f00000,0x00000000d6f00000,0x00000000e4980000)
  from space 63488K, 0% used [0x00000000e4980000,0x00000000e4980000,0x00000000e8780000)
  to   space 61952K, 0% used [0x00000000f0000000,0x00000000f0000000,0x00000000f3c80000)
 ParOldGen       total 104448K, used 28781K [0x0000000084c00000, 0x000000008b200000, 0x00000000d6f00000)
  object space 104448K, 27% used [0x0000000084c00000,0x000000008681b6a8,0x000000008b200000)
 Metaspace       used 20971K, capacity 21092K, committed 21296K, reserved 1069056K
  class space    used 2319K, capacity 2381K, committed 2432K, reserved 1048576K
}
Event: 30.003 GC heap before
{Heap before GC invocations=12 (full 2):
 PSYoungGen      total 287232K, used 223744K [0x00000000d6f00000, 0x00000000f3c80000, 0x0000000100000000)
  eden space 223744K, 100% used [0x00000000d6f00000,0x00000000e4980000,0x00000000e4980000)
  from space 63488K, 0% used [0x00000000e4980000,0x00000000e4980000,0x00000000e8780000)
  to   space 61952K, 0% used [0x00000000f0000000,0x00000000f0000000,0x00000000f3c80000)
 ParOldGen       total 104448K, used 28781K [0x0000000084c00000, 0x000000008b200000, 0x00000000d6f00000)
  object space 104448K, 27% used [0x0000000084c00000,0x000000008681b6a8,0x000000008b200000)
 Metaspace       used 21445K, capacity 21602K, committed 21808K, reserved 1069056K
  class space    used 2357K, capacity 2418K, committed 2432K, reserved 1048576K
Event: 30.023 GC heap after
Heap after GC invocations=12 (full 2):
 PSYoungGen      total 395264K, used 864K [0x00000000d6f00000, 0x00000000f3600000, 0x0000000100000000)
  eden space 339968K, 0% used [0x00000000d6f00000,0x00000000d6f00000,0x00000000ebb00000)
  from space 55296K, 1% used [0x00000000f0000000,0x00000000f00d8020,0x00000000f3600000)
  to   space 62976K, 0% used [0x00000000ebb00000,0x00000000ebb00000,0x00000000ef880000)
 ParOldGen       total 104448K, used 28789K [0x0000000084c00000, 0x000000008b200000, 0x00000000d6f00000)
  object space 104448K, 27% used [0x0000000084c00000,0x000000008681d6a8,0x000000008b200000)
 Metaspace       used 21445K, capacity 21602K, committed 21808K, reserved 1069056K
  class space    used 2357K, capacity 2418K, committed 2432K, reserved 1048576K
}
Event: 33.118 GC heap before
{Heap before GC invocations=13 (full 2):
 PSYoungGen      total 395264K, used 340832K [0x00000000d6f00000, 0x00000000f3600000, 0x0000000100000000)
  eden space 339968K, 100% used [0x00000000d6f00000,0x00000000ebb00000,0x00000000ebb00000)
  from space 55296K, 1% used [0x00000000f0000000,0x00000000f00d8020,0x00000000f3600000)
  to   space 62976K, 0% used [0x00000000ebb00000,0x00000000ebb00000,0x00000000ef880000)
 ParOldGen       total 104448K, used 28789K [0x0000000084c00000, 0x000000008b200000, 0x00000000d6f00000)
  object space 104448K, 27% used [0x0000000084c00000,0x000000008681d6a8,0x000000008b200000)
 Metaspace       used 21707K, capacity 21960K, committed 22192K, reserved 1069056K
  class space    used 2385K, capacity 2467K, committed 2560K, reserved 1048576K

Deoptimization events (10 events):
Event: 26.364 Thread 0x00007fc1f4015000 Uncommon trap: reason=unstable_if action=reinterpret pc=0x00007fc1e528bb04 method=java.util.HashMap.getNode(ILjava/lang/Object;)Ljava/util/HashMap$Node; @ 62
Event: 26.364 Thread 0x00007fc1f4015000 Uncommon trap: reason=unstable_if action=reinterpret pc=0x00007fc1e53fb9a0 method=java.util.HashMap.putVal(ILjava/lang/Object;Ljava/lang/Object;ZZ)Ljava/lang/Object; @ 94
Event: 26.569 Thread 0x00007fc1f4015000 Uncommon trap: reason=unstable_if action=reinterpret pc=0x00007fc1e55459a4 method=java.lang.reflect.Method.equals(Ljava/lang/Object;)Z @ 49
Event: 27.081 Thread 0x00007fc1f4015000 Uncommon trap: reason=bimorphic action=maybe_recompile pc=0x00007fc1e557ab28 method=java.net.URL.<init>(Ljava/net/URL;Ljava/lang/String;Ljava/net/URLStreamHandler;)V @ 504
Event: 27.384 Thread 0x00007fc1f4015000 Uncommon trap: reason=unstable_if action=reinterpret pc=0x00007fc1e524a1a8 method=java.lang.CharacterDataLatin1.digit(II)I @ 31
Event: 27.445 Thread 0x00007fc1f4015000 Uncommon trap: reason=unstable_if action=reinterpret pc=0x00007fc1e557a908 method=java.net.URL.<init>(Ljava/net/URL;Ljava/lang/String;Ljava/net/URLStreamHandler;)V @ 347
Event: 33.052 Thread 0x00007fc1f4015000 Uncommon trap: reason=class_check action=maybe_recompile pc=0x00007fc1e581af4c method=java.lang.reflect.Array.newInstance(Ljava/lang/Class;I)Ljava/lang/Object; @ 2
Event: 33.052 Thread 0x00007fc1f4015000 Uncommon trap: reason=class_check action=maybe_recompile pc=0x00007fc1e581af4c method=java.lang.reflect.Array.newInstance(Ljava/lang/Class;I)Ljava/lang/Object; @ 2
Event: 33.098 Thread 0x00007fc1f4015000 Uncommon trap: reason=class_check action=maybe_recompile pc=0x00007fc1e581af4c method=java.lang.reflect.Array.newInstance(Ljava/lang/Class;I)Ljava/lang/Object; @ 2
Event: 33.098 Thread 0x00007fc1f4015000 Uncommon trap: reason=class_check action=maybe_recompile pc=0x00007fc1e581af4c method=java.lang.reflect.Array.newInstance(Ljava/lang/Class;I)Ljava/lang/Object; @ 2

Internal exceptions (10 events):
Event: 32.882 Thread 0x00007fc1f4015000 Exception <a 'java/lang/NoClassDefFoundError': javax/mail/MessagingException> (0x00000000e9f6e748) thrown at [/HUDSON/workspace/8-2-build-linux-amd64/jdk8u72/5732/hotspot/src/share/vm/classfile/systemDictionary.cpp, line 199]
Event: 32.884 Thread 0x00007fc1f4015000 Exception <a 'java/lang/NoClassDefFoundError': com/sun/syndication/io/FeedException> (0x00000000e9fc6f98) thrown at [/HUDSON/workspace/8-2-build-linux-amd64/jdk8u72/5732/hotspot/src/share/vm/classfile/systemDictionary.cpp, line 199]
Event: 32.885 Thread 0x00007fc1f4015000 Exception <a 'java/lang/NoClassDefFoundError': com/sun/syndication/io/FeedException> (0x00000000e9fdc7d0) thrown at [/HUDSON/workspace/8-2-build-linux-amd64/jdk8u72/5732/hotspot/src/share/vm/classfile/systemDictionary.cpp, line 199]
Event: 32.959 Thread 0x00007fc1f4015000 Exception <a 'java/lang/NoClassDefFoundError': javax/mail/MessagingException> (0x00000000ea6f6430) thrown at [/HUDSON/workspace/8-2-build-linux-amd64/jdk8u72/5732/hotspot/src/share/vm/classfile/systemDictionary.cpp, line 199]
Event: 32.993 Thread 0x00007fc1f4015000 Exception <a 'java/lang/NoClassDefFoundError': com/sun/syndication/io/FeedException> (0x00000000eacd25f0) thrown at [/HUDSON/workspace/8-2-build-linux-amd64/jdk8u72/5732/hotspot/src/share/vm/classfile/systemDictionary.cpp, line 199]
Event: 32.994 Thread 0x00007fc1f4015000 Exception <a 'java/lang/NoClassDefFoundError': com/sun/syndication/io/FeedException> (0x00000000eace7e28) thrown at [/HUDSON/workspace/8-2-build-linux-amd64/jdk8u72/5732/hotspot/src/share/vm/classfile/systemDictionary.cpp, line 199]
Event: 33.033 Thread 0x00007fc1f4015000 Exception <a 'java/lang/NoClassDefFoundError': javax/mail/MessagingException> (0x00000000eb33fdd8) thrown at [/HUDSON/workspace/8-2-build-linux-amd64/jdk8u72/5732/hotspot/src/share/vm/classfile/systemDictionary.cpp, line 199]
Event: 33.036 Thread 0x00007fc1f4015000 Exception <a 'java/lang/NoClassDefFoundError': com/sun/syndication/io/FeedException> (0x00000000eb398628) thrown at [/HUDSON/workspace/8-2-build-linux-amd64/jdk8u72/5732/hotspot/src/share/vm/classfile/systemDictionary.cpp, line 199]
Event: 33.037 Thread 0x00007fc1f4015000 Exception <a 'java/lang/NoClassDefFoundError': com/sun/syndication/io/FeedException> (0x00000000eb3ade60) thrown at [/HUDSON/workspace/8-2-build-linux-amd64/jdk8u72/5732/hotspot/src/share/vm/classfile/systemDictionary.cpp, line 199]
Event: 33.117 Thread 0x00007fc1f4015000 Exception <a 'java/lang/NoClassDefFoundError': javax/mail/MessagingException> (0x00000000ebac5530) thrown at [/HUDSON/workspace/8-2-build-linux-amd64/jdk8u72/5732/hotspot/src/share/vm/classfile/systemDictionary.cpp, line 199]

Events (10 events):
Event: 33.078 Thread 0x00007fc1f4015000 DEOPT UNPACKING pc=0x00007fc1e5047633 sp=0x00007fc1fb962760 mode 0
Event: 33.098 Thread 0x00007fc1f4015000 Uncommon trap: trap_request=0xffffffde fr.pc=0x00007fc1e581af4c
Event: 33.098 Thread 0x00007fc1f4015000 DEOPT PACKING pc=0x00007fc1e581af4c sp=0x00007fc1fb9619a0
Event: 33.098 Thread 0x00007fc1f4015000 DEOPT UNPACKING pc=0x00007fc1e5005229 sp=0x00007fc1fb961820 mode 2
Event: 33.098 Thread 0x00007fc1f4015000 Uncommon trap: trap_request=0xffffffde fr.pc=0x00007fc1e581af4c
Event: 33.098 Thread 0x00007fc1f4015000 DEOPT PACKING pc=0x00007fc1e581af4c sp=0x00007fc1fb9619a0
Event: 33.098 Thread 0x00007fc1f4015000 DEOPT UNPACKING pc=0x00007fc1e5005229 sp=0x00007fc1fb961820 mode 2
Event: 33.116 loading class javax/mail/MessagingException
Event: 33.116 loading class javax/mail/MessagingException done
Event: 33.118 Executing VM operation: ParallelGCFailedAllocation


Dynamic libraries:
00400000-00401000 r-xp 00000000 08:09 3810816                            /usr/lib/jvm/java-8-oracle/bin/java
00600000-00601000 rw-p 00000000 08:09 3810816                            /usr/lib/jvm/java-8-oracle/bin/java
01a70000-01a91000 rw-p 00000000 00:00 0                                  [heap]
84c00000-8b200000 rw-p 00000000 00:00 0 
8b200000-d6f00000 ---p 00000000 00:00 0 
d6f00000-f3600000 rw-p 00000000 00:00 0 
fdb00000-100000000 ---p 00000000 00:00 0 
100000000-100280000 rw-p 00000000 00:00 0 
100280000-140000000 ---p 00000000 00:00 0 
7fc174000000-7fc17404f000 rw-p 00000000 00:00 0 
7fc17404f000-7fc178000000 ---p 00000000 00:00 0 
7fc178000000-7fc178021000 rw-p 00000000 00:00 0 
7fc178021000-7fc17c000000 ---p 00000000 00:00 0 
7fc17c000000-7fc17c021000 rw-p 00000000 00:00 0 
7fc17c021000-7fc180000000 ---p 00000000 00:00 0 
7fc180000000-7fc180021000 rw-p 00000000 00:00 0 
7fc180021000-7fc184000000 ---p 00000000 00:00 0 
7fc184000000-7fc184136000 rw-p 00000000 00:00 0 
7fc184136000-7fc188000000 ---p 00000000 00:00 0 
7fc188000000-7fc188136000 rw-p 00000000 00:00 0 
7fc188136000-7fc18c000000 ---p 00000000 00:00 0 
7fc18c000000-7fc18c135000 rw-p 00000000 00:00 0 
7fc18c135000-7fc190000000 ---p 00000000 00:00 0 
7fc190000000-7fc190135000 rw-p 00000000 00:00 0 
7fc190135000-7fc194000000 ---p 00000000 00:00 0 
7fc194000000-7fc19417e000 rw-p 00000000 00:00 0 
7fc19417e000-7fc198000000 ---p 00000000 00:00 0 
7fc199793000-7fc199796000 ---p 00000000 00:00 0 
7fc199796000-7fc1999c0000 rw-p 00000000 00:00 0                          [stack:20650]
7fc1999c0000-7fc199a94000 ---p 00000000 00:00 0 
7fc199a94000-7fc199c94000 rw-p 00000000 00:00 0 
7fc199c94000-7fc199d75000 rw-s 00000000 00:05 162299921                  /SYSV00000000 (deleted)
7fc199d75000-7fc199dde000 r-xp 00000000 08:09 3806279                    /usr/lib/jvm/java-8-oracle/jre/lib/amd64/libt2k.so
7fc199dde000-7fc199fde000 ---p 00069000 08:09 3806279                    /usr/lib/jvm/java-8-oracle/jre/lib/amd64/libt2k.so
7fc199fde000-7fc199fe5000 rw-p 00069000 08:09 3806279                    /usr/lib/jvm/java-8-oracle/jre/lib/amd64/libt2k.so
7fc199fe5000-7fc19a1f5000 rw-p 00000000 00:00 0 
7fc19a1f5000-7fc19a1f8000 ---p 00000000 00:00 0 
7fc19a1f8000-7fc19a2f6000 rw-p 00000000 00:00 0                          [stack:20645]
7fc19a2f6000-7fc19a2f9000 ---p 00000000 00:00 0 
7fc19a2f9000-7fc19a5f7000 rw-p 00000000 00:00 0                          [stack:20644]
7fc19a5f7000-7fc19a5fc000 r-xp 00000000 08:09 3417122                    /usr/lib/x86_64-linux-gnu/libXfixes.so.3.1.0
7fc19a5fc000-7fc19a7fb000 ---p 00005000 08:09 3417122                    /usr/lib/x86_64-linux-gnu/libXfixes.so.3.1.0
7fc19a7fb000-7fc19a7fc000 r--p 00004000 08:09 3417122                    /usr/lib/x86_64-linux-gnu/libXfixes.so.3.1.0
7fc19a7fc000-7fc19a7fd000 rw-p 00005000 08:09 3417122                    /usr/lib/x86_64-linux-gnu/libXfixes.so.3.1.0
7fc19a7fd000-7fc19a7fe000 ---p 00000000 00:00 0 
7fc19a7fe000-7fc19affe000 rw-p 00000000 00:00 0                          [stack:20642]
7fc19affe000-7fc19afff000 ---p 00000000 00:00 0 
7fc19afff000-7fc19b7ff000 rw-p 00000000 00:00 0                          [stack:20641]
7fc19b7ff000-7fc19b800000 ---p 00000000 00:00 0 
7fc19b800000-7fc19c000000 rw-p 00000000 00:00 0                          [stack:20640]
7fc19c000000-7fc19c021000 rw-p 00000000 00:00 0 
7fc19c021000-7fc1a0000000 ---p 00000000 00:00 0 
7fc1a0000000-7fc1a0021000 rw-p 00000000 00:00 0 
7fc1a0021000-7fc1a4000000 ---p 00000000 00:00 0 
7fc1a4041000-7fc1a4044000 ---p 00000000 00:00 0 
7fc1a4044000-7fc1a4142000 rw-p 00000000 00:00 0                          [stack:20643]
7fc1a4142000-7fc1a414b000 r-xp 00000000 08:09 3417114                    /usr/lib/x86_64-linux-gnu/libXcursor.so.1.0.2
7fc1a414b000-7fc1a434a000 ---p 00009000 08:09 3417114                    /usr/lib/x86_64-linux-gnu/libXcursor.so.1.0.2
7fc1a434a000-7fc1a434b000 r--p 00008000 08:09 3417114                    /usr/lib/x86_64-linux-gnu/libXcursor.so.1.0.2
7fc1a434b000-7fc1a434c000 rw-p 00009000 08:09 3417114                    /usr/lib/x86_64-linux-gnu/libXcursor.so.1.0.2
7fc1a434c000-7fc1a434d000 ---p 00000000 00:00 0 
7fc1a434d000-7fc1a4b4d000 rw-p 00000000 00:00 0                          [stack:20639]
7fc1a4b4d000-7fc1a4b4e000 ---p 00000000 00:00 0 
7fc1a4b4e000-7fc1a534e000 rw-p 00000000 00:00 0                          [stack:20638]
7fc1a534e000-7fc1a54c1000 r-xp 00000000 08:09 3418083                    /usr/lib/x86_64-linux-gnu/libstdc++.so.6.0.21
7fc1a54c1000-7fc1a56c0000 ---p 00173000 08:09 3418083                    /usr/lib/x86_64-linux-gnu/libstdc++.so.6.0.21
7fc1a56c0000-7fc1a56ca000 r--p 00172000 08:09 3418083                    /usr/lib/x86_64-linux-gnu/libstdc++.so.6.0.21
7fc1a56ca000-7fc1a56cc000 rw-p 0017c000 08:09 3418083                    /usr/lib/x86_64-linux-gnu/libstdc++.so.6.0.21
7fc1a56cc000-7fc1a56d0000 rw-p 00000000 00:00 0 
7fc1a56d0000-7fc1a6613000 r-xp 00000000 08:09 2623201                    /tmp/xuggle/xuggle7547033191575235982.tmp (deleted)
7fc1a6613000-7fc1a6813000 ---p 00f43000 08:09 2623201                    /tmp/xuggle/xuggle7547033191575235982.tmp (deleted)
7fc1a6813000-7fc1a686e000 r--p 00f43000 08:09 2623201                    /tmp/xuggle/xuggle7547033191575235982.tmp (deleted)
7fc1a686e000-7fc1a68a8000 rw-p 00f9e000 08:09 2623201                    /tmp/xuggle/xuggle7547033191575235982.tmp (deleted)
7fc1a68a8000-7fc1a7033000 rw-p 00000000 00:00 0 
7fc1a7033000-7fc1a7233000 rw-p 00000000 00:00 0 
7fc1a7233000-7fc1a7249000 r-xp 00000000 08:09 3543491                    /lib/x86_64-linux-gnu/libgcc_s.so.1
7fc1a7249000-7fc1a7448000 ---p 00016000 08:09 3543491                    /lib/x86_64-linux-gnu/libgcc_s.so.1
7fc1a7448000-7fc1a7449000 r--p 00015000 08:09 3543491                    /lib/x86_64-linux-gnu/libgcc_s.so.1
7fc1a7449000-7fc1a744a000 rw-p 00016000 08:09 3543491                    /lib/x86_64-linux-gnu/libgcc_s.so.1
7fc1a744a000-7fc1a74af000 r-xp 00000000 08:09 3806280                    /usr/lib/jvm/java-8-oracle/jre/lib/amd64/libfontmanager.so
7fc1a74af000-7fc1a76ae000 ---p 00065000 08:09 3806280                    /usr/lib/jvm/java-8-oracle/jre/lib/amd64/libfontmanager.so
7fc1a76ae000-7fc1a76b3000 rw-p 00064000 08:09 3806280                    /usr/lib/jvm/java-8-oracle/jre/lib/amd64/libfontmanager.so
7fc1a76b3000-7fc1a76c3000 rw-p 00000000 00:00 0 
7fc1a76c3000-7fc1a76c6000 ---p 00000000 00:00 0 
7fc1a76c6000-7fc1a77c4000 rw-p 00000000 00:00 0                          [stack:20634]
7fc1a77c4000-7fc1a77d5000 r-xp 00000000 08:09 3810728                    /usr/lib/jvm/java-8-oracle/jre/lib/amd64/libnio.so
7fc1a77d5000-7fc1a79d4000 ---p 00011000 08:09 3810728                    /usr/lib/jvm/java-8-oracle/jre/lib/amd64/libnio.so
7fc1a79d4000-7fc1a79d5000 rw-p 00010000 08:09 3810728                    /usr/lib/jvm/java-8-oracle/jre/lib/amd64/libnio.so
7fc1a79d5000-7fc1a79da000 r-xp 00000000 08:09 3417118                    /usr/lib/x86_64-linux-gnu/libXdmcp.so.6.0.0
7fc1a79da000-7fc1a7bd9000 ---p 00005000 08:09 3417118                    /usr/lib/x86_64-linux-gnu/libXdmcp.so.6.0.0
7fc1a7bd9000-7fc1a7bda000 r--p 00004000 08:09 3417118                    /usr/lib/x86_64-linux-gnu/libXdmcp.so.6.0.0
7fc1a7bda000-7fc1a7bdb000 rw-p 00005000 08:09 3417118                    /usr/lib/x86_64-linux-gnu/libXdmcp.so.6.0.0
7fc1a7bdb000-7fc1a7bdd000 r-xp 00000000 08:09 3417107                    /usr/lib/x86_64-linux-gnu/libXau.so.6.0.0
7fc1a7bdd000-7fc1a7ddd000 ---p 00002000 08:09 3417107                    /usr/lib/x86_64-linux-gnu/libXau.so.6.0.0
7fc1a7ddd000-7fc1a7dde000 r--p 00002000 08:09 3417107                    /usr/lib/x86_64-linux-gnu/libXau.so.6.0.0
7fc1a7dde000-7fc1a7ddf000 rw-p 00003000 08:09 3417107                    /usr/lib/x86_64-linux-gnu/libXau.so.6.0.0
7fc1a7ddf000-7fc1a7dff000 r-xp 00000000 08:09 3418301                    /usr/lib/x86_64-linux-gnu/libxcb.so.1.1.0
7fc1a7dff000-7fc1a7ffe000 ---p 00020000 08:09 3418301                    /usr/lib/x86_64-linux-gnu/libxcb.so.1.1.0
7fc1a7ffe000-7fc1a7fff000 r--p 0001f000 08:09 3418301                    /usr/lib/x86_64-linux-gnu/libxcb.so.1.1.0
7fc1a7fff000-7fc1a8000000 rw-p 00020000 08:09 3418301                    /usr/lib/x86_64-linux-gnu/libxcb.so.1.1.0
7fc1a8000000-7fc1a8021000 rw-p 00000000 00:00 0 
7fc1a8021000-7fc1ac000000 ---p 00000000 00:00 0 
7fc1ac000000-7fc1ac021000 rw-p 00000000 00:00 0 
7fc1ac021000-7fc1b0000000 ---p 00000000 00:00 0 
7fc1b0000000-7fc1b16a4000 rw-p 00000000 00:00 0 
7fc1b16a4000-7fc1b4000000 ---p 00000000 00:00 0 
7fc1b4000000-7fc1b4980000 rw-p 00000000 00:00 0 
7fc1b4980000-7fc1b8000000 ---p 00000000 00:00 0 
7fc1b8000000-7fc1b8021000 rw-p 00000000 00:00 0 
7fc1b8021000-7fc1bc000000 ---p 00000000 00:00 0 
7fc1bc000000-7fc1bd645000 rw-p 00000000 00:00 0 
7fc1bd645000-7fc1c0000000 ---p 00000000 00:00 0 
7fc1c0000000-7fc1c0021000 rw-p 00000000 00:00 0 
7fc1c0021000-7fc1c4000000 ---p 00000000 00:00 0 
7fc1c4000000-7fc1c4021000 rw-p 00000000 00:00 0 
7fc1c4021000-7fc1c8000000 ---p 00000000 00:00 0 
7fc1c8000000-7fc1c828b000 rw-p 00000000 00:00 0 
7fc1c828b000-7fc1cc000000 ---p 00000000 00:00 0 
7fc1cc07b000-7fc1cc097000 r--s 00393000 08:09 3810750                    /usr/lib/jvm/java-8-oracle/jre/lib/ext/cldrdata.jar
7fc1cc097000-7fc1cc0a6000 r-xp 00000000 08:09 3417128                    /usr/lib/x86_64-linux-gnu/libXi.so.6.1.0
7fc1cc0a6000-7fc1cc2a5000 ---p 0000f000 08:09 3417128                    /usr/lib/x86_64-linux-gnu/libXi.so.6.1.0
7fc1cc2a5000-7fc1cc2a6000 r--p 0000e000 08:09 3417128                    /usr/lib/x86_64-linux-gnu/libXi.so.6.1.0
7fc1cc2a6000-7fc1cc2a7000 rw-p 0000f000 08:09 3417128                    /usr/lib/x86_64-linux-gnu/libXi.so.6.1.0
7fc1cc2a7000-7fc1cc2ac000 r-xp 00000000 08:09 3417146                    /usr/lib/x86_64-linux-gnu/libXtst.so.6.1.0
7fc1cc2ac000-7fc1cc4ab000 ---p 00005000 08:09 3417146                    /usr/lib/x86_64-linux-gnu/libXtst.so.6.1.0
7fc1cc4ab000-7fc1cc4ac000 r--p 00004000 08:09 3417146                    /usr/lib/x86_64-linux-gnu/libXtst.so.6.1.0
7fc1cc4ac000-7fc1cc4ad000 rw-p 00005000 08:09 3417146                    /usr/lib/x86_64-linux-gnu/libXtst.so.6.1.0
7fc1cc4ad000-7fc1cc4b6000 r-xp 00000000 08:09 3417140                    /usr/lib/x86_64-linux-gnu/libXrender.so.1.3.0
7fc1cc4b6000-7fc1cc6b5000 ---p 00009000 08:09 3417140                    /usr/lib/x86_64-linux-gnu/libXrender.so.1.3.0
7fc1cc6b5000-7fc1cc6b6000 r--p 00008000 08:09 3417140                    /usr/lib/x86_64-linux-gnu/libXrender.so.1.3.0
7fc1cc6b6000-7fc1cc6b7000 rw-p 00009000 08:09 3417140                    /usr/lib/x86_64-linux-gnu/libXrender.so.1.3.0
7fc1cc6b7000-7fc1cc7ec000 r-xp 00000000 08:09 3417103                    /usr/lib/x86_64-linux-gnu/libX11.so.6.3.0
7fc1cc7ec000-7fc1cc9ec000 ---p 00135000 08:09 3417103                    /usr/lib/x86_64-linux-gnu/libX11.so.6.3.0
7fc1cc9ec000-7fc1cc9ed000 r--p 00135000 08:09 3417103                    /usr/lib/x86_64-linux-gnu/libX11.so.6.3.0
7fc1cc9ed000-7fc1cc9f1000 rw-p 00136000 08:09 3417103                    /usr/lib/x86_64-linux-gnu/libX11.so.6.3.0
7fc1cc9f1000-7fc1cca02000 r-xp 00000000 08:09 3417120                    /usr/lib/x86_64-linux-gnu/libXext.so.6.4.0
7fc1cca02000-7fc1ccc01000 ---p 00011000 08:09 3417120                    /usr/lib/x86_64-linux-gnu/libXext.so.6.4.0
7fc1ccc01000-7fc1ccc02000 r--p 00010000 08:09 3417120                    /usr/lib/x86_64-linux-gnu/libXext.so.6.4.0
7fc1ccc02000-7fc1ccc03000 rw-p 00011000 08:09 3417120                    /usr/lib/x86_64-linux-gnu/libXext.so.6.4.0
7fc1ccc0a000-7fc1ccc0b000 rw-p 00000000 00:00 0 
7fc1ccc0b000-7fc1ccc15000 r--s 00116000 08:09 3810743                    /usr/lib/jvm/java-8-oracle/jre/lib/ext/localedata.jar
7fc1ccc15000-7fc1ccc18000 r--s 0001a000 08:09 3676206                    /usr/lib/jvm/java-8-oracle/jre/lib/jce.jar
7fc1ccc18000-7fc1ccc1c000 r--s 00097000 08:09 3676216                    /usr/lib/jvm/java-8-oracle/jre/lib/jsse.jar
7fc1ccc1c000-7fc1ccc70000 r-xp 00000000 08:09 3810715                    /usr/lib/jvm/java-8-oracle/jre/lib/amd64/libawt_xawt.so
7fc1ccc70000-7fc1cce70000 ---p 00054000 08:09 3810715                    /usr/lib/jvm/java-8-oracle/jre/lib/amd64/libawt_xawt.so
7fc1cce70000-7fc1cce74000 rw-p 00054000 08:09 3810715                    /usr/lib/jvm/java-8-oracle/jre/lib/amd64/libawt_xawt.so
7fc1cce74000-7fc1cce75000 rw-p 00000000 00:00 0 
7fc1cce75000-7fc1ccf17000 r-xp 00000000 08:09 3810722                    /usr/lib/jvm/java-8-oracle/jre/lib/amd64/libawt.so
7fc1ccf17000-7fc1cd117000 ---p 000a2000 08:09 3810722                    /usr/lib/jvm/java-8-oracle/jre/lib/amd64/libawt.so
7fc1cd117000-7fc1cd123000 rw-p 000a2000 08:09 3810722                    /usr/lib/jvm/java-8-oracle/jre/lib/amd64/libawt.so
7fc1cd123000-7fc1cd448000 rw-p 00000000 00:00 0 
7fc1cd448000-7fc1cd45e000 r-xp 00000000 08:09 3801689                    /usr/lib/jvm/java-8-oracle/jre/lib/amd64/libnet.so
7fc1cd45e000-7fc1cd65e000 ---p 00016000 08:09 3801689                    /usr/lib/jvm/java-8-oracle/jre/lib/amd64/libnet.so
7fc1cd65e000-7fc1cd65f000 rw-p 00016000 08:09 3801689                    /usr/lib/jvm/java-8-oracle/jre/lib/amd64/libnet.so
7fc1cd65f000-7fc1cd662000 ---p 00000000 00:00 0 
7fc1cd662000-7fc1cd760000 rw-p 00000000 00:00 0                          [stack:20633]
7fc1cd760000-7fc1cd761000 r-xp 00000000 08:09 2894376                    /home/marmik2621/Downloads/idea-IC-162.2228.15/bin/libbreakgen64.so
7fc1cd761000-7fc1cd960000 ---p 00001000 08:09 2894376                    /home/marmik2621/Downloads/idea-IC-162.2228.15/bin/libbreakgen64.so
7fc1cd960000-7fc1cd961000 r--p 00000000 08:09 2894376                    /home/marmik2621/Downloads/idea-IC-162.2228.15/bin/libbreakgen64.so
7fc1cd961000-7fc1cd962000 rw-p 00001000 08:09 2894376                    /home/marmik2621/Downloads/idea-IC-162.2228.15/bin/libbreakgen64.so
7fc1cd962000-7fc1cd964000 r--s 0001e000 08:09 2883637                    /home/marmik2621/Downloads/idea-IC-162.2228.15/lib/idea_rt.jar
7fc1cd964000-7fc1cd96b000 r--s 00063000 08:09 4229391                    /home/marmik2621/.m2/repository/com/google/zxing/core/2.0/core-2.0.jar
7fc1cd96b000-7fc1cd96d000 r--s 00007000 08:09 3829991                    /home/marmik2621/.m2/repository/com/google/zxing/javase/2.0/javase-2.0.jar
7fc1cd96d000-7fc1cd96f000 r--s 00072000 08:09 1597266                    /home/marmik2621/.m2/repository/org/openimaj/hardware/kinect/1.3.5/kinect-1.3.5.jar
7fc1cd96f000-7fc1cd98e000 r--s 00138000 08:09 1837686                    /home/marmik2621/.m2/repository/bouncycastle/bcprov-jdk14/136/bcprov-jdk14-136.jar
7fc1cd98e000-7fc1cd993000 r--s 0002a000 08:09 1837685                    /home/marmik2621/.m2/repository/bouncycastle/bcmail-jdk14/136/bcmail-jdk14-136.jar
7fc1cd993000-7fc1cd99e000 r--s 000f6000 08:09 806208                     /home/marmik2621/.m2/repository/com/lowagie/itext/2.1.0/itext-2.1.0.jar
7fc1cd99e000-7fc1cd9b0000 r--s 000f6000 08:09 1461843                    /home/marmik2621/.m2/repository/org/xhtmlrenderer/core-renderer/R8pre2/core-renderer-R8pre2.jar
7fc1cd9b0000-7fc1cd9b2000 r--s 00015000 08:09 4606809                    /home/marmik2621/.m2/repository/com/uwyn/jhighlight/1.0/jhighlight-1.0.jar
7fc1cd9b2000-7fc1cd9b6000 r--s 0000f000 08:09 4096752                    /home/marmik2621/.m2/repository/com/google/code/findbugs/annotations/2.0.1/annotations-2.0.1.jar
7fc1cd9b6000-7fc1cd9bf000 r--s 000ae000 08:09 1461841                    /home/marmik2621/.m2/repository/org/javassist/javassist/3.19.0-GA/javassist-3.19.0-GA.jar
7fc1cd9bf000-7fc1cd9c2000 r--s 0001d000 08:09 1461840                    /home/marmik2621/.m2/repository/org/reflections/reflections/0.9.10/reflections-0.9.10.jar
7fc1cd9c2000-7fc1cd9c4000 r--s 00020000 08:09 1837572                    /home/marmik2621/.m2/repository/org/jogamp/jogl/jogl-all/2.0-rc11/jogl-all-2.0-rc11-natives-windows-i586.jar
7fc1cd9c4000-7fc1cd9c5000 r--s 0001b000 08:09 1837568                    /home/marmik2621/.m2/repository/org/jogamp/jogl/jogl-all/2.0-rc11/jogl-all-2.0-rc11-natives-windows-amd64.jar
7fc1cd9c5000-7fc1cd9c6000 r--s 0001b000 08:09 1837567                    /home/marmik2621/.m2/repository/org/jogamp/jogl/jogl-all/2.0-rc11/jogl-all-2.0-rc11-natives-solaris-i586.jar
7fc1cd9c6000-7fc1cd9c7000 r--s 00023000 08:09 1837566                    /home/marmik2621/.m2/repository/org/jogamp/jogl/jogl-all/2.0-rc11/jogl-all-2.0-rc11-natives-solaris-amd64.jar
7fc1cd9c7000-7fc1cd9c8000 r--s 00050000 08:09 1837561                    /home/marmik2621/.m2/repository/org/jogamp/jogl/jogl-all/2.0-rc11/jogl-all-2.0-rc11-natives-macosx-universal.jar
7fc1cd9c8000-7fc1cd9c9000 r--s 00023000 08:09 1837560                    /home/marmik2621/.m2/repository/org/jogamp/jogl/jogl-all/2.0-rc11/jogl-all-2.0-rc11-natives-linux-i586.jar
7fc1cd9c9000-7fc1cd9ca000 r--s 0001a000 08:09 1837559                    /home/marmik2621/.m2/repository/org/jogamp/jogl/jogl-all/2.0-rc11/jogl-all-2.0-rc11-natives-linux-armv6hf.jar
7fc1cd9ca000-7fc1cd9cb000 r--s 0001a000 08:09 1837558                    /home/marmik2621/.m2/repository/org/jogamp/jogl/jogl-all/2.0-rc11/jogl-all-2.0-rc11-natives-linux-armv6.jar
7fc1cd9cb000-7fc1cd9cc000 r--s 00023000 08:09 1837553                    /home/marmik2621/.m2/repository/org/jogamp/jogl/jogl-all/2.0-rc11/jogl-all-2.0-rc11-natives-linux-amd64.jar
7fc1cd9cc000-7fc1cd9cd000 r--s 00008000 08:09 1837552                    /home/marmik2621/.m2/repository/org/jogamp/jogl/jogl-all/2.0-rc11/jogl-all-2.0-rc11-natives-android-armv6.jar
7fc1cd9cd000-7fc1cd9e9000 r--s 00488000 08:09 1837563                    /home/marmik2621/.m2/repository/org/jogamp/jogl/jogl-all/2.0-rc11/jogl-all-2.0-rc11.jar
7fc1cd9e9000-7fc1cd9ea000 r--s 00000000 08:09 1837549                    /home/marmik2621/.m2/repository/org/jogamp/jogl/jogl-all-main/2.0-rc11/jogl-all-main-2.0-rc11.jar
7fc1cd9ea000-7fc1cd9eb000 r--s 00001000 08:09 1837546                    /home/marmik2621/.m2/repository/org/jogamp/gluegen/gluegen-rt/2.0-rc11/gluegen-rt-2.0-rc11-natives-windows-i586.jar
7fc1cd9eb000-7fc1cd9ec000 r--s 00001000 08:09 1837547                    /home/marmik2621/.m2/repository/org/jogamp/gluegen/gluegen-rt/2.0-rc11/gluegen-rt-2.0-rc11-natives-windows-amd64.jar
7fc1cd9ec000-7fc1cd9ed000 r--s 00000000 08:09 1837542                    /home/marmik2621/.m2/repository/org/jogamp/gluegen/gluegen-rt/2.0-rc11/gluegen-rt-2.0-rc11-natives-solaris-i586.jar
7fc1cd9ed000-7fc1cd9ee000 r--s 00000000 08:09 1837541                    /home/marmik2621/.m2/repository/org/jogamp/gluegen/gluegen-rt/2.0-rc11/gluegen-rt-2.0-rc11-natives-solaris-amd64.jar
7fc1cd9ee000-7fc1cd9ef000 r--s 00000000 08:09 1837540                    /home/marmik2621/.m2/repository/org/jogamp/gluegen/gluegen-rt/2.0-rc11/gluegen-rt-2.0-rc11-natives-macosx-universal.jar
7fc1cd9ef000-7fc1cd9f0000 r--s 00000000 08:09 1837536                    /home/marmik2621/.m2/repository/org/jogamp/gluegen/gluegen-rt/2.0-rc11/gluegen-rt-2.0-rc11-natives-linux-i586.jar
7fc1cd9f0000-7fc1cd9f1000 r--s 00000000 08:09 1837535                    /home/marmik2621/.m2/repository/org/jogamp/gluegen/gluegen-rt/2.0-rc11/gluegen-rt-2.0-rc11-natives-linux-armv6hf.jar
7fc1cd9f1000-7fc1cd9f2000 r--s 00000000 08:09 1837532                    /home/marmik2621/.m2/repository/org/jogamp/gluegen/gluegen-rt/2.0-rc11/gluegen-rt-2.0-rc11-natives-linux-armv6.jar
7fc1cd9f2000-7fc1cd9f3000 r--s 00000000 08:09 1837531                    /home/marmik2621/.m2/repository/org/jogamp/gluegen/gluegen-rt/2.0-rc11/gluegen-rt-2.0-rc11-natives-linux-amd64.jar
7fc1cd9f3000-7fc1cd9f4000 r--s 00001000 08:09 1837529                    /home/marmik2621/.m2/repository/org/jogamp/gluegen/gluegen-rt/2.0-rc11/gluegen-rt-2.0-rc11-natives-android-armv6.jar
7fc1cd9f4000-7fc1cd9f9000 r--s 00030000 08:09 1837528                    /home/marmik2621/.m2/repository/org/jogamp/gluegen/gluegen-rt/2.0-rc11/gluegen-rt-2.0-rc11.jar
7fc1cd9f9000-7fc1cd9fa000 r--s 00000000 08:09 1837526                    /home/marmik2621/.m2/repository/org/jogamp/gluegen/gluegen-rt-main/2.0-rc11/gluegen-rt-main-2.0-rc11.jar
7fc1cd9fa000-7fc1cd9fd000 r--s 00123000 08:09 1837524                    /home/marmik2621/.m2/repository/org/openimaj/content/visualisations/1.3.5/visualisations-1.3.5.jar
7fc1cd9fd000-7fc1cda03000 r--s 00037000 08:09 3568793                    /home/marmik2621/.m2/repository/ch/qos/logback/logback-classic/1.0.0/logback-classic-1.0.0.jar
7fc1cda03000-7fc1cda0b000 r--s 00049000 08:09 3568792                    /home/marmik2621/.m2/repository/ch/qos/logback/logback-core/1.0.0/logback-core-1.0.0.jar
7fc1cda0b000-7fc1cda0c000 r--s 00008000 08:09 3952640                    /home/marmik2621/.m2/repository/commons-cli/commons-cli/1.1/commons-cli-1.1.jar
7fc1cda0c000-7fc1cda13000 r--s 02511000 08:09 1837598                    /home/marmik2621/.m2/repository/xuggle/xuggle-xuggler-lgpl/5.5-20140728/xuggle-xuggler-lgpl-5.5-20140728.jar
7fc1cda13000-7fc1cda15000 r--s 00004000 08:09 1837518                    /home/marmik2621/.m2/repository/org/openimaj/xuggle-video/1.3.5/xuggle-video-1.3.5.jar
7fc1cda15000-7fc1cda1b000 r--s 0003f000 08:09 1837512                    /home/marmik2621/.m2/repository/org/openimaj/image-feature-extraction/1.3.5/image-feature-extraction-1.3.5.jar
7fc1cda1b000-7fc1cda21000 r--s 0003d000 08:09 1837510                    /home/marmik2621/.m2/repository/org/openimaj/image-local-features/1.3.5/image-local-features-1.3.5.jar
7fc1cda21000-7fc1cda29000 r--s 0004d000 08:09 1837506                    /home/marmik2621/.m2/repository/org/openimaj/clustering/1.3.5/clustering-1.3.5.jar
7fc1cda29000-7fc1cda31000 r--s 00043000 08:09 1837471                    /home/marmik2621/.m2/repository/org/openimaj/image-processing/1.3.5/image-processing-1.3.5.jar
7fc1cda31000-7fc1cda32000 r--s 0008b000 08:09 1348359                    /home/marmik2621/.m2/repository/org/openimaj/FaceTracker/1.3.5/FaceTracker-1.3.5.jar
7fc1cda32000-7fc1cda35000 r--s 00214000 08:09 1348358                    /home/marmik2621/.m2/repository/org/openimaj/object-detection/1.3.5/object-detection-1.3.5.jar
7fc1cda35000-7fc1cda3a000 r--s 0026a000 08:09 806206                     /home/marmik2621/.m2/repository/org/openimaj/faces/1.3.5/faces-1.3.5.jar
7fc1cda3a000-7fc1cda3c000 r--s 0000d000 08:09 1837519                    /home/marmik2621/.m2/repository/tw/edu/ntu/csie/libsvm/3.1/libsvm-3.1.jar
7fc1cda3c000-7fc1cda3e000 r--s 00017000 08:09 1837596                    /home/marmik2621/.m2/repository/de/bwaldvogel/liblinear-dense/1.92/liblinear-dense-1.92.jar
7fc1cda3e000-7fc1cda4e000 r--s 0007c000 08:09 3031417                    /home/marmik2621/.m2/repository/joda-time/joda-time/2.1/joda-time-2.1.jar
7fc1cda4e000-7fc1cda56000 r--s 00043000 08:09 1837516                    /home/marmik2621/.m2/repository/org/openimaj/machine-learning/1.3.5/machine-learning-1.3.5.jar
7fc1cda56000-7fc1cda6a000 r--s 00130000 08:09 1837599                    /home/marmik2621/.m2/repository/jmir/jaudio/1.0.4/jaudio-1.0.4.jar
7fc1cda6a000-7fc1cda75000 r--s 000b9000 08:09 1837505                    /home/marmik2621/.m2/repository/org/openimaj/JTransforms/1.3.5/JTransforms-1.3.5.jar
7fc1cda75000-7fc1cda77000 r--s 00003000 08:09 1837594                    /home/marmik2621/.m2/repository/org/bethecoder/ascii-table/1.0/ascii-table-1.0.jar
7fc1cda77000-7fc1cda7c000 r--s 00048000 08:09 1837502                    /home/marmik2621/.m2/repository/dom4j/dom4j/1.6.1/dom4j-1.6.1.jar
7fc1cda7c000-7fc1cda7e000 r--s 00005000 08:09 4478462                    /home/marmik2621/.m2/repository/org/apache/geronimo/specs/geronimo-stax-api_1.0_spec/1.0/geronimo-stax-api_1.0_spec-1.0.jar
7fc1cda7e000-7fc1cda80000 r--s 00005000 08:09 4350690                    /home/marmik2621/.m2/repository/stax/stax-api/1.0.1/stax-api-1.0.1.jar
7fc1cda80000-7fc1cdabd000 r--s 0024f000 08:09 1837500                    /home/marmik2621/.m2/repository/org/apache/xmlbeans/xmlbeans/2.3.0/xmlbeans-2.3.0.jar
7fc1cdabd000-7fc1cdb3c000 r--s 0034a000 08:09 1837498                    /home/marmik2621/.m2/repository/org/apache/poi/poi-ooxml-schemas/3.7/poi-ooxml-schemas-3.7.jar
7fc1cdb3c000-7fc1cdb59000 r--s 0017c000 08:09 1837497                    /home/marmik2621/.m2/repository/org/apache/poi/poi/3.7/poi-3.7.jar
7fc1cdb59000-7fc1cdb60000 r--s 00073000 08:09 1837495                    /home/marmik2621/.m2/repository/org/apache/poi/poi-ooxml/3.7/poi-ooxml-3.7.jar
7fc1cdb60000-7fc1cdb70000 r--s 000c4000 08:09 4095500                    /home/marmik2621/.m2/repository/org/codehaus/castor/castor/1.2/castor-1.2.jar
7fc1cdb70000-7fc1cdb94000 r--s 00341000 08:09 1837493                    /home/marmik2621/.m2/repository/eclipse/jdtcore/3.1.0/jdtcore-3.1.0.jar
7fc1cdb94000-7fc1cdb9a000 r--s 0002b000 08:09 686536                     /home/marmik2621/.m2/repository/commons-digester/commons-digester/2.1/commons-digester-2.1.jar
7fc1cdb9a000-7fc1cdba0000 r--s 00023000 08:09 549464                     /home/marmik2621/.m2/repository/commons-collections/commons-collections/2.1/commons-collections-2.1.jar
7fc1cdba0000-7fc1cdba5000 r--s 00034000 08:09 549463                     /home/marmik2621/.m2/repository/commons-beanutils/commons-beanutils/1.8.0/commons-beanutils-1.8.0.jar
7fc1cdba5000-7fc1cdbea000 r--s 00383000 08:09 1837482                    /home/marmik2621/.m2/repository/net/sf/jasperreports/jasperreports/4.6.0/jasperreports-4.6.0.jar
7fc1cdbea000-7fc1cdbf4000 r--s 0006e000 08:09 1837480                    /home/marmik2621/.m2/repository/jfree/jcommon/1.0.16/jcommon-1.0.16.jar
7fc1cdbf4000-7fc1cdc05000 r--s 0014c000 08:09 1837478                    /home/marmik2621/.m2/repository/jfree/jfreechart/1.0.13/jfreechart-1.0.13.jar
7fc1cdc05000-7fc1cdc07000 r--s 00005000 08:09 549461                     /home/marmik2621/.m2/repository/com/googlecode/jatl/jatl/0.2.1/jatl-0.2.1.jar
7fc1cdc07000-7fc1cdc1a000 r--s 000df000 08:09 3952638                    /home/marmik2621/.m2/repository/org/apache/commons/commons-math/2.2/commons-math-2.2.jar
7fc1cdc1a000-7fc1cdc1c000 r--s 00004000 08:09 1837475                    /home/marmik2621/.m2/repository/org/openimaj/IREval/1.3.5/IREval-1.3.5.jar
7fc1cdc1c000-7fc1cdc21000 r--s 00023000 08:09 1837472                    /home/marmik2621/.m2/repository/org/openimaj/core-experiment/1.3.5/core-experiment-1.3.5.jar
7fc1cdc21000-7fc1cdc24000 r--s 00011000 08:09 1837525                    /home/marmik2621/.m2/repository/org/openimaj/audio-processing/1.3.5/audio-processing-1.3.5.jar
7fc1cdc24000-7fc1cdc2e000 r--s 0008a000 08:09 4096299                    /home/marmik2621/.m2/repository/org/apache/zookeeper/zookeeper/3.3.4/zookeeper-3.3.4.jar
7fc1cdc2e000-7fc1cdc35000 r--s 00050000 08:09 5021970                    /home/marmik2621/.m2/repository/org/apache/solr/solr-solrj/4.0.0-ALPHA/solr-solrj-4.0.0-ALPHA.jar
7fc1cdc35000-7fc1cdc37000 r--s 00005000 08:09 3672838                    /home/marmik2621/.m2/repository/org/slf4j/slf4j-api/1.6.4/slf4j-api-1.6.4.jar
7fc1cdc37000-7fc1cdc3e000 r--s 00079000 08:09 5021969                    /home/marmik2621/.m2/repository/org/codehaus/woodstox/wstx-asl/3.2.7/wstx-asl-3.2.7.jar
7fc1cdc3e000-7fc1cdc40000 r--s 00003000 08:09 5392352                    /home/marmik2621/.m2/repository/org/slf4j/jcl-over-slf4j/1.6.4/jcl-over-slf4j-1.6.4.jar
7fc1cdc40000-7fc1cdc42000 r--s 00005000 08:09 686564                     /home/marmik2621/.m2/repository/org/apache/httpcomponents/httpmime/4.1.3/httpmime-4.1.3.jar
7fc1cdc42000-7fc1cdc45000 r--s 0000c000 08:09 3154599                    /home/marmik2621/.m2/repository/commons-fileupload/commons-fileupload/1.2.1/commons-fileupload-1.2.1.jar
7fc1cdc45000-7fc1cdc4a000 r--s 0002b000 08:09 4742716                    /home/marmik2621/.m2/repository/org/apache/lucene/lucene-queries/4.0.0-ALPHA/lucene-queries-4.0.0-ALPHA.jar
7fc1cdc4a000-7fc1cdc4f000 r--s 00024000 08:09 1348355                    /home/marmik2621/.m2/repository/org/apache/lucene/lucene-grouping/4.0.0-ALPHA/lucene-grouping-4.0.0-ALPHA.jar
7fc1cdc4f000-7fc1cdc52000 r--s 0001b000 08:09 1348354                    /home/marmik2621/.m2/repository/org/apache/lucene/lucene-suggest/4.0.0-ALPHA/lucene-suggest-4.0.0-ALPHA.jar
7fc1cdc52000-7fc1cdc55000 r--s 0000f000 08:09 5021967                    /home/marmik2621/.m2/repository/com/spatial4j/spatial4j/0.2/spatial4j-0.2.jar
7fc1cdc55000-7fc1cdc57000 r--s 0000f000 08:09 1348351                    /home/marmik2621/.m2/repository/org/apache/lucene/lucene-spatial/4.0.0-ALPHA/lucene-spatial-4.0.0-ALPHA.jar
7fc1cdc57000-7fc1cdc60000 r--s 00055000 08:09 1348349                    /home/marmik2621/.m2/repository/org/apache/lucene/lucene-queryparser/4.0.0-ALPHA/lucene-queryparser-4.0.0-ALPHA.jar
7fc1cdc60000-7fc1cdc61000 r--s 0000d000 08:09 1348348                    /home/marmik2621/.m2/repository/org/apache/lucene/lucene-misc/4.0.0-ALPHA/lucene-misc-4.0.0-ALPHA.jar
7fc1cdc61000-7fc1cdc63000 r--s 00008000 08:09 4606807                    /home/marmik2621/.m2/repository/org/apache/lucene/lucene-memory/4.0.0-ALPHA/lucene-memory-4.0.0-ALPHA.jar
7fc1cdc63000-7fc1cdc65000 r--s 00016000 08:09 4478499                    /home/marmik2621/.m2/repository/org/apache/lucene/lucene-highlighter/4.0.0-ALPHA/lucene-highlighter-4.0.0-ALPHA.jar
7fc1cdc65000-7fc1cdc67000 r--s 00003000 08:09 1084637                    /home/marmik2621/.m2/repository/org/apache/lucene/lucene-analyzers-phonetic/4.0.0-ALPHA/lucene-analyzers-phonetic-4.0.0-ALPHA.jar
7fc1cdc67000-7fc1cdc69000 r--s 0000c000 08:09 1084634                    /home/marmik2621/.m2/repository/org/carrot2/morfologik-fsa/1.5.2/morfologik-fsa-1.5.2.jar
7fc1cdc69000-7fc1cdc6b000 r--s 00003000 08:09 1084632                    /home/marmik2621/.m2/repository/org/carrot2/morfologik-stemming/1.5.2/morfologik-stemming-1.5.2.jar
7fc1cdc6b000-7fc1cdc6c000 r--s 0036a000 08:09 1084635                    /home/marmik2621/.m2/repository/org/carrot2/morfologik-polish/1.5.2/morfologik-polish-1.5.2.jar
7fc1cdc6c000-7fc1cdc6e000 r--s 00003000 08:09 952418                     /home/marmik2621/.m2/repository/org/apache/lucene/lucene-analyzers-morfologik/4.0.0-ALPHA/lucene-analyzers-morfologik-4.0.0-ALPHA.jar
7fc1cdc6e000-7fc1cdc70000 r--s 00453000 08:09 952420                     /home/marmik2621/.m2/repository/org/apache/lucene/lucene-analyzers-kuromoji/4.0.0-ALPHA/lucene-analyzers-kuromoji-4.0.0-ALPHA.jar
7fc1cdc70000-7fc1cdc7c000 r--s 00143000 08:09 952417                     /home/marmik2621/.m2/repository/org/apache/lucene/lucene-analyzers-common/4.0.0-ALPHA/lucene-analyzers-common-4.0.0-ALPHA.jar
7fc1cdc7c000-7fc1cdca1000 r--s 001f0000 08:09 5021965                    /home/marmik2621/.m2/repository/org/apache/lucene/lucene-core/4.0.0-ALPHA/lucene-core-4.0.0-ALPHA.jar
7fc1cdca1000-7fc1cdcbe000 r--s 001b9000 08:09 4886866                    /home/marmik2621/.m2/repository/org/apache/solr/solr-core/4.0.0-ALPHA/solr-core-4.0.0-ALPHA.jar
7fc1cdcbe000-7fc1cdcc0000 r--s 00018000 08:09 4226698                    /home/marmik2621/.m2/repository/javax/servlet/servlet-api/2.5/servlet-api-2.5.jar
7fc1cdcc0000-7fc1cdcc3000 r--s 00023000 08:09 4886864                    /home/marmik2621/.m2/repository/jdom/jdom/1.0/jdom-1.0.jar
7fc1cdcc3000-7fc1cdcc5000 r--s 00004000 08:09 4742714                    /home/marmik2621/.m2/repository/org/geonames/geonames/1.0/geonames-1.0.jar
7fc1cdcc5000-7fc1cdccc000 r--s 00044000 08:09 1837509                    /home/marmik2621/.m2/repository/org/openimaj/nearest-neighbour/1.3.5/nearest-neighbour-1.3.5.jar
7fc1cdccc000-7fc1cdccd000 r--s 00102000 08:09 5145711                    /home/marmik2621/.m2/repository/org/openimaj/geocoder/1.3.5/geocoder-1.3.5.jar
7fc1cdccd000-7fc1cdcce000 r--s 00009000 08:09 1837464                    /home/marmik2621/.m2/repository/org/openimaj/core-audio/1.3.5/core-audio-1.3.5.jar
7fc1cdcce000-7fc1cdcd5000 r--s 00042000 08:09 1837470                    /home/marmik2621/.m2/repository/org/openimaj/core-feature/1.3.5/core-feature-1.3.5.jar
7fc1cdcd5000-7fc1cdcd7000 r--s 00007000 08:09 1837469                    /home/marmik2621/.m2/repository/org/openimaj/video-processing/1.3.5/video-processing-1.3.5.jar
7fc1cdcd7000-7fc1cdcd9000 r--s 00007000 08:09 1837465                    /home/marmik2621/.m2/repository/org/openimaj/content/animation/1.3.5/animation-1.3.5.jar
7fc1cdcd9000-7fc1cdcdb000 r--s 0001e000 08:09 1837462                    /home/marmik2621/.m2/repository/org/openimaj/core-video/1.3.5/core-video-1.3.5.jar
7fc1cdcdb000-7fc1cdcdf000 r--s 00018000 08:09 5145677                    /home/marmik2621/.m2/repository/com/twelvemonkeys/common/common-lang/3.0-rc5/common-lang-3.0-rc5.jar
7fc1cdcdf000-7fc1cdce2000 r--s 00009000 08:09 4886832                    /home/marmik2621/.m2/repository/com/twelvemonkeys/imageio/imageio-core/3.0-rc5/imageio-core-3.0-rc5.jar
7fc1cdce2000-7fc1cdce5000 r--s 00011000 08:09 5266321                    /home/marmik2621/.m2/repository/com/twelvemonkeys/common/common-image/3.0-rc5/common-image-3.0-rc5.jar
7fc1cdce5000-7fc1cdce8000 r--s 00013000 08:09 5021935                    /home/marmik2621/.m2/repository/com/twelvemonkeys/common/common-io/3.0-rc5/common-io-3.0-rc5.jar
7fc1cdce8000-7fc1cdceb000 r--s 0000c000 08:09 5266319                    /home/marmik2621/.m2/repository/com/twelvemonkeys/imageio/imageio-metadata/3.0-rc5/imageio-metadata-3.0-rc5.jar
7fc1cdceb000-7fc1cdced000 r--s 0000b000 08:09 4606767                    /home/marmik2621/.m2/repository/com/twelvemonkeys/imageio/imageio-jpeg/3.0-rc5/imageio-jpeg-3.0-rc5.jar
7fc1cdced000-7fc1cdcf1000 r--s 0003c000 08:09 3696072                    /home/marmik2621/.m2/repository/com/sun/media/jai-codec/1.1.3/jai-codec-1.1.3.jar
7fc1cdcf1000-7fc1cdd05000 r--s 001bd000 08:09 4095503                    /home/marmik2621/.m2/repository/javax/media/jai-core/1.1.3/jai-core-1.1.3.jar
7fc1cdd05000-7fc1cdd07000 r--s 0000b000 08:09 4350850                    /home/marmik2621/.m2/repository/com/caffeineowl/bezier-utils/1.0.0-RELEASE/bezier-utils-1.0.0-RELEASE.jar
7fc1cdd07000-7fc1cdd11000 r--s 00072000 08:09 1837459                    /home/marmik2621/.m2/repository/org/apache/sanselan/sanselan/0.97-incubator/sanselan-0.97-incubator.jar
7fc1cdd11000-7fc1cdd25000 r--s 00173000 08:09 1837458                    /home/marmik2621/.m2/repository/org/apache/axis/axis/1.4/axis-1.4.jar
7fc1cdd25000-7fc1cdd29000 r--s 00013000 08:09 1837457                    /home/marmik2621/.m2/repository/org/scribe/scribe/1.3.5/scribe-1.3.5.jar
7fc1cdd29000-7fc1cdd2f000 r--s 00042000 08:09 4226977                    /home/marmik2621/.m2/repository/com/flickr4java/flickr4java/2.13_jonhare_0408059615bfa8da071c2e54268e3004ce62d6a4/flickr4java-2.13_jonhare_0408059615bfa8da071c2e54268e3004ce62d6a4.jar
7fc1cdd2f000-7fc1cdd30000 r--s 00001000 08:09 1837591                    /home/marmik2621/.m2/repository/uk/ac/ed/ph/snuggletex/snuggletex-jeuclid/1.2.2/snuggletex-jeuclid-1.2.2.jar
7fc1cdd30000-7fc1cdd32000 r--s 0001e000 08:09 1837588                    /home/marmik2621/.m2/repository/net/sf/saxon/saxon9-dom/9.1.0.8/saxon9-dom-9.1.0.8.jar
7fc1cdd32000-7fc1cdd4d000 r--s 004b6000 08:09 1837587                    /home/marmik2621/.m2/repository/net/sf/saxon/saxon9/9.1.0.8/saxon9-9.1.0.8.jar
7fc1cdd4d000-7fc1cdd4f000 r--s 0000e000 08:09 1837586                    /home/marmik2621/.m2/repository/uk/ac/ed/ph/snuggletex/snuggletex-upconversion/1.2.2/snuggletex-upconversion-1.2.2.jar
7fc1cdd4f000-7fc1cdd55000 r--s 00040000 08:09 1837585                    /home/marmik2621/.m2/repository/uk/ac/ed/ph/snuggletex/snuggletex-core/1.2.2/snuggletex-core-1.2.2.jar
7fc1cdd55000-7fc1cdd5f000 r--s 00075000 08:09 1837456                    /home/marmik2621/.m2/repository/org/apache/xmlgraphics/xmlgraphics-commons/1.3.1/xmlgraphics-commons-1.3.1.jar
7fc1cdd5f000-7fc1cdd64000 r--s 00010000 08:09 5392308                    /home/marmik2621/.m2/repository/xml-apis/xml-apis-ext/1.3.04/xml-apis-ext-1.3.04.jar
7fc1cdd64000-7fc1cdd6c000 r--s 00028000 08:09 5391136                    /home/marmik2621/.m2/repository/xml-apis/xml-apis/1.3.04/xml-apis-1.3.04.jar
7fc1cdd6c000-7fc1cdd6f000 r--s 0001d000 08:09 1597219                    /home/marmik2621/.m2/repository/org/apache/xmlgraphics/batik-util/1.7/batik-util-1.7.jar
7fc1cdd6f000-7fc1cdd71000 r--s 00010000 08:09 1837454                    /home/marmik2621/.m2/repository/org/apache/xmlgraphics/batik-parser/1.7/batik-parser-1.7.jar
7fc1cdd71000-7fc1cdd72000 r--s 00002000 08:09 1597216                    /home/marmik2621/.m2/repository/org/apache/xmlgraphics/batik-ext/1.7/batik-ext-1.7.jar
7fc1cdd72000-7fc1cdd73000 r--s 00007000 08:09 1597214                    /home/marmik2621/.m2/repository/org/apache/xmlgraphics/batik-xml/1.7/batik-xml-1.7.jar
7fc1cdd73000-7fc1cdd77000 r--s 00027000 08:09 1597212                    /home/marmik2621/.m2/repository/org/apache/xmlgraphics/batik-dom/1.7/batik-dom-1.7.jar
7fc1cdd77000-7fc1cdd7e000 r--s 00045000 08:09 1597209                    /home/marmik2621/.m2/repository/org/apache/xmlgraphics/batik-css/1.7/batik-css-1.7.jar
7fc1cdd7e000-7fc1cdd86000 r--s 0005b000 08:09 1597207                    /home/marmik2621/.m2/repository/org/apache/xmlgraphics/batik-awt-util/1.7/batik-awt-util-1.7.jar
7fc1cdd86000-7fc1cdd89000 r--s 00015000 08:09 1597206                    /home/marmik2621/.m2/repository/org/apache/xmlgraphics/batik-anim/1.7/batik-anim-1.7.jar
7fc1cdd89000-7fc1cdd96000 r--s 00086000 08:09 1597204                    /home/marmik2621/.m2/repository/org/apache/xmlgraphics/batik-svg-dom/1.7/batik-svg-dom-1.7.jar
7fc1cdd96000-7fc1cdd9f000 r--s 00072000 08:09 1597203                    /home/marmik2621/.m2/repository/net/sourceforge/jeuclid/jeuclid-core/3.1.9/jeuclid-core-3.1.9.jar
7fc1cdd9f000-7fc1cdda1000 r--s 0000d000 08:09 1597233                    /home/marmik2621/.m2/repository/net/billylieurance/azuresearch/azure-bing-search-java/0.12.0/azure-bing-search-java-0.12.0.jar
7fc1cdda1000-7fc1cddae000 r--s 00095000 08:09 1597200                    /home/marmik2621/.m2/repository/org/openimaj/core-image/1.3.5/core-image-1.3.5.jar
7fc1cddae000-7fc1cddbd000 r--s 000e1000 08:09 4095498                    /home/marmik2621/.m2/repository/com/google/android/tools/dx/1.7/dx-1.7.jar
7fc1cddbd000-7fc1cddbf000 r--s 0000a000 08:09 3569037                    /home/marmik2621/.m2/repository/org/ow2/asm/asm/4.0/asm-4.0.jar
7fc1cddbf000-7fc1cddc9000 r--s 000f1000 08:09 686539                     /home/marmik2621/.m2/repository/com/nativelibs4java/bridj/0.7-20140918/bridj-0.7-20140918.jar
7fc1cddc9000-7fc1cddcb000 r--s 00025000 08:09 1837452                    /home/marmik2621/.m2/repository/org/openimaj/core-video-capture/1.3.5/core-video-capture-1.3.5.jar
7fc1cddcb000-7fc1cddee000 r--s 001ba000 08:09 1597176                    /home/marmik2621/.m2/repository/org/apache/commons/commons-math3/3.3/commons-math3-3.3.jar
7fc1cddee000-7fc1cddf0000 r--s 00010000 08:09 1597229                    /home/marmik2621/.m2/repository/net/sourceforge/jmatio/jmatio/1.2/jmatio-1.2.jar
7fc1cddf0000-7fc1cde0d000 r--s 00139000 08:09 1597172                    /home/marmik2621/.m2/repository/gov/sandia/foundry/gov-sandia-cognition-learning-core/3.3.0/gov-sandia-cognition-learning-core-3.3.0.jar
7fc1cde0d000-7fc1cde0f000 r--s 00005000 08:09 1597170                    /home/marmik2621/.m2/repository/xpp3/xpp3_min/1.1.4c/xpp3_min-1.1.4c.jar
7fc1cde0f000-7fc1cde10000 r--s 00001000 08:09 1597168                    /home/marmik2621/.m2/repository/xmlpull/xmlpull/1.1.3.1/xmlpull-1.1.3.1.jar
7fc1cde10000-7fc1cde1c000 r--s 0006a000 08:09 1597169                    /home/marmik2621/.m2/repository/com/thoughtworks/xstream/xstream/1.4.3/xstream-1.4.3.jar
7fc1cde1c000-7fc1cde24000 r--s 00049000 08:09 1597166                    /home/marmik2621/.m2/repository/gov/sandia/foundry/gov-sandia-cognition-common-core/3.3.0/gov-sandia-cognition-common-core-3.3.0.jar
7fc1cde24000-7fc1cde26000 r--s 0001f000 08:09 4095496                    /home/marmik2621/.m2/repository/com/googlecode/netlib-java/netlib-java/0.9.3/netlib-java-0.9.3.jar
7fc1cde26000-7fc1cde28000 r--s 00008000 08:09 1597163                    /home/marmik2621/.m2/repository/org/openimaj/MatrixLib/1.3.5/MatrixLib-1.3.5.jar
7fc1cde28000-7fc1cde2f000 r--s 00034000 08:09 1597230                    /home/marmik2621/.m2/repository/jgrapht/jgrapht/0.8.2/jgrapht-0.8.2.jar
7fc1cde2f000-7fc1cde30000 r--s 00006000 08:09 1597227                    /home/marmik2621/.m2/repository/net/sf/jafama/JaFaMa/1.2/JaFaMa-1.2.jar
7fc1cde30000-7fc1cde32000 r--s 00088000 08:09 1597161                    /home/marmik2621/.m2/repository/com/github/fommil/netlib/netlib-native_system-win-i686/1.1/netlib-native_system-win-i686-1.1-natives.jar
7fc1cde32000-7fc1cde33000 r--s 0009b000 08:09 1597160                    /home/marmik2621/.m2/repository/com/github/fommil/netlib/netlib-native_system-win-x86_64/1.1/netlib-native_system-win-x86_64-1.1-natives.jar
7fc1cde33000-7fc1cde34000 r--s 0004b000 08:09 1597156                    /home/marmik2621/.m2/repository/com/github/fommil/netlib/netlib-native_system-linux-armhf/1.1/netlib-native_system-linux-armhf-1.1-natives.jar
7fc1cde34000-7fc1cde35000 r--s 0006a000 08:09 1597155                    /home/marmik2621/.m2/repository/com/github/fommil/netlib/netlib-native_system-linux-i686/1.1/netlib-native_system-linux-i686-1.1-natives.jar
7fc1cde35000-7fc1cde36000 r--s 0006f000 08:09 1597153                    /home/marmik2621/.m2/repository/com/github/fommil/netlib/netlib-native_system-linux-x86_64/1.1/netlib-native_system-linux-x86_64-1.1-natives.jar
7fc1cde36000-7fc1cde37000 r--s 0000d000 08:09 1597152                    /home/marmik2621/.m2/repository/com/github/fommil/netlib/native_system-java/1.1/native_system-java-1.1.jar
7fc1cde37000-7fc1cde38000 r--s 00087000 08:09 1597150                    /home/marmik2621/.m2/repository/com/github/fommil/netlib/netlib-native_system-osx-x86_64/1.1/netlib-native_system-osx-x86_64-1.1-natives.jar
7fc1cde38000-7fc1cde39000 r--s 00126000 08:09 1597149                    /home/marmik2621/.m2/repository/com/github/fommil/netlib/netlib-native_ref-linux-armhf/1.1/netlib-native_ref-linux-armhf-1.1-natives.jar
7fc1cde39000-7fc1cde3a000 r--s 001bd000 08:09 1597148                    /home/marmik2621/.m2/repository/com/github/fommil/netlib/netlib-native_ref-win-i686/1.1/netlib-native_ref-win-i686-1.1-natives.jar
7fc1cde3a000-7fc1cde3b000 r--s 00232000 08:09 1461257                    /home/marmik2621/.m2/repository/com/github/fommil/netlib/netlib-native_ref-win-x86_64/1.1/netlib-native_ref-win-x86_64-1.1-natives.jar
7fc1cde3b000-7fc1cde3c000 r--s 0016b000 08:09 1347303                    /home/marmik2621/.m2/repository/com/github/fommil/netlib/netlib-native_ref-linux-i686/1.1/netlib-native_ref-linux-i686-1.1-natives.jar
7fc1cde3c000-7fc1cde3e000 r--s 001aa000 08:09 951348                     /home/marmik2621/.m2/repository/com/github/fommil/netlib/netlib-native_ref-linux-x86_64/1.1/netlib-native_ref-linux-x86_64-1.1-natives.jar
7fc1cde3e000-7fc1cde40000 r--s 00001000 08:09 686534                     /home/marmik2621/.m2/repository/com/github/fommil/jniloader/1.1/jniloader-1.1.jar
7fc1cde40000-7fc1cde41000 r--s 0000d000 08:09 549457                     /home/marmik2621/.m2/repository/com/github/fommil/netlib/native_ref-java/1.1/native_ref-java-1.1.jar
7fc1cde41000-7fc1cde43000 r--s 001c0000 08:09 5266315                    /home/marmik2621/.m2/repository/com/github/fommil/netlib/netlib-native_ref-osx-x86_64/1.1/netlib-native_ref-osx-x86_64-1.1-natives.jar
7fc1cde43000-7fc1cde45000 r--s 00027000 08:09 5145673                    /home/marmik2621/.m2/repository/com/github/fommil/netlib/core/1.1.2/core-1.1.2.jar
7fc1cde45000-7fc1cde57000 r--s 00112000 08:09 5021933                    /home/marmik2621/.m2/repository/net/sourceforge/f2j/arpack_combined_all/0.1/arpack_combined_all-0.1.jar
7fc1cde57000-7fc1cde5c000 r--s 0003d000 08:09 3952634                    /home/marmik2621/.m2/repository/com/googlecode/matrix-toolkits-java/mtj/1.0.2/mtj-1.0.2.jar
7fc1cde5c000-7fc1cde60000 r--s 0001e000 08:09 1597145                    /home/marmik2621/.m2/repository/org/la4j/la4j/0.4.0/la4j-0.4.0.jar
7fc1cde60000-7fc1cde62000 r--s 00008000 08:09 1597143                    /home/marmik2621/.m2/repository/gov/nist/math/jama/1.0.3/jama-1.0.3.jar
7fc1cde62000-7fc1cde6a000 r--s 00054000 08:09 1597142                    /home/marmik2621/.m2/repository/org/openimaj/core-math/1.3.5/core-math-1.3.5.jar
7fc1cde6a000-7fc1cde6c000 r--s 00005000 08:09 1597198                    /home/marmik2621/.m2/repository/uk/com/robust-it/cloning/1.9.1/cloning-1.9.1.jar
7fc1cde6c000-7fc1cde72000 r--s 00032000 08:09 550255                     /home/marmik2621/.m2/repository/org/apache/httpcomponents/httpcore/4.2.4/httpcore-4.2.4.jar
7fc1cde72000-7fc1cde7b000 r--s 00061000 08:09 550253                     /home/marmik2621/.m2/repository/org/apache/httpcomponents/httpclient/4.2.5/httpclient-4.2.5.jar
7fc1cde7b000-7fc1cde7c000 r--s 00004000 08:09 4742687                    /home/marmik2621/.m2/repository/org/apache/ant/ant-launcher/1.8.4/ant-launcher-1.8.4.jar
7fc1cde7c000-7fc1cde9a000 r--s 001bd000 08:09 4478460                    /home/marmik2621/.m2/repository/org/apache/ant/ant/1.8.4/ant-1.8.4.jar
7fc1cde9a000-7fc1cde9d000 r--s 00020000 08:09 1597228                    /home/marmik2621/.m2/repository/vigna/dsi/unimi/it/jal/20031117/jal-20031117.jar
7fc1cde9d000-7fc1cde9f000 r--s 00007000 08:09 3828332                    /home/marmik2621/.m2/repository/org/objenesis/objenesis/1.2/objenesis-1.2.jar
7fc1cde9f000-7fc1cdea1000 r--s 00000000 08:09 3828330                    /home/marmik2621/.m2/repository/com/esotericsoftware/minlog/minlog/1.2/minlog-1.2.jar
7fc1cdea1000-7fc1cdea3000 r--s 0000f000 08:09 3828328                    /home/marmik2621/.m2/repository/com/esotericsoftware/reflectasm/reflectasm/1.07/reflectasm-1.07-shaded.jar
7fc1cdea3000-7fc1cdea9000 r--s 00053000 08:09 3828327                    /home/marmik2621/.m2/repository/com/esotericsoftware/kryo/kryo/2.21/kryo-2.21.jar
7fc1cdea9000-7fc1cdeab000 r--s 00006000 08:09 3952652                    /home/marmik2621/.m2/repository/commons-codec/commons-codec/1.2/commons-codec-1.2.jar
7fc1cdeab000-7fc1cdeb1000 r--s 00045000 08:09 3952470                    /home/marmik2621/.m2/repository/commons-httpclient/commons-httpclient/3.1/commons-httpclient-3.1.jar
7fc1cdeb1000-7fc1cdeb3000 r--s 00005000 08:09 1597195                    /home/marmik2621/.m2/repository/regexp/regexp/1.3/regexp-1.3.jar
7fc1cdeb3000-7fc1cdeb5000 r--s 00008000 08:09 1597193                    /home/marmik2621/.m2/repository/org/apache/maven/scm/maven-scm-provider-svn-commons/1.4/maven-scm-provider-svn-commons-1.4.jar
7fc1cdeb5000-7fc1cdeb8000 r--s 0000f000 08:09 1347305                    /home/marmik2621/.m2/repository/org/apache/maven/scm/maven-scm-provider-svnexe/1.4/maven-scm-provider-svnexe-1.4.jar
7fc1cdeb8000-7fc1cdebd000 r--s 00039000 08:09 5264907                    /home/marmik2621/.m2/repository/org/codehaus/plexus/plexus-utils/1.5.6/plexus-utils-1.5.6.jar
7fc1cdebd000-7fc1cdec1000 r--s 00014000 08:09 5266317                    /home/marmik2621/.m2/repository/org/apache/maven/scm/maven-scm-api/1.4/maven-scm-api-1.4.jar
7fc1cdec1000-7fc1cdec3000 r--s 0000d000 08:09 5391958                    /home/marmik2621/.m2/repository/commons-logging/commons-logging/1.1.1/commons-logging-1.1.1.jar
7fc1cdec3000-7fc1cdecc000 r--s 0005d000 08:09 3952636                    /home/marmik2621/.m2/repository/org/apache/commons/commons-vfs2/2.0/commons-vfs2-2.0.jar
7fc1cdecc000-7fc1cded0000 r--s 00027000 08:09 4886876                    /home/marmik2621/.m2/repository/commons-io/commons-io/2.2/commons-io-2.2.jar
7fc1cded0000-7fc1cded5000 r--s 00041000 08:09 3953517                    /home/marmik2621/.m2/repository/commons-lang/commons-lang/2.6/commons-lang-2.6.jar
7fc1cded5000-7fc1cdedc000 r--s 00053000 08:09 3953912                    /home/marmik2621/.m2/repository/log4j/log4j/1.2.14/log4j-1.2.14.jar
7fc1cdedc000-7fc1cdee3000 r--s 00028000 08:09 1597190                    /home/marmik2621/.m2/repository/concurrent/concurrent/1.3.4/concurrent-1.3.4.jar
7fc1cdee3000-7fc1cdf0c000 r--s 001ee000 08:09 4606579                    /home/marmik2621/.m2/repository/com/google/guava/guava/14.0.1/guava-14.0.1.jar
7fc1cdf0c000-7fc1cdf0d000 ---p 00000000 00:00 0 
7fc1cdf0d000-7fc1ce00d000 rw-p 00000000 00:00 0                          [stack:20611]
7fc1ce00d000-7fc1ce010000 ---p 00000000 00:00 0 
7fc1ce010000-7fc1ce10e000 rw-p 00000000 00:00 0                          [stack:20610]
7fc1ce10e000-7fc1ce111000 ---p 00000000 00:00 0 
7fc1ce111000-7fc1ce20f000 rw-p 00000000 00:00 0                          [stack:20609]
7fc1ce20f000-7fc1ce212000 ---p 00000000 00:00 0 
7fc1ce212000-7fc1ce310000 rw-p 00000000 00:00 0                          [stack:20608]
7fc1ce310000-7fc1ce313000 ---p 00000000 00:00 0 
7fc1ce313000-7fc1ce411000 rw-p 00000000 00:00 0                          [stack:20607]
7fc1ce411000-7fc1ce414000 ---p 00000000 00:00 0 
7fc1ce414000-7fc1ce512000 rw-p 00000000 00:00 0                          [stack:20606]
7fc1ce512000-7fc1cebf4000 r--p 00000000 08:09 3415813                    /usr/lib/locale/locale-archive
7fc1cebf4000-7fc1cebf7000 ---p 00000000 00:00 0 
7fc1cebf7000-7fc1cecf5000 rw-p 00000000 00:00 0                          [stack:20605]
7fc1cecf5000-7fc1cecf8000 ---p 00000000 00:00 0 
7fc1cecf8000-7fc1cedf6000 rw-p 00000000 00:00 0                          [stack:20604]
7fc1cedf6000-7fc1cedf7000 ---p 00000000 00:00 0 
7fc1cedf7000-7fc1d0000000 rw-p 00000000 00:00 0                          [stack:20603]
7fc1d0000000-7fc1d0021000 rw-p 00000000 00:00 0 
7fc1d0021000-7fc1d4000000 ---p 00000000 00:00 0 
7fc1d4000000-7fc1d4021000 rw-p 00000000 00:00 0 
7fc1d4021000-7fc1d8000000 ---p 00000000 00:00 0 
7fc1d8000000-7fc1d8021000 rw-p 00000000 00:00 0 
7fc1d8021000-7fc1dc000000 ---p 00000000 00:00 0 
7fc1dc000000-7fc1dc00e000 r--s 00081000 08:09 1597188                    /home/marmik2621/.m2/repository/colt/colt/1.2.0/colt-1.2.0.jar
7fc1dc00e000-7fc1dc035000 r--s 00241000 08:09 1597187                    /home/marmik2621/.m2/repository/net/sf/trove4j/trove4j/3.0.2/trove4j-3.0.2.jar
7fc1dc035000-7fc1dc03b000 r--s 0003e000 08:09 1597185                    /home/marmik2621/.m2/repository/org/jsoup/jsoup/1.6.3/jsoup-1.6.3.jar
7fc1dc03b000-7fc1dc03e000 r--s 00010000 08:09 1597183                    /home/marmik2621/.m2/repository/org/jbibtex/jbibtex/1.0.2/jbibtex-1.0.2.jar
7fc1dc03e000-7fc1dc047000 r--s 00095000 08:09 1597181                    /home/marmik2621/.m2/repository/javassist/javassist/3.12.1.GA/javassist-3.12.1.GA.jar
7fc1dc047000-7fc1dc049000 r--s 00002000 08:09 1597179                    /home/marmik2621/.m2/repository/org/openimaj/core-aop-support/1.3.5/core-aop-support-1.3.5.jar
7fc1dc049000-7fc1dc04a000 r--s 00006000 08:09 1597177                    /home/marmik2621/.m2/repository/org/openimaj/core-citation/1.3.5/core-citation-1.3.5.jar
7fc1dc04a000-7fc1dc05b000 r--s 000aa000 08:09 549459                     /home/marmik2621/.m2/repository/org/openimaj/core/1.3.5/core-1.3.5.jar
7fc1dc05b000-7fc1dc05d000 r--s 00096000 08:09 5145675                    /home/marmik2621/.m2/repository/org/openimaj/klt-tracker/1.3.5/klt-tracker-1.3.5.jar
7fc1dc05d000-7fc1dc05e000 r--s 00006000 08:09 4480433                    /home/marmik2621/.m2/repository/org/codehaus/jackson/jackson-xc/1.9.2/jackson-xc-1.9.2.jar
7fc1dc05e000-7fc1e0000000 rw-p 00000000 00:00 0 
7fc1e0000000-7fc1e0021000 rw-p 00000000 00:00 0 
7fc1e0021000-7fc1e4000000 ---p 00000000 00:00 0 
7fc1e4000000-7fc1e4001000 r--s 00004000 08:09 4480431                    /home/marmik2621/.m2/repository/org/codehaus/jackson/jackson-jaxrs/1.9.2/jackson-jaxrs-1.9.2.jar
7fc1e4001000-7fc1e400f000 r--s 000ad000 08:09 3697050                    /home/marmik2621/.m2/repository/org/codehaus/jackson/jackson-mapper-asl/1.9.2/jackson-mapper-asl-1.9.2.jar
7fc1e400f000-7fc1e4013000 r--s 00034000 08:09 3697048                    /home/marmik2621/.m2/repository/org/codehaus/jackson/jackson-core-asl/1.9.2/jackson-core-asl-1.9.2.jar
7fc1e4013000-7fc1e4015000 r--s 0000e000 08:09 4226664                    /home/marmik2621/.m2/repository/javax/activation/activation/1.1/activation-1.1.jar
7fc1e4015000-7fc1e4017000 r--s 00004000 08:09 4607935                    /home/marmik2621/.m2/repository/javax/xml/stream/stax-api/1.0-2/stax-api-1.0-2.jar
7fc1e4017000-7fc1e401a000 r--s 00017000 08:09 4350693                    /home/marmik2621/.m2/repository/javax/xml/bind/jaxb-api/2.2.2/jaxb-api-2.2.2.jar
7fc1e401a000-7fc1e402d000 r--s 000c7000 08:09 4095175                    /home/marmik2621/.m2/repository/com/sun/xml/bind/jaxb-impl/2.2.3-1/jaxb-impl-2.2.3-1.jar
7fc1e402d000-7fc1e4037000 r--s 00061000 08:09 4352305                    /home/marmik2621/.m2/repository/com/sun/jersey/jersey-core/1.19/jersey-core-1.19.jar
7fc1e4037000-7fc1e4047000 r--s 0009c000 08:09 4352303                    /home/marmik2621/.m2/repository/com/sun/jersey/jersey-server/1.19/jersey-server-1.19.jar
7fc1e4047000-7fc1e4069000 r--s 0016b000 08:09 3697046                    /home/marmik2621/.m2/repository/com/sun/jersey/jersey-bundle/1.19/jersey-bundle-1.19.jar
7fc1e4069000-7fc1e407b000 r--s 00345000 08:09 3676224                    /usr/lib/jvm/java-8-oracle/jre/lib/resources.jar
7fc1e407b000-7fc1e408e000 r--s 000d6000 08:09 3676204                    /usr/lib/jvm/java-8-oracle/jre/lib/plugin.jar
7fc1e408e000-7fc1e4544000 rw-p 00000000 00:00 0 
7fc1e4544000-7fc1e471c000 r--s 03d1d000 08:09 3676213                    /usr/lib/jvm/java-8-oracle/jre/lib/rt.jar
7fc1e471c000-7fc1e4b6c000 rw-p 00000000 00:00 0 
7fc1e4b6c000-7fc1e4b6d000 ---p 00000000 00:00 0 
7fc1e4b6d000-7fc1e4c6d000 rw-p 00000000 00:00 0                          [stack:20602]
7fc1e4c6d000-7fc1e4c6e000 ---p 00000000 00:00 0 
7fc1e4c6e000-7fc1e4da1000 rw-p 00000000 00:00 0                          [stack:20601]
7fc1e4da1000-7fc1e5000000 ---p 00000000 00:00 0 
7fc1e5000000-7fc1e5830000 rwxp 00000000 00:00 0 
7fc1e5830000-7fc1f4000000 ---p 00000000 00:00 0 
7fc1f4000000-7fc1f5cf7000 rw-p 00000000 00:00 0 
7fc1f5cf7000-7fc1f8000000 ---p 00000000 00:00 0 
7fc1f8000000-7fc1f8004000 r--s 00025000 08:09 4352307                    /home/marmik2621/.m2/repository/com/sun/jersey/jersey-json/1.19/jersey-json-1.19.jar
7fc1f8004000-7fc1f801f000 r--s 00208000 08:09 3676219                    /usr/lib/jvm/java-8-oracle/jre/lib/deploy.jar
7fc1f801f000-7fc1f8040000 rw-p 00000000 00:00 0 
7fc1f8040000-7fc1f8041000 ---p 00000000 00:00 0 
7fc1f8041000-7fc1f8141000 rw-p 00000000 00:00 0                          [stack:20600]
7fc1f8141000-7fc1f8142000 ---p 00000000 00:00 0 
7fc1f8142000-7fc1f8275000 rw-p 00000000 00:00 0                          [stack:20599]
7fc1f8275000-7fc1f84d3000 ---p 00000000 00:00 0 
7fc1f84d3000-7fc1f85b7000 rw-p 00000000 00:00 0 
7fc1f85b7000-7fc1f861c000 ---p 00000000 00:00 0 
7fc1f861c000-7fc1f863e000 rw-p 00000000 00:00 0 
7fc1f863e000-7fc1f89dd000 ---p 00000000 00:00 0 
7fc1f89dd000-7fc1f89f7000 r-xp 00000000 08:09 3801371                    /usr/lib/jvm/java-8-oracle/jre/lib/amd64/libzip.so
7fc1f89f7000-7fc1f8bf7000 ---p 0001a000 08:09 3801371                    /usr/lib/jvm/java-8-oracle/jre/lib/amd64/libzip.so
7fc1f8bf7000-7fc1f8bf8000 rw-p 0001a000 08:09 3801371                    /usr/lib/jvm/java-8-oracle/jre/lib/amd64/libzip.so
7fc1f8bf8000-7fc1f8c04000 r-xp 00000000 08:09 3543547                    /lib/x86_64-linux-gnu/libnss_files-2.21.so
7fc1f8c04000-7fc1f8e03000 ---p 0000c000 08:09 3543547                    /lib/x86_64-linux-gnu/libnss_files-2.21.so
7fc1f8e03000-7fc1f8e04000 r--p 0000b000 08:09 3543547                    /lib/x86_64-linux-gnu/libnss_files-2.21.so
7fc1f8e04000-7fc1f8e05000 rw-p 0000c000 08:09 3543547                    /lib/x86_64-linux-gnu/libnss_files-2.21.so
7fc1f8e05000-7fc1f8e10000 r-xp 00000000 08:09 3543557                    /lib/x86_64-linux-gnu/libnss_nis-2.21.so
7fc1f8e10000-7fc1f900f000 ---p 0000b000 08:09 3543557                    /lib/x86_64-linux-gnu/libnss_nis-2.21.so
7fc1f900f000-7fc1f9010000 r--p 0000a000 08:09 3543557                    /lib/x86_64-linux-gnu/libnss_nis-2.21.so
7fc1f9010000-7fc1f9011000 rw-p 0000b000 08:09 3543557                    /lib/x86_64-linux-gnu/libnss_nis-2.21.so
7fc1f9011000-7fc1f9028000 r-xp 00000000 08:09 3543541                    /lib/x86_64-linux-gnu/libnsl-2.21.so
7fc1f9028000-7fc1f9227000 ---p 00017000 08:09 3543541                    /lib/x86_64-linux-gnu/libnsl-2.21.so
7fc1f9227000-7fc1f9228000 r--p 00016000 08:09 3543541                    /lib/x86_64-linux-gnu/libnsl-2.21.so
7fc1f9228000-7fc1f9229000 rw-p 00017000 08:09 3543541                    /lib/x86_64-linux-gnu/libnsl-2.21.so
7fc1f9229000-7fc1f922b000 rw-p 00000000 00:00 0 
7fc1f922b000-7fc1f9233000 r-xp 00000000 08:09 3543543                    /lib/x86_64-linux-gnu/libnss_compat-2.21.so
7fc1f9233000-7fc1f9432000 ---p 00008000 08:09 3543543                    /lib/x86_64-linux-gnu/libnss_compat-2.21.so
7fc1f9432000-7fc1f9433000 r--p 00007000 08:09 3543543                    /lib/x86_64-linux-gnu/libnss_compat-2.21.so
7fc1f9433000-7fc1f9434000 rw-p 00008000 08:09 3543543                    /lib/x86_64-linux-gnu/libnss_compat-2.21.so
7fc1f9434000-7fc1f945e000 r-xp 00000000 08:09 3801182                    /usr/lib/jvm/java-8-oracle/jre/lib/amd64/libjava.so
7fc1f945e000-7fc1f965e000 ---p 0002a000 08:09 3801182                    /usr/lib/jvm/java-8-oracle/jre/lib/amd64/libjava.so
7fc1f965e000-7fc1f9660000 rw-p 0002a000 08:09 3801182                    /usr/lib/jvm/java-8-oracle/jre/lib/amd64/libjava.so
7fc1f9660000-7fc1f966d000 r-xp 00000000 08:09 3801328                    /usr/lib/jvm/java-8-oracle/jre/lib/amd64/libverify.so
7fc1f966d000-7fc1f986d000 ---p 0000d000 08:09 3801328                    /usr/lib/jvm/java-8-oracle/jre/lib/amd64/libverify.so
7fc1f986d000-7fc1f986f000 rw-p 0000d000 08:09 3801328                    /usr/lib/jvm/java-8-oracle/jre/lib/amd64/libverify.so
7fc1f986f000-7fc1f9876000 r-xp 00000000 08:09 3543602                    /lib/x86_64-linux-gnu/librt-2.21.so
7fc1f9876000-7fc1f9a75000 ---p 00007000 08:09 3543602                    /lib/x86_64-linux-gnu/librt-2.21.so
7fc1f9a75000-7fc1f9a76000 r--p 00006000 08:09 3543602                    /lib/x86_64-linux-gnu/librt-2.21.so
7fc1f9a76000-7fc1f9a77000 rw-p 00007000 08:09 3543602                    /lib/x86_64-linux-gnu/librt-2.21.so
7fc1f9a77000-7fc1f9b7e000 r-xp 00000000 08:09 3543520                    /lib/x86_64-linux-gnu/libm-2.21.so
7fc1f9b7e000-7fc1f9d7d000 ---p 00107000 08:09 3543520                    /lib/x86_64-linux-gnu/libm-2.21.so
7fc1f9d7d000-7fc1f9d7e000 r--p 00106000 08:09 3543520                    /lib/x86_64-linux-gnu/libm-2.21.so
7fc1f9d7e000-7fc1f9d7f000 rw-p 00107000 08:09 3543520                    /lib/x86_64-linux-gnu/libm-2.21.so
7fc1f9d7f000-7fc1faa3e000 r-xp 00000000 08:09 3810712                    /usr/lib/jvm/java-8-oracle/jre/lib/amd64/server/libjvm.so
7fc1faa3e000-7fc1fac3d000 ---p 00cbf000 08:09 3810712                    /usr/lib/jvm/java-8-oracle/jre/lib/amd64/server/libjvm.so
7fc1fac3d000-7fc1fad16000 rw-p 00cbe000 08:09 3810712                    /usr/lib/jvm/java-8-oracle/jre/lib/amd64/server/libjvm.so
7fc1fad16000-7fc1fad5f000 rw-p 00000000 00:00 0 
7fc1fad5f000-7fc1faf1f000 r-xp 00000000 08:09 3543458                    /lib/x86_64-linux-gnu/libc-2.21.so
7fc1faf1f000-7fc1fb11f000 ---p 001c0000 08:09 3543458                    /lib/x86_64-linux-gnu/libc-2.21.so
7fc1fb11f000-7fc1fb123000 r--p 001c0000 08:09 3543458                    /lib/x86_64-linux-gnu/libc-2.21.so
7fc1fb123000-7fc1fb125000 rw-p 001c4000 08:09 3543458                    /lib/x86_64-linux-gnu/libc-2.21.so
7fc1fb125000-7fc1fb129000 rw-p 00000000 00:00 0 
7fc1fb129000-7fc1fb12c000 r-xp 00000000 08:09 3543477                    /lib/x86_64-linux-gnu/libdl-2.21.so
7fc1fb12c000-7fc1fb32b000 ---p 00003000 08:09 3543477                    /lib/x86_64-linux-gnu/libdl-2.21.so
7fc1fb32b000-7fc1fb32c000 r--p 00002000 08:09 3543477                    /lib/x86_64-linux-gnu/libdl-2.21.so
7fc1fb32c000-7fc1fb32d000 rw-p 00003000 08:09 3543477                    /lib/x86_64-linux-gnu/libdl-2.21.so
7fc1fb32d000-7fc1fb342000 r-xp 00000000 08:09 3672605                    /usr/lib/jvm/java-8-oracle/lib/amd64/jli/libjli.so
7fc1fb342000-7fc1fb542000 ---p 00015000 08:09 3672605                    /usr/lib/jvm/java-8-oracle/lib/amd64/jli/libjli.so
7fc1fb542000-7fc1fb543000 rw-p 00015000 08:09 3672605                    /usr/lib/jvm/java-8-oracle/lib/amd64/jli/libjli.so
7fc1fb543000-7fc1fb55b000 r-xp 00000000 08:09 3543594                    /lib/x86_64-linux-gnu/libpthread-2.21.so
7fc1fb55b000-7fc1fb75b000 ---p 00018000 08:09 3543594                    /lib/x86_64-linux-gnu/libpthread-2.21.so
7fc1fb75b000-7fc1fb75c000 r--p 00018000 08:09 3543594                    /lib/x86_64-linux-gnu/libpthread-2.21.so
7fc1fb75c000-7fc1fb75d000 rw-p 00019000 08:09 3543594                    /lib/x86_64-linux-gnu/libpthread-2.21.so
7fc1fb75d000-7fc1fb761000 rw-p 00000000 00:00 0 
7fc1fb761000-7fc1fb785000 r-xp 00000000 08:09 3543430                    /lib/x86_64-linux-gnu/ld-2.21.so
7fc1fb785000-7fc1fb787000 r--s 0000f000 08:09 4350688                    /home/marmik2621/.m2/repository/org/codehaus/jettison/jettison/1.1/jettison-1.1.jar
7fc1fb787000-7fc1fb788000 r--s 0000f000 08:09 1841593                    /home/marmik2621/.m2/repository/org/json/json/20140107/json-20140107.jar
7fc1fb788000-7fc1fb78a000 r--s 0000a000 08:09 4074044                    /home/marmik2621/.m2/repository/javax/ws/rs/jsr311-api/1.1.1/jsr311-api-1.1.1.jar
7fc1fb78a000-7fc1fb78b000 r--s 00000000 08:09 3676210                    /usr/lib/jvm/java-8-oracle/jre/lib/management-agent.jar
7fc1fb78b000-7fc1fb78f000 r--s 00097000 08:09 3676216                    /usr/lib/jvm/java-8-oracle/jre/lib/jsse.jar
7fc1fb78f000-7fc1fb791000 r--s 00007000 08:09 3676227                    /usr/lib/jvm/java-8-oracle/jre/lib/jfxswt.jar
7fc1fb791000-7fc1fb796000 r--s 00084000 08:09 3676214                    /usr/lib/jvm/java-8-oracle/jre/lib/jfr.jar
7fc1fb796000-7fc1fb799000 r--s 0001a000 08:09 3676206                    /usr/lib/jvm/java-8-oracle/jre/lib/jce.jar
7fc1fb799000-7fc1fb864000 rw-p 00000000 00:00 0 
7fc1fb864000-7fc1fb867000 ---p 00000000 00:00 0 
7fc1fb867000-7fc1fb969000 rw-p 00000000 00:00 0                          [stack:20598]
7fc1fb969000-7fc1fb972000 r--s 0006c000 08:09 3676165                    /usr/lib/jvm/java-8-oracle/jre/lib/javaws.jar
7fc1fb972000-7fc1fb978000 r--s 002f8000 08:09 3676205                    /usr/lib/jvm/java-8-oracle/jre/lib/charsets.jar
7fc1fb978000-7fc1fb980000 rw-s 00000000 08:09 2623198                    /tmp/hsperfdata_marmik2621/20597
7fc1fb980000-7fc1fb981000 rw-p 00000000 00:00 0 
7fc1fb981000-7fc1fb982000 ---p 00000000 00:00 0 
7fc1fb982000-7fc1fb984000 rw-p 00000000 00:00 0 
7fc1fb984000-7fc1fb985000 r--p 00023000 08:09 3543430                    /lib/x86_64-linux-gnu/ld-2.21.so
7fc1fb985000-7fc1fb986000 rw-p 00024000 08:09 3543430                    /lib/x86_64-linux-gnu/ld-2.21.so
7fc1fb986000-7fc1fb987000 rw-p 00000000 00:00 0 
7ffd66c37000-7ffd66c5e000 rw-p 00000000 00:00 0                          [stack]
7ffd66c91000-7ffd66c93000 r--p 00000000 00:00 0                          [vvar]
7ffd66c93000-7ffd66c95000 r-xp 00000000 00:00 0                          [vdso]
ffffffffff600000-ffffffffff601000 r-xp 00000000 00:00 0                  [vsyscall]

VM Arguments:
jvm_args: -Didea.launcher.port=7533 -Didea.launcher.bin.path=/home/marmik2621/Downloads/idea-IC-162.2228.15/bin -Dfile.encoding=UTF-8 
java_command: com.intellij.rt.execution.application.AppMain ObjectDetection
java_class_path (initial): /usr/lib/jvm/java-8-oracle/jre/lib/charsets.jar:/usr/lib/jvm/java-8-oracle/jre/lib/deploy.jar:/usr/lib/jvm/java-8-oracle/jre/lib/ext/cldrdata.jar:/usr/lib/jvm/java-8-oracle/jre/lib/ext/dnsns.jar:/usr/lib/jvm/java-8-oracle/jre/lib/ext/jaccess.jar:/usr/lib/jvm/java-8-oracle/jre/lib/ext/jfxrt.jar:/usr/lib/jvm/java-8-oracle/jre/lib/ext/localedata.jar:/usr/lib/jvm/java-8-oracle/jre/lib/ext/nashorn.jar:/usr/lib/jvm/java-8-oracle/jre/lib/ext/sunec.jar:/usr/lib/jvm/java-8-oracle/jre/lib/ext/sunjce_provider.jar:/usr/lib/jvm/java-8-oracle/jre/lib/ext/sunpkcs11.jar:/usr/lib/jvm/java-8-oracle/jre/lib/ext/zipfs.jar:/usr/lib/jvm/java-8-oracle/jre/lib/javaws.jar:/usr/lib/jvm/java-8-oracle/jre/lib/jce.jar:/usr/lib/jvm/java-8-oracle/jre/lib/jfr.jar:/usr/lib/jvm/java-8-oracle/jre/lib/jfxswt.jar:/usr/lib/jvm/java-8-oracle/jre/lib/jsse.jar:/usr/lib/jvm/java-8-oracle/jre/lib/management-agent.jar:/usr/lib/jvm/java-8-oracle/jre/lib/plugin.jar:/usr/lib/jvm/java-8-oracle/jre/lib/resources.jar:/usr/lib/jvm/java-8-oracle/jre/lib/rt.jar:/media/marmik2621/Extra/StudyMaterial/Real Time Big Data Analytics/Project/FeatureExtraction/target/classes:/home/marmik2621/.m2/repository/com/sun/jersey/jersey-bundle/1.19/jersey-bundle-1.19.jar:/home/marmik2621/.m2/repository/javax/ws/rs/jsr311-api/1.1.1/jsr311-api-1.1.1.jar:/home/marmik2621/.m2/repository/org/json/json/20140107/json-20140107.jar:/home/marmik2621/.m2/repository/com/sun/jersey/jersey-server/1.19/jersey-server-1.19.jar:/home/marmik2621/.m2/repository/com/sun/jersey/jersey-core/1.19/jersey-core-1.19.jar:/home/marmik2621/.m2/repository/com/sun/jersey/jersey-json/1.19/jersey-json-1.19.jar:/home/marmik2621/.m2/repository/org/codehaus/jettison/jettison/1.1/jettison-1.1.jar:/home/marmik2621/.m2/repository/com/sun/xml/bind/jaxb-impl/2.2.3-1/jaxb-impl-2.2.3-1.jar:/home/marmik2621/.m2/repository/javax/xml/bind/jaxb-api/2.2.2/jaxb-api-2.2.2.jar:/home/marmik2621/.m2/repository/javax/xml/stream/stax-api/1.0-2/stax-api-1.0-2.ja
Launcher Type: SUN_STANDARD

Environment Variables:
JAVA_HOME=/usr/lib/jvm/java-8-oracle
PATH=/home/marmik2621/bin:/usr/local/sbin:/usr/local/bin:/usr/sbin:/usr/bin:/sbin:/bin:/usr/games:/usr/local/games:/usr/lib/jvm/java-8-oracle/bin:/usr/lib/jvm/java-8-oracle/db/bin:/usr/lib/jvm/java-8-oracle/jre/bin
LD_LIBRARY_PATH=/home/marmik2621/Downloads/idea-IC-162.2228.15/bin:
SHELL=/bin/bash
DISPLAY=:0

Signal Handlers:
SIGSEGV: [libjvm.so+0xabb070], sa_mask[0]=11111111011111111101111111111110, sa_flags=SA_RESTART|SA_SIGINFO
SIGBUS: [libjvm.so+0xabb070], sa_mask[0]=11111111011111111101111111111110, sa_flags=SA_RESTART|SA_SIGINFO
SIGFPE: [libjvm.so+0x918480], sa_mask[0]=11111111011111111101111111111110, sa_flags=SA_RESTART|SA_SIGINFO
SIGPIPE: [libjvm.so+0x918480], sa_mask[0]=11111111011111111101111111111110, sa_flags=SA_RESTART|SA_SIGINFO
SIGXFSZ: [libjvm.so+0x918480], sa_mask[0]=11111111011111111101111111111110, sa_flags=SA_RESTART|SA_SIGINFO
SIGILL: [libjvm.so+0x918480], sa_mask[0]=11111111011111111101111111111110, sa_flags=SA_RESTART|SA_SIGINFO
SIGUSR1: SIG_DFL, sa_mask[0]=00000000000000000000000000000000, sa_flags=none
SIGUSR2: [libjvm.so+0x919ab0], sa_mask[0]=00100000000000000000000000000000, sa_flags=SA_RESTART|SA_SIGINFO
SIGHUP: [libjvm.so+0x91aeb0], sa_mask[0]=11111111011111111101111111111110, sa_flags=SA_RESTART|SA_SIGINFO
SIGINT: [libjvm.so+0x91aeb0], sa_mask[0]=11111111011111111101111111111110, sa_flags=SA_RESTART|SA_SIGINFO
SIGTERM: [libjvm.so+0x91aeb0], sa_mask[0]=11111111011111111101111111111110, sa_flags=SA_RESTART|SA_SIGINFO
SIGQUIT: [libjvm.so+0x91aeb0], sa_mask[0]=11111111011111111101111111111110, sa_flags=SA_RESTART|SA_SIGINFO


---------------  S Y S T E M  ---------------

OS:DISTRIB_ID=Ubuntu
DISTRIB_RELEASE=15.10
DISTRIB_CODENAME=wily
DISTRIB_DESCRIPTION="Ubuntu 15.10"

uname:Linux 4.2.0-27-generic #32-Ubuntu SMP Fri Jan 22 04:49:08 UTC 2016 x86_64
libc:glibc 2.21 NPTL 2.21 
rlimit: STACK 8192k, CORE 0k, NPROC 31385, NOFILE 65536, AS infinity
load average:2.34 2.31 1.82

/proc/meminfo:
MemTotal:        8069392 kB
MemFree:           52832 kB
MemAvailable:     136328 kB
Buffers:            6160 kB
Cached:           747124 kB
SwapCached:            0 kB
Active:          7110516 kB
Inactive:         632184 kB
Active(anon):    7071140 kB
Inactive(anon):   593632 kB
Active(file):      39376 kB
Inactive(file):    38552 kB
Unevictable:         564 kB
Mlocked:             564 kB
SwapTotal:             0 kB
SwapFree:              0 kB
Dirty:              1048 kB
Writeback:             0 kB
AnonPages:       6990236 kB
Mapped:           422740 kB
Shmem:            675032 kB
Slab:              99692 kB
SReclaimable:      47856 kB
SUnreclaim:        51836 kB
KernelStack:       20096 kB
PageTables:        63192 kB
NFS_Unstable:          0 kB
Bounce:                0 kB
WritebackTmp:          0 kB
CommitLimit:     4034696 kB
Committed_AS:   15448420 kB
VmallocTotal:   34359738367 kB
VmallocUsed:      569016 kB
VmallocChunk:   34358423548 kB
HardwareCorrupted:     0 kB
AnonHugePages:   2930688 kB
CmaTotal:              0 kB
CmaFree:               0 kB
HugePages_Total:       0
HugePages_Free:        0
HugePages_Rsvd:        0
HugePages_Surp:        0
Hugepagesize:       2048 kB
DirectMap4k:      414464 kB
DirectMap2M:     7868416 kB
DirectMap1G:     1048576 kB


CPU:total 4 (2 cores per cpu, 2 threads per core) family 6 model 69 stepping 1, cmov, cx8, fxsr, mmx, sse, sse2, sse3, ssse3, sse4.1, sse4.2, popcnt, avx, avx2, aes, clmul, erms, lzcnt, ht, tsc, tscinvbit, bmi1, bmi2

/proc/cpuinfo:
processor	: 0
vendor_id	: GenuineIntel
cpu family	: 6
model		: 69
model name	: Intel(R) Core(TM) i3-4030U CPU @ 1.90GHz
stepping	: 1
microcode	: 0x1c
cpu MHz		: 1899.925
cache size	: 3072 KB
physical id	: 0
siblings	: 4
core id		: 0
cpu cores	: 2
apicid		: 0
initial apicid	: 0
fpu		: yes
fpu_exception	: yes
cpuid level	: 13
wp		: yes
flags		: fpu vme de pse tsc msr pae mce cx8 apic sep mtrr pge mca cmov pat pse36 clflush dts acpi mmx fxsr sse sse2 ss ht tm pbe syscall nx pdpe1gb rdtscp lm constant_tsc arch_perfmon pebs bts rep_good nopl xtopology nonstop_tsc aperfmperf eagerfpu pni pclmulqdq dtes64 monitor ds_cpl vmx est tm2 ssse3 fma cx16 xtpr pdcm pcid sse4_1 sse4_2 x2apic movbe popcnt tsc_deadline_timer aes xsave avx f16c rdrand lahf_lm abm arat epb pln pts dtherm tpr_shadow vnmi flexpriority ept vpid fsgsbase tsc_adjust bmi1 avx2 smep bmi2 erms invpcid xsaveopt
bugs		:
bogomips	: 3791.05
clflush size	: 64
cache_alignment	: 64
address sizes	: 39 bits physical, 48 bits virtual
power management:

processor	: 1
vendor_id	: GenuineIntel
cpu family	: 6
model		: 69
model name	: Intel(R) Core(TM) i3-4030U CPU @ 1.90GHz
stepping	: 1
microcode	: 0x1c
cpu MHz		: 1900.000
cache size	: 3072 KB
physical id	: 0
siblings	: 4
core id		: 0
cpu cores	: 2
apicid		: 1
initial apicid	: 1
fpu		: yes
fpu_exception	: yes
cpuid level	: 13
wp		: yes
flags		: fpu vme de pse tsc msr pae mce cx8 apic sep mtrr pge mca cmov pat pse36 clflush dts acpi mmx fxsr sse sse2 ss ht tm pbe syscall nx pdpe1gb rdtscp lm constant_tsc arch_perfmon pebs bts rep_good nopl xtopology nonstop_tsc aperfmperf eagerfpu pni pclmulqdq dtes64 monitor ds_cpl vmx est tm2 ssse3 fma cx16 xtpr pdcm pcid sse4_1 sse4_2 x2apic movbe popcnt tsc_deadline_timer aes xsave avx f16c rdrand lahf_lm abm arat epb pln pts dtherm tpr_shadow vnmi flexpriority ept vpid fsgsbase tsc_adjust bmi1 avx2 smep bmi2 erms invpcid xsaveopt
bugs		:
bogomips	: 3791.05
clflush size	: 64
cache_alignment	: 64
address sizes	: 39 bits physical, 48 bits virtual
power management:

processor	: 2
vendor_id	: GenuineIntel
cpu family	: 6
model		: 69
model name	: Intel(R) Core(TM) i3-4030U CPU @ 1.90GHz
stepping	: 1
microcode	: 0x1c
cpu MHz		: 1899.925
cache size	: 3072 KB
physical id	: 0
siblings	: 4
core id		: 1
cpu cores	: 2
apicid		: 2
initial apicid	: 2
fpu		: yes
fpu_exception	: yes
cpuid level	: 13
wp		: yes
flags		: fpu vme de pse tsc msr pae mce cx8 apic sep mtrr pge mca cmov pat pse36 clflush dts acpi mmx fxsr sse sse2 ss ht tm pbe syscall nx pdpe1gb rdtscp lm constant_tsc arch_perfmon pebs bts rep_good nopl xtopology nonstop_tsc aperfmperf eagerfpu pni pclmulqdq dtes64 monitor ds_cpl vmx est tm2 ssse3 fma cx16 xtpr pdcm pcid sse4_1 sse4_2 x2apic movbe popcnt tsc_deadline_timer aes xsave avx f16c rdrand lahf_lm abm arat epb pln pts dtherm tpr_shadow vnmi flexpriority ept vpid fsgsbase tsc_adjust bmi1 avx2 smep bmi2 erms invpcid xsaveopt
bugs		:
bogomips	: 3791.05
clflush size	: 64
cache_alignment	: 64
address sizes	: 39 bits physical, 48 bits virtual
power management:

processor	: 3
vendor_id	: GenuineIntel
cpu family	: 6
model		: 69
model name	: Intel(R) Core(TM) i3-4030U CPU @ 1.90GHz
stepping	: 1
microcode	: 0x1c
cpu MHz		: 1900.000
cache size	: 3072 KB
physical id	: 0
siblings	: 4
core id		: 1
cpu cores	: 2
apicid		: 3
initial apicid	: 3
fpu		: yes
fpu_exception	: yes
cpuid level	: 13
wp		: yes
flags		: fpu vme de pse tsc msr pae mce cx8 apic sep mtrr pge mca cmov pat pse36 clflush dts acpi mmx fxsr sse sse2 ss ht tm pbe syscall nx pdpe1gb rdtscp lm constant_tsc arch_perfmon pebs bts rep_good nopl xtopology nonstop_tsc aperfmperf eagerfpu pni pclmulqdq dtes64 monitor ds_cpl vmx est tm2 ssse3 fma cx16 xtpr pdcm pcid sse4_1 sse4_2 x2apic movbe popcnt tsc_deadline_timer aes xsave avx f16c rdrand lahf_lm abm arat epb pln pts dtherm tpr_shadow vnmi flexpriority ept vpid fsgsbase tsc_adjust bmi1 avx2 smep bmi2 erms invpcid xsaveopt
bugs		:
bogomips	: 3791.05
clflush size	: 64
cache_alignment	: 64
address sizes	: 39 bits physical, 48 bits virtual
power management:



Memory: 4k page, physical 8069392k(53016k free), swap 0k(0k free)

vm_info: Java HotSpot(TM) 64-Bit Server VM (25.72-b15) for linux-amd64 JRE (1.8.0_72-b15), built on Dec 22 2015 22:00:07 by "java_re" with gcc 4.3.0 20080428 (Red Hat 4.3.0-8)

time: Mon Dec  5 23:15:50 2016
elapsed time: 33 seconds (0d 0h 0m 33s)

