#
# There is insufficient memory for the Java Runtime Environment to continue.
# Native memory allocation (mmap) failed to map 96993280 bytes for committing reserved memory.
# Possible reasons:
#   The system is out of physical RAM or swap space
#   In 32 bit mode, the process size limit was hit
# Possible solutions:
#   Reduce memory load on the system
#   Increase physical memory or swap space
#   Check if swap backing store is full
#   Use 64 bit Java on a 64 bit OS
#   Decrease Java heap size (-Xmx/-Xms)
#   Decrease number of Java threads
#   Decrease Java thread stack sizes (-Xss)
#   Set larger code cache with -XX:ReservedCodeCacheSize=
# This output file may be truncated or incomplete.
#
#  Out of Memory Error (os_linux.cpp:2627), pid=12341, tid=140580316235520
#
# JRE version: Java(TM) SE Runtime Environment (8.0_72-b15) (build 1.8.0_72-b15)
# Java VM: Java HotSpot(TM) 64-Bit Server VM (25.72-b15 mixed mode linux-amd64 compressed oops)
# Failed to write core dump. Core dumps have been disabled. To enable core dumping, try "ulimit -c unlimited" before starting Java again
#

---------------  T H R E A D  ---------------

Current thread (0x00007fdb84078000):  VMThread [stack: 0x00007fdb67bfc000,0x00007fdb67cfd000] [id=12351]

Stack: [0x00007fdb67bfc000,0x00007fdb67cfd000],  sp=0x00007fdb67cfb2a0,  free space=1020k
Native frames: (J=compiled Java code, j=interpreted, Vv=VM code, C=native code)
V  [libjvm.so+0xaba7ea]  VMError::report_and_die()+0x2ba
V  [libjvm.so+0x4f9e3b]  report_vm_out_of_memory(char const*, int, unsigned long, VMErrorType, char const*)+0x8b
V  [libjvm.so+0x91b613]  os::Linux::commit_memory_impl(char*, unsigned long, bool)+0x103
V  [libjvm.so+0x91bb69]  os::pd_commit_memory(char*, unsigned long, unsigned long, bool)+0x29
V  [libjvm.so+0x915e6a]  os::commit_memory(char*, unsigned long, unsigned long, bool)+0x2a
V  [libjvm.so+0x989543]  PSVirtualSpace::expand_by(unsigned long)+0x53
V  [libjvm.so+0x98a948]  PSYoungGen::resize_generation(unsigned long, unsigned long)+0xf8
V  [libjvm.so+0x989aa2]  PSYoungGen::resize(unsigned long, unsigned long)+0x22
V  [libjvm.so+0x986d7b]  PSScavenge::invoke_no_policy()+0xf3b
V  [libjvm.so+0x987501]  PSScavenge::invoke()+0x41
V  [libjvm.so+0x93f300]  ParallelScavengeHeap::failed_mem_allocate(unsigned long)+0x70
V  [libjvm.so+0xabc207]  VM_ParallelGCFailedAllocation::doit()+0x97
V  [libjvm.so+0xac3c35]  VM_Operation::evaluate()+0x55
V  [libjvm.so+0xac200a]  VMThread::evaluate_operation(VM_Operation*)+0xba
V  [libjvm.so+0xac238e]  VMThread::loop()+0x1ce
V  [libjvm.so+0xac2800]  VMThread::run()+0x70
V  [libjvm.so+0x91d9d8]  java_start(Thread*)+0x108

VM_Operation (0x00007fdb8c761930): ParallelGCFailedAllocation, mode: safepoint, requested by thread 0x00007fdb8400a000


---------------  P R O C E S S  ---------------

Java Threads: ( => current thread )
  0x00007fdb84c00800 JavaThread "resolver-5" daemon [_thread_blocked, id=12404, stack(0x00007fdb65088000,0x00007fdb65189000)]
  0x00007fdb8482b800 JavaThread "resolver-4" daemon [_thread_blocked, id=12383, stack(0x00007fdb65189000,0x00007fdb6528a000)]
  0x00007fdb84937000 JavaThread "resolver-3" daemon [_thread_blocked, id=12382, stack(0x00007fdb6528a000,0x00007fdb6538b000)]
  0x00007fdb84812000 JavaThread "resolver-2" daemon [_thread_blocked, id=12381, stack(0x00007fdb6538b000,0x00007fdb6548c000)]
  0x00007fdb849a0000 JavaThread "resolver-1" daemon [_thread_blocked, id=12380, stack(0x00007fdb6548c000,0x00007fdb6558d000)]
  0x00007fdb840f9800 JavaThread "Monitor Ctrl-Break" daemon [_thread_in_native, id=12360, stack(0x00007fdb66a0f000,0x00007fdb66b10000)]
  0x00007fdb840c9800 JavaThread "Service Thread" daemon [_thread_blocked, id=12358, stack(0x00007fdb66e13000,0x00007fdb66f14000)]
  0x00007fdb840be800 JavaThread "C1 CompilerThread2" daemon [_thread_blocked, id=12357, stack(0x00007fdb66f14000,0x00007fdb67015000)]
  0x00007fdb840bc800 JavaThread "C2 CompilerThread1" daemon [_thread_blocked, id=12356, stack(0x00007fdb67015000,0x00007fdb67116000)]
  0x00007fdb840b9800 JavaThread "C2 CompilerThread0" daemon [_thread_blocked, id=12355, stack(0x00007fdb67116000,0x00007fdb67217000)]
  0x00007fdb840b8000 JavaThread "Signal Dispatcher" daemon [_thread_blocked, id=12354, stack(0x00007fdb67217000,0x00007fdb67318000)]
  0x00007fdb84084800 JavaThread "Finalizer" daemon [_thread_blocked, id=12353, stack(0x00007fdb679fa000,0x00007fdb67afb000)]
  0x00007fdb84080000 JavaThread "Reference Handler" daemon [_thread_blocked, id=12352, stack(0x00007fdb67afb000,0x00007fdb67bfc000)]
  0x00007fdb8400a000 JavaThread "main" [_thread_blocked, id=12346, stack(0x00007fdb8c664000,0x00007fdb8c765000)]

Other Threads:
=>0x00007fdb84078000 VMThread [stack: 0x00007fdb67bfc000,0x00007fdb67cfd000] [id=12351]
  0x00007fdb840cc800 WatcherThread [stack: 0x00007fdb66d12000,0x00007fdb66e13000] [id=12359]

VM state:at safepoint (normal execution)

VM Mutex/Monitor currently owned by a thread:  ([mutex/lock_event])
[0x00007fdb84006600] Threads_lock - owner thread: 0x00007fdb84078000
[0x00007fdb84006b00] Heap_lock - owner thread: 0x00007fdb8400a000

Heap:
 PSYoungGen      total 296960K, used 19424K [0x00000000d6f00000, 0x00000000ea400000, 0x0000000100000000)
  eden space 277504K, 0% used [0x00000000d6f00000,0x00000000d6f00000,0x00000000e7e00000)
  from space 19456K, 99% used [0x00000000e7e00000,0x00000000e90f8268,0x00000000e9100000)
  to   space 16896K, 0% used [0x00000000e9180000,0x00000000e9180000,0x00000000ea200000)
 ParOldGen       total 61952K, used 34823K [0x0000000084c00000, 0x0000000088880000, 0x00000000d6f00000)
  object space 61952K, 56% used [0x0000000084c00000,0x0000000086e01e28,0x0000000088880000)
 Metaspace       used 23927K, capacity 24690K, committed 25008K, reserved 1071104K
  class space    used 2729K, capacity 2964K, committed 2992K, reserved 1048576K

Card table byte_map: [0x00007fdb89042000,0x00007fdb8941d000] byte_map_base: 0x00007fdb88c1c000

Marking Bits: (ParMarkBitMap*) 0x00007fdb8bb34100
 Begin Bits: [0x00007fdb6c260000, 0x00007fdb6e130000)
 End Bits:   [0x00007fdb6e130000, 0x00007fdb70000000)

Polling page: 0x00007fdb8c781000

CodeCache: size=245760Kb used=14578Kb max_used=14578Kb free=231181Kb
 bounds [0x00007fdb75000000, 0x00007fdb75e60000, 0x00007fdb84000000]
 total_blobs=4752 nmethods=4369 adapters=295
 compilation: enabled

Compilation events (10 events):
Event: 46.836 Thread 0x00007fdb840be800 5295       3       java.io.BufferedWriter::newLine (9 bytes)
Event: 46.836 Thread 0x00007fdb840be800 nmethod 5295 0x00007fdb75e47b50 code [0x00007fdb75e47ce0, 0x00007fdb75e48048]
Event: 46.916 Thread 0x00007fdb840be800 5296       3       java.net.URI$Parser::checkChars (44 bytes)
Event: 46.917 Thread 0x00007fdb840be800 nmethod 5296 0x00007fdb75e42ed0 code [0x00007fdb75e430c0, 0x00007fdb75e439c8]
Event: 46.917 Thread 0x00007fdb840be800 5297       3       java.net.URI$Parser::substring (10 bytes)
Event: 46.917 Thread 0x00007fdb840be800 nmethod 5297 0x00007fdb75e47710 code [0x00007fdb75e47880, 0x00007fdb75e47a88]
Event: 133.560 Thread 0x00007fdb840be800 5298       3       java.io.ExpiringCache$Entry::timestamp (5 bytes)
Event: 133.560 Thread 0x00007fdb840be800 nmethod 5298 0x00007fdb75e18b50 code [0x00007fdb75e18ca0, 0x00007fdb75e18df0]
Event: 133.560 Thread 0x00007fdb840be800 5299       3       java.io.ExpiringCache::entryFor (57 bytes)
Event: 133.561 Thread 0x00007fdb840be800 nmethod 5299 0x00007fdb75e42610 code [0x00007fdb75e427c0, 0x00007fdb75e42d18]

GC Heap History (10 events):
Event: 31.770 GC heap after
Heap after GC invocations=13 (full 1):
 PSYoungGen      total 145408K, used 384K [0x00000000d6f00000, 0x00000000e1000000, 0x0000000100000000)
  eden space 128000K, 0% used [0x00000000d6f00000,0x00000000d6f00000,0x00000000dec00000)
  from space 17408K, 2% used [0x00000000dfd80000,0x00000000dfde0010,0x00000000e0e80000)
  to   space 17920K, 0% used [0x00000000dec00000,0x00000000dec00000,0x00000000dfd80000)
 ParOldGen       total 61952K, used 21713K [0x0000000084c00000, 0x0000000088880000, 0x00000000d6f00000)
  object space 61952K, 35% used [0x0000000084c00000,0x0000000086134438,0x0000000088880000)
 Metaspace       used 23599K, capacity 24274K, committed 24496K, reserved 1071104K
  class space    used 2705K, capacity 2932K, committed 2992K, reserved 1048576K
}
Event: 32.224 GC heap before
{Heap before GC invocations=14 (full 1):
 PSYoungGen      total 145408K, used 128384K [0x00000000d6f00000, 0x00000000e1000000, 0x0000000100000000)
  eden space 128000K, 100% used [0x00000000d6f00000,0x00000000dec00000,0x00000000dec00000)
  from space 17408K, 2% used [0x00000000dfd80000,0x00000000dfde0010,0x00000000e0e80000)
  to   space 17920K, 0% used [0x00000000dec00000,0x00000000dec00000,0x00000000dfd80000)
 ParOldGen       total 61952K, used 21713K [0x0000000084c00000, 0x0000000088880000, 0x00000000d6f00000)
  object space 61952K, 35% used [0x0000000084c00000,0x0000000086134438,0x0000000088880000)
 Metaspace       used 23599K, capacity 24274K, committed 24496K, reserved 1071104K
  class space    used 2705K, capacity 2932K, committed 2992K, reserved 1048576K
Event: 32.227 GC heap after
Heap after GC invocations=14 (full 1):
 PSYoungGen      total 145920K, used 1344K [0x00000000d6f00000, 0x00000000e4b80000, 0x0000000100000000)
  eden space 128000K, 0% used [0x00000000d6f00000,0x00000000d6f00000,0x00000000dec00000)
  from space 17920K, 7% used [0x00000000dec00000,0x00000000ded50000,0x00000000dfd80000)
  to   space 17920K, 0% used [0x00000000e3a00000,0x00000000e3a00000,0x00000000e4b80000)
 ParOldGen       total 61952K, used 21945K [0x0000000084c00000, 0x0000000088880000, 0x00000000d6f00000)
  object space 61952K, 35% used [0x0000000084c00000,0x000000008616e448,0x0000000088880000)
 Metaspace       used 23599K, capacity 24274K, committed 24496K, reserved 1071104K
  class space    used 2705K, capacity 2932K, committed 2992K, reserved 1048576K
}
Event: 32.485 GC heap before
{Heap before GC invocations=15 (full 1):
 PSYoungGen      total 145920K, used 129344K [0x00000000d6f00000, 0x00000000e4b80000, 0x0000000100000000)
  eden space 128000K, 100% used [0x00000000d6f00000,0x00000000dec00000,0x00000000dec00000)
  from space 17920K, 7% used [0x00000000dec00000,0x00000000ded50000,0x00000000dfd80000)
  to   space 17920K, 0% used [0x00000000e3a00000,0x00000000e3a00000,0x00000000e4b80000)
 ParOldGen       total 61952K, used 21945K [0x0000000084c00000, 0x0000000088880000, 0x00000000d6f00000)
  object space 61952K, 35% used [0x0000000084c00000,0x000000008616e448,0x0000000088880000)
 Metaspace       used 23606K, capacity 24274K, committed 24496K, reserved 1071104K
  class space    used 2705K, capacity 2932K, committed 2992K, reserved 1048576K
Event: 32.493 GC heap after
Heap after GC invocations=15 (full 1):
 PSYoungGen      total 208384K, used 1056K [0x00000000d6f00000, 0x00000000e4c00000, 0x0000000100000000)
  eden space 190464K, 0% used [0x00000000d6f00000,0x00000000d6f00000,0x00000000e2900000)
  from space 17920K, 5% used [0x00000000e3a00000,0x00000000e3b08010,0x00000000e4b80000)
  to   space 17408K, 0% used [0x00000000e2900000,0x00000000e2900000,0x00000000e3a00000)
 ParOldGen       total 61952K, used 22697K [0x0000000084c00000, 0x0000000088880000, 0x00000000d6f00000)
  object space 61952K, 36% used [0x0000000084c00000,0x000000008622a448,0x0000000088880000)
 Metaspace       used 23606K, capacity 24274K, committed 24496K, reserved 1071104K
  class space    used 2705K, capacity 2932K, committed 2992K, reserved 1048576K
}
Event: 35.269 GC heap before
{Heap before GC invocations=16 (full 1):
 PSYoungGen      total 208384K, used 191520K [0x00000000d6f00000, 0x00000000e4c00000, 0x0000000100000000)
  eden space 190464K, 100% used [0x00000000d6f00000,0x00000000e2900000,0x00000000e2900000)
  from space 17920K, 5% used [0x00000000e3a00000,0x00000000e3b08010,0x00000000e4b80000)
  to   space 17408K, 0% used [0x00000000e2900000,0x00000000e2900000,0x00000000e3a00000)
 ParOldGen       total 61952K, used 22697K [0x0000000084c00000, 0x0000000088880000, 0x00000000d6f00000)
  object space 61952K, 36% used [0x0000000084c00000,0x000000008622a448,0x0000000088880000)
 Metaspace       used 23921K, capacity 24690K, committed 25008K, reserved 1071104K
  class space    used 2729K, capacity 2964K, committed 2992K, reserved 1048576K
Event: 35.281 GC heap after
Heap after GC invocations=16 (full 1):
 PSYoungGen      total 207872K, used 7502K [0x00000000d6f00000, 0x00000000ea200000, 0x0000000100000000)
  eden space 190464K, 0% used [0x00000000d6f00000,0x00000000d6f00000,0x00000000e2900000)
  from space 17408K, 43% used [0x00000000e2900000,0x00000000e3053a40,0x00000000e3a00000)
  to   space 16896K, 0% used [0x00000000e9180000,0x00000000e9180000,0x00000000ea200000)
 ParOldGen       total 61952K, used 23377K [0x0000000084c00000, 0x0000000088880000, 0x00000000d6f00000)
  object space 61952K, 37% used [0x0000000084c00000,0x00000000862d4448,0x0000000088880000)
 Metaspace       used 23921K, capacity 24690K, committed 25008K, reserved 1071104K
  class space    used 2729K, capacity 2964K, committed 2992K, reserved 1048576K
}
Event: 39.151 GC heap before
{Heap before GC invocations=17 (full 1):
 PSYoungGen      total 207872K, used 197966K [0x00000000d6f00000, 0x00000000ea200000, 0x0000000100000000)
  eden space 190464K, 100% used [0x00000000d6f00000,0x00000000e2900000,0x00000000e2900000)
  from space 17408K, 43% used [0x00000000e2900000,0x00000000e3053a40,0x00000000e3a00000)
  to   space 16896K, 0% used [0x00000000e9180000,0x00000000e9180000,0x00000000ea200000)
 ParOldGen       total 61952K, used 23377K [0x0000000084c00000, 0x0000000088880000, 0x00000000d6f00000)
  object space 61952K, 37% used [0x0000000084c00000,0x00000000862d4448,0x0000000088880000)
 Metaspace       used 23924K, capacity 24690K, committed 25008K, reserved 1071104K
  class space    used 2729K, capacity 2964K, committed 2992K, reserved 1048576K
Event: 39.178 GC heap after
Heap after GC invocations=17 (full 1):
 PSYoungGen      total 294400K, used 16073K [0x00000000d6f00000, 0x00000000ea400000, 0x0000000100000000)
  eden space 277504K, 0% used [0x00000000d6f00000,0x00000000d6f00000,0x00000000e7e00000)
  from space 16896K, 95% used [0x00000000e9180000,0x00000000ea132460,0x00000000ea200000)
  to   space 19456K, 0% used [0x00000000e7e00000,0x00000000e7e00000,0x00000000e9100000)
 ParOldGen       total 61952K, used 24657K [0x0000000084c00000, 0x0000000088880000, 0x00000000d6f00000)
  object space 61952K, 39% used [0x0000000084c00000,0x0000000086414468,0x0000000088880000)
 Metaspace       used 23924K, capacity 24690K, committed 25008K, reserved 1071104K
  class space    used 2729K, capacity 2964K, committed 2992K, reserved 1048576K
}
Event: 134.058 GC heap before
{Heap before GC invocations=18 (full 1):
 PSYoungGen      total 294400K, used 293577K [0x00000000d6f00000, 0x00000000ea400000, 0x0000000100000000)
  eden space 277504K, 100% used [0x00000000d6f00000,0x00000000e7e00000,0x00000000e7e00000)
  from space 16896K, 95% used [0x00000000e9180000,0x00000000ea132460,0x00000000ea200000)
  to   space 19456K, 0% used [0x00000000e7e00000,0x00000000e7e00000,0x00000000e9100000)
 ParOldGen       total 61952K, used 24657K [0x0000000084c00000, 0x0000000088880000, 0x00000000d6f00000)
  object space 61952K, 39% used [0x0000000084c00000,0x0000000086414468,0x0000000088880000)
 Metaspace       used 23927K, capacity 24690K, committed 25008K, reserved 1071104K
  class space    used 2729K, capacity 2964K, committed 2992K, reserved 1048576K

Deoptimization events (10 events):
Event: 33.293 Thread 0x00007fdb8400a000 Uncommon trap: reason=class_check action=maybe_recompile pc=0x00007fdb75515770 method=org.apache.maven.plugin.assembly.filter.ComponentsXmlArchiverFileFilter.isSelected(Lorg/codehaus/plexus/components/io/fileselectors/FileInfo;)Z @ 1
Event: 33.293 Thread 0x00007fdb8400a000 Uncommon trap: reason=unstable_if action=reinterpret pc=0x00007fdb75dca5a0 method=org.codehaus.plexus.util.SelectorUtils.match(Ljava/lang/String;Ljava/lang/String;Z)Z @ 148
Event: 33.294 Thread 0x00007fdb8400a000 Uncommon trap: reason=class_check action=maybe_recompile pc=0x00007fdb75515770 method=org.apache.maven.plugin.assembly.filter.ComponentsXmlArchiverFileFilter.isSelected(Lorg/codehaus/plexus/components/io/fileselectors/FileInfo;)Z @ 1
Event: 33.295 Thread 0x00007fdb8400a000 Uncommon trap: reason=class_check action=maybe_recompile pc=0x00007fdb75515770 method=org.apache.maven.plugin.assembly.filter.ComponentsXmlArchiverFileFilter.isSelected(Lorg/codehaus/plexus/components/io/fileselectors/FileInfo;)Z @ 1
Event: 33.296 Thread 0x00007fdb8400a000 Uncommon trap: reason=class_check action=maybe_recompile pc=0x00007fdb75515770 method=org.apache.maven.plugin.assembly.filter.ComponentsXmlArchiverFileFilter.isSelected(Lorg/codehaus/plexus/components/io/fileselectors/FileInfo;)Z @ 1
Event: 33.303 Thread 0x00007fdb8400a000 Uncommon trap: reason=class_check action=maybe_recompile pc=0x00007fdb752bbf54 method=org.codehaus.plexus.archiver.AbstractArchiver$1.hasNext()Z @ 184
Event: 33.304 Thread 0x00007fdb8400a000 Uncommon trap: reason=class_check action=maybe_recompile pc=0x00007fdb752bbf54 method=org.codehaus.plexus.archiver.AbstractArchiver$1.hasNext()Z @ 184
Event: 33.304 Thread 0x00007fdb8400a000 Uncommon trap: reason=class_check action=maybe_recompile pc=0x00007fdb752bbf54 method=org.codehaus.plexus.archiver.AbstractArchiver$1.hasNext()Z @ 184
Event: 33.304 Thread 0x00007fdb8400a000 Uncommon trap: reason=class_check action=maybe_recompile pc=0x00007fdb752bbf54 method=org.codehaus.plexus.archiver.AbstractArchiver$1.hasNext()Z @ 184
Event: 133.560 Thread 0x00007fdb8400a000 Uncommon trap: reason=unstable_if action=reinterpret pc=0x00007fdb75e03b94 method=java.io.ExpiringCache.entryFor(Ljava/lang/String;)Ljava/io/ExpiringCache$Entry; @ 39

Internal exceptions (10 events):
Event: 14.829 Thread 0x00007fdb8400a000 Implicit null exception at 0x00007fdb753902d8 to 0x00007fdb75390366
Event: 16.673 Thread 0x00007fdb8400a000 Exception <a 'java/lang/NoClassDefFoundError': org/slf4j/Logger> (0x00000000d8837328) thrown at [/HUDSON/workspace/8-2-build-linux-amd64/jdk8u72/5732/hotspot/src/share/vm/oops/constantPool.cpp, line 235]
Event: 17.057 Thread 0x00007fdb8400a000 Exception <a 'java/lang/NoClassDefFoundError': org/slf4j/Logger> (0x00000000d70cec20) thrown at [/HUDSON/workspace/8-2-build-linux-amd64/jdk8u72/5732/hotspot/src/share/vm/oops/constantPool.cpp, line 235]
Event: 21.541 Thread 0x00007fdb8400a000 Exception <a 'java/io/FileNotFoundException'> (0x00000000d7166238) thrown at [/HUDSON/workspace/8-2-build-linux-amd64/jdk8u72/5732/hotspot/src/share/vm/prims/jni.cpp, line 709]
Event: 21.599 Thread 0x00007fdb8400a000 Exception <a 'java/io/FileNotFoundException'> (0x00000000d71aeac8) thrown at [/HUDSON/workspace/8-2-build-linux-amd64/jdk8u72/5732/hotspot/src/share/vm/prims/jni.cpp, line 709]
Event: 24.588 Thread 0x00007fdb8400a000 Exception <a 'java/lang/NoClassDefFoundError': org/slf4j/Logger> (0x00000000d98a3d78) thrown at [/HUDSON/workspace/8-2-build-linux-amd64/jdk8u72/5732/hotspot/src/share/vm/oops/constantPool.cpp, line 235]
Event: 24.943 Thread 0x00007fdb84812000 Implicit null exception at 0x00007fdb757d5bc8 to 0x00007fdb757d5c81
Event: 25.255 Thread 0x00007fdb8400a000 Implicit null exception at 0x00007fdb75ba2c86 to 0x00007fdb75ba2fa9
Event: 27.602 Thread 0x00007fdb8400a000 Exception <a 'java/lang/NoClassDefFoundError': org/slf4j/Logger> (0x00000000d7886d40) thrown at [/HUDSON/workspace/8-2-build-linux-amd64/jdk8u72/5732/hotspot/src/share/vm/oops/constantPool.cpp, line 235]
Event: 29.533 Thread 0x00007fdb8400a000 Exception <a 'java/lang/NoClassDefFoundError': org/slf4j/Logger> (0x00000000d989cef0) thrown at [/HUDSON/workspace/8-2-build-linux-amd64/jdk8u72/5732/hotspot/src/share/vm/oops/constantPool.cpp, line 235]

Events (10 events):
Event: 129.286 Executing VM operation: RevokeBias
Event: 129.941 Executing VM operation: RevokeBias done
Event: 129.941 Executing VM operation: RevokeBias
Event: 129.941 Executing VM operation: RevokeBias done
Event: 129.941 Thread 0x00007fdb84564000 Thread exited: 0x00007fdb84564000
Event: 129.941 Thread 0x00007fdb84927800 Thread exited: 0x00007fdb84927800
Event: 133.560 Thread 0x00007fdb8400a000 Uncommon trap: trap_request=0xffffff65 fr.pc=0x00007fdb75e03b94
Event: 133.560 Thread 0x00007fdb8400a000 DEOPT PACKING pc=0x00007fdb75e03b94 sp=0x00007fdb8c760d10
Event: 133.560 Thread 0x00007fdb8400a000 DEOPT UNPACKING pc=0x00007fdb75005229 sp=0x00007fdb8c760cf0 mode 2
Event: 134.058 Executing VM operation: ParallelGCFailedAllocation


Dynamic libraries:
00400000-00401000 r-xp 00000000 08:09 3810816                            /usr/lib/jvm/java-8-oracle/bin/java
00600000-00601000 rw-p 00000000 08:09 3810816                            /usr/lib/jvm/java-8-oracle/bin/java
00655000-00676000 rw-p 00000000 00:00 0                                  [heap]
84c00000-88880000 rw-p 00000000 00:00 0 
88880000-d6f00000 ---p 00000000 00:00 0 
d6f00000-ea400000 rw-p 00000000 00:00 0 
f0080000-100000000 ---p 00000000 00:00 0 
100000000-1002ec000 rw-p 00000000 00:00 0 
1002ec000-140000000 ---p 00000000 00:00 0 
7fdb10000000-7fdb10021000 rw-p 00000000 00:00 0 
7fdb10021000-7fdb14000000 ---p 00000000 00:00 0 
7fdb14000000-7fdb14021000 rw-p 00000000 00:00 0 
7fdb14021000-7fdb18000000 ---p 00000000 00:00 0 
7fdb18000000-7fdb18021000 rw-p 00000000 00:00 0 
7fdb18021000-7fdb1c000000 ---p 00000000 00:00 0 
7fdb1c000000-7fdb1c021000 rw-p 00000000 00:00 0 
7fdb1c021000-7fdb20000000 ---p 00000000 00:00 0 
7fdb20000000-7fdb20021000 rw-p 00000000 00:00 0 
7fdb20021000-7fdb24000000 ---p 00000000 00:00 0 
7fdb24000000-7fdb24021000 rw-p 00000000 00:00 0 
7fdb24021000-7fdb28000000 ---p 00000000 00:00 0 
7fdb28000000-7fdb28021000 rw-p 00000000 00:00 0 
7fdb28021000-7fdb2c000000 ---p 00000000 00:00 0 
7fdb2c000000-7fdb2c021000 rw-p 00000000 00:00 0 
7fdb2c021000-7fdb30000000 ---p 00000000 00:00 0 
7fdb30000000-7fdb30021000 rw-p 00000000 00:00 0 
7fdb30021000-7fdb34000000 ---p 00000000 00:00 0 
7fdb34000000-7fdb34031000 rw-p 00000000 00:00 0 
7fdb34031000-7fdb38000000 ---p 00000000 00:00 0 
7fdb38000000-7fdb38021000 rw-p 00000000 00:00 0 
7fdb38021000-7fdb3c000000 ---p 00000000 00:00 0 
7fdb3c000000-7fdb3c021000 rw-p 00000000 00:00 0 
7fdb3c021000-7fdb40000000 ---p 00000000 00:00 0 
7fdb40000000-7fdb42168000 rw-p 00000000 00:00 0 
7fdb42168000-7fdb44000000 ---p 00000000 00:00 0 
7fdb44000000-7fdb44a10000 rw-p 00000000 00:00 0 
7fdb44a10000-7fdb48000000 ---p 00000000 00:00 0 
7fdb48000000-7fdb48021000 rw-p 00000000 00:00 0 
7fdb48021000-7fdb4c000000 ---p 00000000 00:00 0 
7fdb4c000000-7fdb4d53d000 rw-p 00000000 00:00 0 
7fdb4d53d000-7fdb50000000 ---p 00000000 00:00 0 
7fdb50000000-7fdb50021000 rw-p 00000000 00:00 0 
7fdb50021000-7fdb54000000 ---p 00000000 00:00 0 
7fdb54000000-7fdb54021000 rw-p 00000000 00:00 0 
7fdb54021000-7fdb58000000 ---p 00000000 00:00 0 
7fdb58000000-7fdb58021000 rw-p 00000000 00:00 0 
7fdb58021000-7fdb5c000000 ---p 00000000 00:00 0 
7fdb5c000000-7fdb5c28b000 rw-p 00000000 00:00 0 
7fdb5c28b000-7fdb60000000 ---p 00000000 00:00 0 
7fdb60000000-7fdb60021000 rw-p 00000000 00:00 0 
7fdb60021000-7fdb64000000 ---p 00000000 00:00 0 
7fdb649f5000-7fdb64a4e000 r--s 00522000 08:09 3829965                    /home/marmik2621/.m2/repository/org/scala-lang/scala-library/2.11.8/scala-library-2.11.8.jar
7fdb64c24000-7fdb64c2a000 r--s 0002a000 08:09 5021929                    /home/marmik2621/.m2/repository/org/apache/curator/curator-framework/2.10.0/curator-framework-2.10.0.jar
7fdb64c2a000-7fdb64c2e000 r--s 0002f000 08:09 4886829                    /home/marmik2621/.m2/repository/commons-io/commons-io/2.5/commons-io-2.5.jar
7fdb64c2e000-7fdb64c46000 r--s 00110000 08:09 4742689                    /home/marmik2621/.m2/repository/io/netty/netty/3.7.0.Final/netty-3.7.0.Final.jar
7fdb64c46000-7fdb64c72000 r--s 00208000 08:09 3941310                    /home/marmik2621/.m2/repository/com/google/guava/guava/19.0/guava-19.0.jar
7fdb64c72000-7fdb64c73000 rw-p 00000000 00:00 0 
7fdb64c73000-7fdb64c75000 r--s 00010000 08:09 5021930                    /home/marmik2621/.m2/repository/org/apache/curator/curator-client/2.10.0/curator-client-2.10.0.jar
7fdb64c75000-7fdb64c78000 r--s 00016000 08:09 4886828                    /home/marmik2621/.m2/repository/org/apache/storm/storm-kafka/1.0.2/storm-kafka-1.0.2.jar
7fdb64c78000-7fdb64c86000 r--s 000a9000 08:09 3031419                    /home/marmik2621/.m2/repository/org/apache/kafka/kafka-clients/0.10.0.1/kafka-clients-0.10.0.1.jar
7fdb64c86000-7fdb64e06000 rw-p 00000000 00:00 0 
7fdb64e06000-7fdb64e89000 ---p 00000000 00:00 0 
7fdb64e89000-7fdb64f87000 rw-p 00000000 00:00 0 
7fdb64f87000-7fdb64f8a000 ---p 00000000 00:00 0 
7fdb64f8a000-7fdb65088000 rw-p 00000000 00:00 0 
7fdb65088000-7fdb6508b000 ---p 00000000 00:00 0 
7fdb6508b000-7fdb65189000 rw-p 00000000 00:00 0                          [stack:12404]
7fdb65189000-7fdb6518c000 ---p 00000000 00:00 0 
7fdb6518c000-7fdb6528a000 rw-p 00000000 00:00 0                          [stack:12383]
7fdb6528a000-7fdb6528d000 ---p 00000000 00:00 0 
7fdb6528d000-7fdb6538b000 rw-p 00000000 00:00 0                          [stack:12382]
7fdb6538b000-7fdb6538e000 ---p 00000000 00:00 0 
7fdb6538e000-7fdb6548c000 rw-p 00000000 00:00 0                          [stack:12381]
7fdb6548c000-7fdb6548f000 ---p 00000000 00:00 0 
7fdb6548f000-7fdb6578d000 rw-p 00000000 00:00 0                          [stack:12380]
7fdb6578d000-7fdb6578f000 r--s 0000c000 08:09 1837802                    /home/marmik2621/.m2/repository/org/json/json/20160810/json-20160810.jar
7fdb6578f000-7fdb65791000 r--s 00100000 08:09 3696069                    /home/marmik2621/.m2/repository/org/xerial/snappy/snappy-java/1.1.2.6/snappy-java-1.1.2.6.jar
7fdb65791000-7fdb65793000 r--s 00038000 08:09 4606596                    /home/marmik2621/.m2/repository/net/jpountz/lz4/lz4/1.3.0/lz4-1.3.0.jar
7fdb65793000-7fdb65795000 r--s 0000f000 08:09 4886838                    /home/marmik2621/.m2/repository/net/sf/jopt-simple/jopt-simple/4.9/jopt-simple-4.9.jar
7fdb65795000-7fdb657a0000 r--s 0005d000 08:09 4886881                    /home/marmik2621/.m2/repository/org/scala-lang/modules/scala-parser-combinators_2.11/1.0.4/scala-parser-combinators_2.11-1.0.4.jar
7fdb657a0000-7fdb657a3000 r--s 00012000 08:09 3696293                    /home/marmik2621/.m2/repository/com/yammer/metrics/metrics-core/2.2.0/metrics-core-2.2.0.jar
7fdb657a3000-7fdb657a5000 r--s 00014000 08:09 4478290                    /home/marmik2621/.m2/repository/jline/jline/0.9.94/jline-0.9.94.jar
7fdb657a5000-7fdb657b1000 r--s 000b6000 08:09 4095515                    /home/marmik2621/.m2/repository/org/apache/zookeeper/zookeeper/3.4.6/zookeeper-3.4.6.jar
7fdb657b1000-7fdb657b3000 r--s 00005000 08:09 4097517                    /home/marmik2621/.m2/repository/org/slf4j/slf4j-api/1.6.1/slf4j-api-1.6.1.jar
7fdb657b3000-7fdb657b6000 r--s 00010000 08:09 4095514                    /home/marmik2621/.m2/repository/com/101tec/zkclient/0.8/zkclient-0.8.jar
7fdb657b6000-7fdb65811000 r--s 0048f000 08:09 1837801                    /home/marmik2621/.m2/repository/org/apache/kafka/kafka_2.11/0.10.0.1/kafka_2.11-0.10.0.1.jar
7fdb65811000-7fdb65814000 ---p 00000000 00:00 0 
7fdb65814000-7fdb6584a000 rw-p 00000000 00:00 0 
7fdb6584a000-7fdb6584b000 r--s 00005000 08:09 1083986                    /home/marmik2621/.m2/repository/org/apache/maven/shared/maven-repository-builder/1.0-alpha-2/maven-repository-builder-1.0-alpha-2.jar
7fdb6584b000-7fdb6584f000 r--s 00033000 08:09 1083979                    /home/marmik2621/.m2/repository/org/codehaus/plexus/plexus-utils/2.0.1/plexus-utils-2.0.1.jar
7fdb6584f000-7fdb65850000 r--s 00004000 08:09 1083977                    /home/marmik2621/.m2/repository/org/apache/maven/maven-archiver/2.4/maven-archiver-2.4.jar
7fdb65850000-7fdb65852000 r--s 0000a000 08:09 805250                     /home/marmik2621/.m2/repository/org/codehaus/plexus/plexus-io/1.0-alpha-4/plexus-io-1.0-alpha-4.jar
7fdb65852000-7fdb65854000 r--s 00004000 08:09 951655                     /home/marmik2621/.m2/repository/org/codehaus/plexus/plexus-active-collections/1.0-beta-2/plexus-active-collections-1.0-beta-2.jar
7fdb65854000-7fdb65856000 r--s 00007000 08:09 5144697                    /home/marmik2621/.m2/repository/org/apache/maven/shared/maven-filtering/1.0-beta-2/maven-filtering-1.0-beta-2.jar
7fdb65856000-7fdb65858000 r--s 00008000 08:09 951643                     /home/marmik2621/.m2/repository/org/apache/maven/shared/maven-shared-io/1.1/maven-shared-io-1.1.jar
7fdb65858000-7fdb6585a000 r--s 00006000 08:09 805251                     /home/marmik2621/.m2/repository/org/apache/maven/shared/file-management/1.1/file-management-1.1.jar
7fdb6585a000-7fdb6585e000 r--s 00028000 08:09 805247                     /home/marmik2621/.m2/repository/org/codehaus/plexus/plexus-archiver/1.0-alpha-12/plexus-archiver-1.0-alpha-12.jar
7fdb6585e000-7fdb65860000 r--s 0000b000 08:09 805249                     /home/marmik2621/.m2/repository/org/codehaus/plexus/plexus-interpolation/1.7/plexus-interpolation-1.7.jar
7fdb65860000-7fdb65861000 r--s 00007000 08:09 685690                     /home/marmik2621/.m2/repository/org/apache/maven/shared/maven-plugin-testing-harness/1.1/maven-plugin-testing-harness-1.1.jar
7fdb65861000-7fdb65865000 r--s 0002f000 08:09 5022114                    /home/marmik2621/.m2/repository/org/apache/maven/plugins/maven-assembly-plugin/2.2-beta-5/maven-assembly-plugin-2.2-beta-5.jar
7fdb65865000-7fdb65869000 r--s 00034000 08:09 5144427                    /home/marmik2621/.m2/repository/org/codehaus/plexus/plexus-utils/3.0/plexus-utils-3.0.jar
7fdb65869000-7fdb6586d000 r--s 0002f000 08:09 4095195                    /home/marmik2621/.m2/repository/commons-lang/commons-lang/2.1/commons-lang-2.1.jar
7fdb6586d000-7fdb65a6d000 rw-p 00000000 00:00 0 
7fdb65a6d000-7fdb65c6d000 rw-p 00000000 00:00 0 
7fdb65c6d000-7fdb65ce6000 r--s 010e3000 08:09 3546579                    /usr/lib/jvm/java-8-oracle/lib/tools.jar
7fdb65ce6000-7fdb65ee6000 rw-p 00000000 00:00 0 
7fdb65ee6000-7fdb65ef7000 r-xp 00000000 08:09 3810728                    /usr/lib/jvm/java-8-oracle/jre/lib/amd64/libnio.so
7fdb65ef7000-7fdb660f6000 ---p 00011000 08:09 3810728                    /usr/lib/jvm/java-8-oracle/jre/lib/amd64/libnio.so
7fdb660f6000-7fdb660f7000 rw-p 00010000 08:09 3810728                    /usr/lib/jvm/java-8-oracle/jre/lib/amd64/libnio.so
7fdb660f7000-7fdb662f7000 rw-p 00000000 00:00 0 
7fdb662f7000-7fdb664f7000 rw-p 00000000 00:00 0 
7fdb664f7000-7fdb667f8000 rw-p 00000000 00:00 0 
7fdb667f8000-7fdb6680e000 r-xp 00000000 08:09 3801689                    /usr/lib/jvm/java-8-oracle/jre/lib/amd64/libnet.so
7fdb6680e000-7fdb66a0e000 ---p 00016000 08:09 3801689                    /usr/lib/jvm/java-8-oracle/jre/lib/amd64/libnet.so
7fdb66a0e000-7fdb66a0f000 rw-p 00016000 08:09 3801689                    /usr/lib/jvm/java-8-oracle/jre/lib/amd64/libnet.so
7fdb66a0f000-7fdb66a12000 ---p 00000000 00:00 0 
7fdb66a12000-7fdb66b10000 rw-p 00000000 00:00 0                          [stack:12360]
7fdb66b10000-7fdb66b11000 r-xp 00000000 08:09 2894376                    /home/marmik2621/Downloads/idea-IC-162.2228.15/bin/libbreakgen64.so
7fdb66b11000-7fdb66d10000 ---p 00001000 08:09 2894376                    /home/marmik2621/Downloads/idea-IC-162.2228.15/bin/libbreakgen64.so
7fdb66d10000-7fdb66d11000 r--p 00000000 08:09 2894376                    /home/marmik2621/Downloads/idea-IC-162.2228.15/bin/libbreakgen64.so
7fdb66d11000-7fdb66d12000 rw-p 00001000 08:09 2894376                    /home/marmik2621/Downloads/idea-IC-162.2228.15/bin/libbreakgen64.so
7fdb66d12000-7fdb66d13000 ---p 00000000 00:00 0 
7fdb66d13000-7fdb66e13000 rw-p 00000000 00:00 0                          [stack:12359]
7fdb66e13000-7fdb66e16000 ---p 00000000 00:00 0 
7fdb66e16000-7fdb66f14000 rw-p 00000000 00:00 0                          [stack:12358]
7fdb66f14000-7fdb66f17000 ---p 00000000 00:00 0 
7fdb66f17000-7fdb67015000 rw-p 00000000 00:00 0                          [stack:12357]
7fdb67015000-7fdb67018000 ---p 00000000 00:00 0 
7fdb67018000-7fdb67116000 rw-p 00000000 00:00 0                          [stack:12356]
7fdb67116000-7fdb67119000 ---p 00000000 00:00 0 
7fdb67119000-7fdb67217000 rw-p 00000000 00:00 0                          [stack:12355]
7fdb67217000-7fdb6721a000 ---p 00000000 00:00 0 
7fdb6721a000-7fdb67318000 rw-p 00000000 00:00 0                          [stack:12354]
7fdb67318000-7fdb679fa000 r--p 00000000 08:09 3415813                    /usr/lib/locale/locale-archive
7fdb679fa000-7fdb679fd000 ---p 00000000 00:00 0 
7fdb679fd000-7fdb67afb000 rw-p 00000000 00:00 0                          [stack:12353]
7fdb67afb000-7fdb67afe000 ---p 00000000 00:00 0 
7fdb67afe000-7fdb67bfc000 rw-p 00000000 00:00 0                          [stack:12352]
7fdb67bfc000-7fdb67bfd000 ---p 00000000 00:00 0 
7fdb67bfd000-7fdb68000000 rw-p 00000000 00:00 0                          [stack:12351]
7fdb68000000-7fdb68021000 rw-p 00000000 00:00 0 
7fdb68021000-7fdb6c000000 ---p 00000000 00:00 0 
7fdb6c000000-7fdb6c002000 r--s 00006000 08:09 5391386                    /home/marmik2621/.m2/repository/org/apache/maven/shared/maven-common-artifact-filters/1.1/maven-common-artifact-filters-1.1.jar
7fdb6c002000-7fdb6c005000 r--s 0000c000 08:09 5144426                    /home/marmik2621/.m2/repository/org/codehaus/plexus/plexus-io/2.0.1/plexus-io-2.0.1.jar
7fdb6c005000-7fdb6c009000 r--s 00028000 08:09 5144428                    /home/marmik2621/.m2/repository/org/codehaus/plexus/plexus-archiver/2.0.1/plexus-archiver-2.0.1.jar
7fdb6c009000-7fdb6c00a000 r--s 00004000 08:09 5144429                    /home/marmik2621/.m2/repository/org/apache/maven/maven-archiver/2.4.2/maven-archiver-2.4.2.jar
7fdb6c00a000-7fdb6c00b000 r--s 00007000 08:09 5144405                    /home/marmik2621/.m2/repository/org/apache/maven/plugins/maven-jar-plugin/2.3.2/maven-jar-plugin-2.3.2.jar
7fdb6c00b000-7fdb6c00c000 r--s 00002000 08:09 5264857                    /home/marmik2621/.m2/repository/org/apache/maven/reporting/maven-reporting-api/2.0.9/maven-reporting-api-2.0.9.jar
7fdb6c00c000-7fdb6c00f000 r--s 00034000 08:09 5264854                    /home/marmik2621/.m2/repository/org/codehaus/plexus/plexus-utils/2.1/plexus-utils-2.1.jar
7fdb6c00f000-7fdb6c011000 r--s 00006000 08:09 5264855                    /home/marmik2621/.m2/repository/org/apache/maven/shared/maven-common-artifact-filters/1.3/maven-common-artifact-filters-1.3.jar
7fdb6c011000-7fdb6c013000 r--s 0000d000 08:09 5264853                    /home/marmik2621/.m2/repository/org/apache/maven/surefire/maven-surefire-common/2.10/maven-surefire-common-2.10.jar
7fdb6c013000-7fdb6c018000 r--s 00023000 08:09 5264852                    /home/marmik2621/.m2/repository/org/apache/maven/surefire/surefire-api/2.10/surefire-api-2.10.jar
7fdb6c018000-7fdb6c01a000 r--s 00007000 08:09 5264851                    /home/marmik2621/.m2/repository/org/apache/maven/surefire/surefire-booter/2.10/surefire-booter-2.10.jar
7fdb6c01a000-7fdb6c01c000 r--s 00006000 08:09 5264745                    /home/marmik2621/.m2/repository/org/apache/maven/plugins/maven-surefire-plugin/2.10/maven-surefire-plugin-2.10.jar
7fdb6c01c000-7fdb6c01e000 r--s 00002000 08:09 5144314                    /home/marmik2621/.m2/repository/org/codehaus/plexus/plexus-compiler-javac/1.8.1/plexus-compiler-javac-1.8.1.jar
7fdb6c01e000-7fdb6c020000 r--s 00000000 08:09 5144313                    /home/marmik2621/.m2/repository/org/codehaus/plexus/plexus-compiler-manager/1.8.1/plexus-compiler-manager-1.8.1.jar
7fdb6c020000-7fdb6c021000 r--s 00004000 08:09 5144312                    /home/marmik2621/.m2/repository/org/codehaus/plexus/plexus-compiler-api/1.8.1/plexus-compiler-api-1.8.1.jar
7fdb6c021000-7fdb6c023000 r--s 00006000 08:09 5021634                    /home/marmik2621/.m2/repository/org/apache/maven/plugins/maven-compiler-plugin/2.3.2/maven-compiler-plugin-2.3.2.jar
7fdb6c023000-7fdb6c025000 r--s 0000d000 08:09 5144389                    /home/marmik2621/.m2/repository/org/codehaus/plexus/plexus-interpolation/1.13/plexus-interpolation-1.13.jar
7fdb6c025000-7fdb6c028000 ---p 00000000 00:00 0 
7fdb6c028000-7fdb70000000 rw-p 00000000 00:00 0 
7fdb70000000-7fdb70021000 rw-p 00000000 00:00 0 
7fdb70021000-7fdb74000000 ---p 00000000 00:00 0 
7fdb74000000-7fdb74001000 r--s 00001000 08:09 3695863                    /home/marmik2621/.m2/repository/org/sonatype/plexus/plexus-build-api/0.0.4/plexus-build-api-0.0.4.jar
7fdb74001000-7fdb74003000 r--s 00009000 08:09 5144388                    /home/marmik2621/.m2/repository/org/apache/maven/shared/maven-filtering/1.0/maven-filtering-1.0.jar
7fdb74003000-7fdb74007000 r--s 00033000 08:09 5144315                    /home/marmik2621/.m2/repository/org/codehaus/plexus/plexus-utils/2.0.5/plexus-utils-2.0.5.jar
7fdb74007000-7fdb7400a000 r--s 0001b000 08:09 4886671                    /home/marmik2621/.m2/repository/junit/junit/3.8.1/junit-3.8.1.jar
7fdb7400a000-7fdb7400c000 r--s 00002000 08:09 5144383                    /home/marmik2621/.m2/repository/org/codehaus/plexus/plexus-interactivity-api/1.0-alpha-4/plexus-interactivity-api-1.0-alpha-4.jar
7fdb7400c000-7fdb7400e000 r--s 00006000 08:09 3952488                    /home/marmik2621/.m2/repository/commons-cli/commons-cli/1.0/commons-cli-1.0.jar
7fdb7400e000-7fdb7400f000 r--s 00001000 08:09 5144382                    /home/marmik2621/.m2/repository/org/apache/maven/doxia/doxia-sink-api/1.0-alpha-7/doxia-sink-api-1.0-alpha-7.jar
7fdb7400f000-7fdb74010000 r--s 00002000 08:09 5144384                    /home/marmik2621/.m2/repository/org/apache/maven/reporting/maven-reporting-api/2.0.6/maven-reporting-api-2.0.6.jar
7fdb74010000-7fdb74012000 r--s 00005000 08:09 5144336                    /home/marmik2621/.m2/repository/org/apache/maven/plugins/maven-resources-plugin/2.5/maven-resources-plugin-2.5.jar
7fdb74012000-7fdb74013000 r--p 00000000 00:00 0 
7fdb74013000-7fdb74017000 r--s 00097000 08:09 3676216                    /usr/lib/jvm/java-8-oracle/jre/lib/jsse.jar
7fdb74017000-7fdb74019000 r--s 00006000 08:09 4480010                    /home/marmik2621/Downloads/idea-IC-162.2228.15/plugins/maven/lib/maven3/lib/maven-repository-metadata-3.0.5.jar
7fdb74019000-7fdb7401b000 r--s 00006000 08:09 4479993                    /home/marmik2621/Downloads/idea-IC-162.2228.15/plugins/maven/lib/maven3/lib/aether-connector-wagon-1.13.1.jar
7fdb7401b000-7fdb7401c000 r--s 00006000 08:09 4480016                    /home/marmik2621/Downloads/idea-IC-162.2228.15/plugins/maven/lib/maven3/lib/plexus-sec-dispatcher-1.3.jar
7fdb7401c000-7fdb7401e000 r--s 0000b000 08:09 4480003                    /home/marmik2621/Downloads/idea-IC-162.2228.15/plugins/maven/lib/maven3/lib/maven-artifact-3.0.5.jar
7fdb7401e000-7fdb74021000 r--s 00013000 08:09 4479992                    /home/marmik2621/Downloads/idea-IC-162.2228.15/plugins/maven/lib/maven3/lib/aether-api-1.13.1.jar
7fdb74021000-7fdb74022000 r--s 00002000 08:09 4480022                    /home/marmik2621/Downloads/idea-IC-162.2228.15/plugins/maven/lib/maven3/lib/wagon-file-2.8.jar
7fdb74022000-7fdb74024000 r--s 0000d000 08:09 4480015                    /home/marmik2621/Downloads/idea-IC-162.2228.15/plugins/maven/lib/maven3/lib/plexus-interpolation-1.14.jar
7fdb74024000-7fdb74026000 r--s 00002000 08:09 4480013                    /home/marmik2621/Downloads/idea-IC-162.2228.15/plugins/maven/lib/maven3/lib/plexus-cipher-1.7.jar
7fdb74026000-7fdb74028000 r--s 0000b000 08:09 4480025                    /home/marmik2621/Downloads/idea-IC-162.2228.15/plugins/maven/lib/maven3/lib/wagon-provider-api-2.8.jar
7fdb74028000-7fdb7402e000 r--s 0002c000 08:09 4480021                    /home/marmik2621/Downloads/idea-IC-162.2228.15/plugins/maven/lib/maven3/lib/sisu-inject-plexus-2.3.0.jar
7fdb7402e000-7fdb7403a000 r--s 0007d000 08:09 4480005                    /home/marmik2621/Downloads/idea-IC-162.2228.15/plugins/maven/lib/maven3/lib/maven-core-3.0.5.jar
7fdb7403a000-7fdb7403e000 r--s 00033000 08:09 4480017                    /home/marmik2621/Downloads/idea-IC-162.2228.15/plugins/maven/lib/maven3/lib/plexus-utils-2.0.6.jar
7fdb7403e000-7fdb74040000 r--s 0000b000 08:09 4480009                    /home/marmik2621/Downloads/idea-IC-162.2228.15/plugins/maven/lib/maven3/lib/maven-plugin-api-3.0.5.jar
7fdb74040000-7fdb74041000 r--s 00003000 08:09 4479995                    /home/marmik2621/Downloads/idea-IC-162.2228.15/plugins/maven/lib/maven3/lib/aether-spi-1.13.1.jar
7fdb74041000-7fdb74045000 r--s 00021000 08:09 4480008                    /home/marmik2621/Downloads/idea-IC-162.2228.15/plugins/maven/lib/maven3/lib/maven-model-builder-3.0.5.jar
7fdb74045000-7fdb74049000 r--s 0001c000 08:09 4479996                    /home/marmik2621/Downloads/idea-IC-162.2228.15/plugins/maven/lib/maven3/lib/aether-util-1.13.1.jar
7fdb74049000-7fdb74068000 r--s 00152000 08:09 4480018                    /home/marmik2621/Downloads/idea-IC-162.2228.15/plugins/maven/lib/maven3/lib/sisu-guava-0.9.9.jar
7fdb74068000-7fdb74096000 r--s 001fa000 08:09 4480023                    /home/marmik2621/Downloads/idea-IC-162.2228.15/plugins/maven/lib/maven3/lib/wagon-http-2.8-shaded.jar
7fdb74096000-7fdb75000000 rw-p 00000000 00:00 0 
7fdb75000000-7fdb75e60000 rwxp 00000000 00:00 0 
7fdb75e60000-7fdb84000000 ---p 00000000 00:00 0 
7fdb84000000-7fdb84cc8000 rw-p 00000000 00:00 0 
7fdb84cc8000-7fdb88000000 ---p 00000000 00:00 0 
7fdb88000000-7fdb88008000 r--s 00050000 08:09 4480019                    /home/marmik2621/Downloads/idea-IC-162.2228.15/plugins/maven/lib/maven3/lib/sisu-guice-3.1.0-no_aop.jar
7fdb88008000-7fdb8800a000 r--s 0000c000 08:09 4480002                    /home/marmik2621/Downloads/idea-IC-162.2228.15/plugins/maven/lib/maven3/lib/maven-aether-provider-3.0.5.jar
7fdb8800a000-7fdb88011000 r--s 00040000 08:09 4480020                    /home/marmik2621/Downloads/idea-IC-162.2228.15/plugins/maven/lib/maven3/lib/sisu-inject-bean-2.3.0.jar
7fdb88011000-7fdb88384000 rw-p 00000000 00:00 0 
7fdb88384000-7fdb8855c000 r--s 03d1d000 08:09 3676213                    /usr/lib/jvm/java-8-oracle/jre/lib/rt.jar
7fdb8855c000-7fdb889ac000 rw-p 00000000 00:00 0 
7fdb889ac000-7fdb889ad000 ---p 00000000 00:00 0 
7fdb889ad000-7fdb88aad000 rw-p 00000000 00:00 0                          [stack:12350]
7fdb88aad000-7fdb88aae000 ---p 00000000 00:00 0 
7fdb88aae000-7fdb88bae000 rw-p 00000000 00:00 0                          [stack:12349]
7fdb88bae000-7fdb88baf000 ---p 00000000 00:00 0 
7fdb88baf000-7fdb88caf000 rw-p 00000000 00:00 0                          [stack:12348]
7fdb88caf000-7fdb88cb0000 ---p 00000000 00:00 0 
7fdb88cb0000-7fdb88dcf000 rw-p 00000000 00:00 0                          [stack:12347]
7fdb88dcf000-7fdb89042000 ---p 00000000 00:00 0 
7fdb89042000-7fdb89061000 rw-p 00000000 00:00 0 
7fdb89061000-7fdb892d3000 ---p 00000000 00:00 0 
7fdb892d3000-7fdb8936e000 rw-p 00000000 00:00 0 
7fdb8936e000-7fdb8941c000 ---p 00000000 00:00 0 
7fdb8941c000-7fdb89457000 rw-p 00000000 00:00 0 
7fdb89457000-7fdb897dd000 ---p 00000000 00:00 0 
7fdb897dd000-7fdb897f7000 r-xp 00000000 08:09 3801371                    /usr/lib/jvm/java-8-oracle/jre/lib/amd64/libzip.so
7fdb897f7000-7fdb899f7000 ---p 0001a000 08:09 3801371                    /usr/lib/jvm/java-8-oracle/jre/lib/amd64/libzip.so
7fdb899f7000-7fdb899f8000 rw-p 0001a000 08:09 3801371                    /usr/lib/jvm/java-8-oracle/jre/lib/amd64/libzip.so
7fdb899f8000-7fdb89a04000 r-xp 00000000 08:09 3543547                    /lib/x86_64-linux-gnu/libnss_files-2.21.so
7fdb89a04000-7fdb89c03000 ---p 0000c000 08:09 3543547                    /lib/x86_64-linux-gnu/libnss_files-2.21.so
7fdb89c03000-7fdb89c04000 r--p 0000b000 08:09 3543547                    /lib/x86_64-linux-gnu/libnss_files-2.21.so
7fdb89c04000-7fdb89c05000 rw-p 0000c000 08:09 3543547                    /lib/x86_64-linux-gnu/libnss_files-2.21.so
7fdb89c05000-7fdb89c10000 r-xp 00000000 08:09 3543557                    /lib/x86_64-linux-gnu/libnss_nis-2.21.so
7fdb89c10000-7fdb89e0f000 ---p 0000b000 08:09 3543557                    /lib/x86_64-linux-gnu/libnss_nis-2.21.so
7fdb89e0f000-7fdb89e10000 r--p 0000a000 08:09 3543557                    /lib/x86_64-linux-gnu/libnss_nis-2.21.so
7fdb89e10000-7fdb89e11000 rw-p 0000b000 08:09 3543557                    /lib/x86_64-linux-gnu/libnss_nis-2.21.so
7fdb89e11000-7fdb89e28000 r-xp 00000000 08:09 3543541                    /lib/x86_64-linux-gnu/libnsl-2.21.so
7fdb89e28000-7fdb8a027000 ---p 00017000 08:09 3543541                    /lib/x86_64-linux-gnu/libnsl-2.21.so
7fdb8a027000-7fdb8a028000 r--p 00016000 08:09 3543541                    /lib/x86_64-linux-gnu/libnsl-2.21.so
7fdb8a028000-7fdb8a029000 rw-p 00017000 08:09 3543541                    /lib/x86_64-linux-gnu/libnsl-2.21.so
7fdb8a029000-7fdb8a02b000 rw-p 00000000 00:00 0 
7fdb8a02b000-7fdb8a033000 r-xp 00000000 08:09 3543543                    /lib/x86_64-linux-gnu/libnss_compat-2.21.so
7fdb8a033000-7fdb8a232000 ---p 00008000 08:09 3543543                    /lib/x86_64-linux-gnu/libnss_compat-2.21.so
7fdb8a232000-7fdb8a233000 r--p 00007000 08:09 3543543                    /lib/x86_64-linux-gnu/libnss_compat-2.21.so
7fdb8a233000-7fdb8a234000 rw-p 00008000 08:09 3543543                    /lib/x86_64-linux-gnu/libnss_compat-2.21.so
7fdb8a234000-7fdb8a25e000 r-xp 00000000 08:09 3801182                    /usr/lib/jvm/java-8-oracle/jre/lib/amd64/libjava.so
7fdb8a25e000-7fdb8a45e000 ---p 0002a000 08:09 3801182                    /usr/lib/jvm/java-8-oracle/jre/lib/amd64/libjava.so
7fdb8a45e000-7fdb8a460000 rw-p 0002a000 08:09 3801182                    /usr/lib/jvm/java-8-oracle/jre/lib/amd64/libjava.so
7fdb8a460000-7fdb8a46d000 r-xp 00000000 08:09 3801328                    /usr/lib/jvm/java-8-oracle/jre/lib/amd64/libverify.so
7fdb8a46d000-7fdb8a66d000 ---p 0000d000 08:09 3801328                    /usr/lib/jvm/java-8-oracle/jre/lib/amd64/libverify.so
7fdb8a66d000-7fdb8a66f000 rw-p 0000d000 08:09 3801328                    /usr/lib/jvm/java-8-oracle/jre/lib/amd64/libverify.so
7fdb8a66f000-7fdb8a676000 r-xp 00000000 08:09 3543602                    /lib/x86_64-linux-gnu/librt-2.21.so
7fdb8a676000-7fdb8a875000 ---p 00007000 08:09 3543602                    /lib/x86_64-linux-gnu/librt-2.21.so
7fdb8a875000-7fdb8a876000 r--p 00006000 08:09 3543602                    /lib/x86_64-linux-gnu/librt-2.21.so
7fdb8a876000-7fdb8a877000 rw-p 00007000 08:09 3543602                    /lib/x86_64-linux-gnu/librt-2.21.so
7fdb8a877000-7fdb8a97e000 r-xp 00000000 08:09 3543520                    /lib/x86_64-linux-gnu/libm-2.21.so
7fdb8a97e000-7fdb8ab7d000 ---p 00107000 08:09 3543520                    /lib/x86_64-linux-gnu/libm-2.21.so
7fdb8ab7d000-7fdb8ab7e000 r--p 00106000 08:09 3543520                    /lib/x86_64-linux-gnu/libm-2.21.so
7fdb8ab7e000-7fdb8ab7f000 rw-p 00107000 08:09 3543520                    /lib/x86_64-linux-gnu/libm-2.21.so
7fdb8ab7f000-7fdb8b83e000 r-xp 00000000 08:09 3810712                    /usr/lib/jvm/java-8-oracle/jre/lib/amd64/server/libjvm.so
7fdb8b83e000-7fdb8ba3d000 ---p 00cbf000 08:09 3810712                    /usr/lib/jvm/java-8-oracle/jre/lib/amd64/server/libjvm.so
7fdb8ba3d000-7fdb8bb16000 rw-p 00cbe000 08:09 3810712                    /usr/lib/jvm/java-8-oracle/jre/lib/amd64/server/libjvm.so
7fdb8bb16000-7fdb8bb5f000 rw-p 00000000 00:00 0 
7fdb8bb5f000-7fdb8bd1f000 r-xp 00000000 08:09 3543458                    /lib/x86_64-linux-gnu/libc-2.21.so
7fdb8bd1f000-7fdb8bf1f000 ---p 001c0000 08:09 3543458                    /lib/x86_64-linux-gnu/libc-2.21.so
7fdb8bf1f000-7fdb8bf23000 r--p 001c0000 08:09 3543458                    /lib/x86_64-linux-gnu/libc-2.21.so
7fdb8bf23000-7fdb8bf25000 rw-p 001c4000 08:09 3543458                    /lib/x86_64-linux-gnu/libc-2.21.so
7fdb8bf25000-7fdb8bf29000 rw-p 00000000 00:00 0 
7fdb8bf29000-7fdb8bf2c000 r-xp 00000000 08:09 3543477                    /lib/x86_64-linux-gnu/libdl-2.21.so
7fdb8bf2c000-7fdb8c12b000 ---p 00003000 08:09 3543477                    /lib/x86_64-linux-gnu/libdl-2.21.so
7fdb8c12b000-7fdb8c12c000 r--p 00002000 08:09 3543477                    /lib/x86_64-linux-gnu/libdl-2.21.so
7fdb8c12c000-7fdb8c12d000 rw-p 00003000 08:09 3543477                    /lib/x86_64-linux-gnu/libdl-2.21.so
7fdb8c12d000-7fdb8c142000 r-xp 00000000 08:09 3672605                    /usr/lib/jvm/java-8-oracle/lib/amd64/jli/libjli.so
7fdb8c142000-7fdb8c342000 ---p 00015000 08:09 3672605                    /usr/lib/jvm/java-8-oracle/lib/amd64/jli/libjli.so
7fdb8c342000-7fdb8c343000 rw-p 00015000 08:09 3672605                    /usr/lib/jvm/java-8-oracle/lib/amd64/jli/libjli.so
7fdb8c343000-7fdb8c35b000 r-xp 00000000 08:09 3543594                    /lib/x86_64-linux-gnu/libpthread-2.21.so
7fdb8c35b000-7fdb8c55b000 ---p 00018000 08:09 3543594                    /lib/x86_64-linux-gnu/libpthread-2.21.so
7fdb8c55b000-7fdb8c55c000 r--p 00018000 08:09 3543594                    /lib/x86_64-linux-gnu/libpthread-2.21.so
7fdb8c55c000-7fdb8c55d000 rw-p 00019000 08:09 3543594                    /lib/x86_64-linux-gnu/libpthread-2.21.so
7fdb8c55d000-7fdb8c561000 rw-p 00000000 00:00 0 
7fdb8c561000-7fdb8c585000 r-xp 00000000 08:09 3543430                    /lib/x86_64-linux-gnu/ld-2.21.so
7fdb8c585000-7fdb8c586000 r--s 00002000 08:09 4480024                    /home/marmik2621/Downloads/idea-IC-162.2228.15/plugins/maven/lib/maven3/lib/wagon-http-shared-2.8.jar
7fdb8c586000-7fdb8c588000 r--s 00009000 08:09 4479997                    /home/marmik2621/Downloads/idea-IC-162.2228.15/plugins/maven/lib/maven3/lib/commons-cli-1.2.jar
7fdb8c588000-7fdb8c58a000 r--s 00000000 08:09 4480014                    /home/marmik2621/Downloads/idea-IC-162.2228.15/plugins/maven/lib/maven3/lib/plexus-component-annotations-1.5.5.jar
7fdb8c58a000-7fdb8c58c000 r--s 0000a000 08:09 4480011                    /home/marmik2621/Downloads/idea-IC-162.2228.15/plugins/maven/lib/maven3/lib/maven-settings-3.0.5.jar
7fdb8c58c000-7fdb8c58d000 r--s 0000a000 08:09 4480006                    /home/marmik2621/Downloads/idea-IC-162.2228.15/plugins/maven/lib/maven3/lib/maven-embedder-3.0.5.jar
7fdb8c58d000-7fdb8c593000 r--s 0003f000 08:09 4480004                    /home/marmik2621/Downloads/idea-IC-162.2228.15/plugins/maven/lib/maven3/lib/maven-compat-3.0.5.jar
7fdb8c593000-7fdb8c596000 r--s 00008000 08:09 4480012                    /home/marmik2621/Downloads/idea-IC-162.2228.15/plugins/maven/lib/maven3/lib/maven-settings-builder-3.0.5.jar
7fdb8c596000-7fdb8c599000 r--s 0001d000 08:09 4479994                    /home/marmik2621/Downloads/idea-IC-162.2228.15/plugins/maven/lib/maven3/lib/aether-impl-1.13.1.jar
7fdb8c599000-7fdb8c664000 rw-p 00000000 00:00 0 
7fdb8c664000-7fdb8c667000 ---p 00000000 00:00 0 
7fdb8c667000-7fdb8c769000 rw-p 00000000 00:00 0                          [stack:12346]
7fdb8c769000-7fdb8c76b000 r--s 00026000 08:09 4480007                    /home/marmik2621/Downloads/idea-IC-162.2228.15/plugins/maven/lib/maven3/lib/maven-model-3.0.5.jar
7fdb8c76b000-7fdb8c76f000 r--s 00027000 08:09 4479998                    /home/marmik2621/Downloads/idea-IC-162.2228.15/plugins/maven/lib/maven3/lib/commons-io-2.2.jar
7fdb8c76f000-7fdb8c774000 r--s 00041000 08:09 4479999                    /home/marmik2621/Downloads/idea-IC-162.2228.15/plugins/maven/lib/maven3/lib/commons-lang-2.6.jar
7fdb8c774000-7fdb8c776000 r--s 0001e000 08:09 2883637                    /home/marmik2621/Downloads/idea-IC-162.2228.15/lib/idea_rt.jar
7fdb8c776000-7fdb8c778000 r--s 0000a000 08:09 4479988                    /home/marmik2621/Downloads/idea-IC-162.2228.15/plugins/maven/lib/maven3/boot/plexus-classworlds-2.4.jar
7fdb8c778000-7fdb8c780000 rw-s 00000000 08:09 2623168                    /tmp/hsperfdata_marmik2621/12341
7fdb8c780000-7fdb8c781000 rw-p 00000000 00:00 0 
7fdb8c781000-7fdb8c782000 ---p 00000000 00:00 0 
7fdb8c782000-7fdb8c784000 rw-p 00000000 00:00 0 
7fdb8c784000-7fdb8c785000 r--p 00023000 08:09 3543430                    /lib/x86_64-linux-gnu/ld-2.21.so
7fdb8c785000-7fdb8c786000 rw-p 00024000 08:09 3543430                    /lib/x86_64-linux-gnu/ld-2.21.so
7fdb8c786000-7fdb8c787000 rw-p 00000000 00:00 0 
7ffe33644000-7ffe33665000 rw-p 00000000 00:00 0                          [stack]
7ffe3376d000-7ffe3376f000 r--p 00000000 00:00 0                          [vvar]
7ffe3376f000-7ffe33771000 r-xp 00000000 00:00 0                          [vdso]
ffffffffff600000-ffffffffff601000 r-xp 00000000 00:00 0                  [vsyscall]

VM Arguments:
jvm_args: -Dmaven.home=/home/marmik2621/Downloads/idea-IC-162.2228.15/plugins/maven/lib/maven3 -Dclassworlds.conf=/home/marmik2621/Downloads/idea-IC-162.2228.15/plugins/maven/lib/maven3/bin/m2.conf -Didea.launcher.port=7535 -Didea.launcher.bin.path=/home/marmik2621/Downloads/idea-IC-162.2228.15/bin -Dfile.encoding=UTF-8 
java_command: com.intellij.rt.execution.application.AppMain org.codehaus.classworlds.Launcher -Didea.version=2016.2.5 package
java_class_path (initial): /home/marmik2621/Downloads/idea-IC-162.2228.15/plugins/maven/lib/maven3/boot/plexus-classworlds-2.4.jar:/home/marmik2621/Downloads/idea-IC-162.2228.15/lib/idea_rt.jar
Launcher Type: SUN_STANDARD

Environment Variables:
JAVA_HOME=/usr/lib/jvm/java-8-oracle
PATH=/home/marmik2621/bin:/usr/local/sbin:/usr/local/bin:/usr/sbin:/usr/bin:/sbin:/bin:/usr/games:/usr/local/games:/usr/lib/jvm/java-8-oracle/bin:/usr/lib/jvm/java-8-oracle/db/bin:/usr/lib/jvm/java-8-oracle/jre/bin
LD_LIBRARY_PATH=/home/marmik2621/Downloads/idea-IC-162.2228.15/bin:
SHELL=/bin/bash
DISPLAY=:0

Signal Handlers:
SIGSEGV: [libjvm.so+0xabb070], sa_mask[0]=11111111011111111101111111111110, sa_flags=SA_RESTART|SA_SIGINFO
SIGBUS: [libjvm.so+0xabb070], sa_mask[0]=11111111011111111101111111111110, sa_flags=SA_RESTART|SA_SIGINFO
SIGFPE: [libjvm.so+0x918480], sa_mask[0]=11111111011111111101111111111110, sa_flags=SA_RESTART|SA_SIGINFO
SIGPIPE: [libjvm.so+0x918480], sa_mask[0]=11111111011111111101111111111110, sa_flags=SA_RESTART|SA_SIGINFO
SIGXFSZ: [libjvm.so+0x918480], sa_mask[0]=11111111011111111101111111111110, sa_flags=SA_RESTART|SA_SIGINFO
SIGILL: [libjvm.so+0x918480], sa_mask[0]=11111111011111111101111111111110, sa_flags=SA_RESTART|SA_SIGINFO
SIGUSR1: SIG_DFL, sa_mask[0]=00000000000000000000000000000000, sa_flags=none
SIGUSR2: [libjvm.so+0x919ab0], sa_mask[0]=00100000000000000000000000000000, sa_flags=SA_RESTART|SA_SIGINFO
SIGHUP: [libjvm.so+0x91aeb0], sa_mask[0]=11111111011111111101111111111110, sa_flags=SA_RESTART|SA_SIGINFO
SIGINT: [libjvm.so+0x91aeb0], sa_mask[0]=11111111011111111101111111111110, sa_flags=SA_RESTART|SA_SIGINFO
SIGTERM: [libjvm.so+0x91aeb0], sa_mask[0]=11111111011111111101111111111110, sa_flags=SA_RESTART|SA_SIGINFO
SIGQUIT: [libjvm.so+0x91aeb0], sa_mask[0]=11111111011111111101111111111110, sa_flags=SA_RESTART|SA_SIGINFO


---------------  S Y S T E M  ---------------

OS:DISTRIB_ID=Ubuntu
DISTRIB_RELEASE=15.10
DISTRIB_CODENAME=wily
DISTRIB_DESCRIPTION="Ubuntu 15.10"

uname:Linux 4.2.0-27-generic #32-Ubuntu SMP Fri Jan 22 04:49:08 UTC 2016 x86_64
libc:glibc 2.21 NPTL 2.21 
rlimit: STACK 8192k, CORE 0k, NPROC 31385, NOFILE 65536, AS infinity
load average:60.44 26.71 10.77

/proc/meminfo:
MemTotal:        8069392 kB
MemFree:           54956 kB
MemAvailable:     110460 kB
Buffers:            1796 kB
Cached:           601512 kB
SwapCached:            0 kB
Active:          7253512 kB
Inactive:         501216 kB
Active(anon):    7226904 kB
Inactive(anon):   474084 kB
Active(file):      26608 kB
Inactive(file):    27132 kB
Unevictable:         416 kB
Mlocked:             416 kB
SwapTotal:             0 kB
SwapFree:              0 kB
Dirty:               512 kB
Writeback:             0 kB
AnonPages:       7152028 kB
Mapped:           251580 kB
Shmem:            549376 kB
Slab:              94084 kB
SReclaimable:      44052 kB
SUnreclaim:        50032 kB
KernelStack:       19312 kB
PageTables:        59604 kB
NFS_Unstable:          0 kB
Bounce:                0 kB
WritebackTmp:          0 kB
CommitLimit:     4034696 kB
Committed_AS:   13869388 kB
VmallocTotal:   34359738367 kB
VmallocUsed:      569044 kB
VmallocChunk:   34358423548 kB
HardwareCorrupted:     0 kB
AnonHugePages:   3268608 kB
CmaTotal:              0 kB
CmaFree:               0 kB
HugePages_Total:       0
HugePages_Free:        0
HugePages_Rsvd:        0
HugePages_Surp:        0
Hugepagesize:       2048 kB
DirectMap4k:      316160 kB
DirectMap2M:     7966720 kB
DirectMap1G:     1048576 kB


CPU:total 4 (2 cores per cpu, 2 threads per core) family 6 model 69 stepping 1, cmov, cx8, fxsr, mmx, sse, sse2, sse3, ssse3, sse4.1, sse4.2, popcnt, avx, avx2, aes, clmul, erms, lzcnt, ht, tsc, tscinvbit, bmi1, bmi2

/proc/cpuinfo:
processor	: 0
vendor_id	: GenuineIntel
cpu family	: 6
model		: 69
model name	: Intel(R) Core(TM) i3-4030U CPU @ 1.90GHz
stepping	: 1
microcode	: 0x1c
cpu MHz		: 838.597
cache size	: 3072 KB
physical id	: 0
siblings	: 4
core id		: 0
cpu cores	: 2
apicid		: 0
initial apicid	: 0
fpu		: yes
fpu_exception	: yes
cpuid level	: 13
wp		: yes
flags		: fpu vme de pse tsc msr pae mce cx8 apic sep mtrr pge mca cmov pat pse36 clflush dts acpi mmx fxsr sse sse2 ss ht tm pbe syscall nx pdpe1gb rdtscp lm constant_tsc arch_perfmon pebs bts rep_good nopl xtopology nonstop_tsc aperfmperf eagerfpu pni pclmulqdq dtes64 monitor ds_cpl vmx est tm2 ssse3 fma cx16 xtpr pdcm pcid sse4_1 sse4_2 x2apic movbe popcnt tsc_deadline_timer aes xsave avx f16c rdrand lahf_lm abm arat epb pln pts dtherm tpr_shadow vnmi flexpriority ept vpid fsgsbase tsc_adjust bmi1 avx2 smep bmi2 erms invpcid xsaveopt
bugs		:
bogomips	: 3791.27
clflush size	: 64
cache_alignment	: 64
address sizes	: 39 bits physical, 48 bits virtual
power management:

processor	: 1
vendor_id	: GenuineIntel
cpu family	: 6
model		: 69
model name	: Intel(R) Core(TM) i3-4030U CPU @ 1.90GHz
stepping	: 1
microcode	: 0x1c
cpu MHz		: 1130.351
cache size	: 3072 KB
physical id	: 0
siblings	: 4
core id		: 0
cpu cores	: 2
apicid		: 1
initial apicid	: 1
fpu		: yes
fpu_exception	: yes
cpuid level	: 13
wp		: yes
flags		: fpu vme de pse tsc msr pae mce cx8 apic sep mtrr pge mca cmov pat pse36 clflush dts acpi mmx fxsr sse sse2 ss ht tm pbe syscall nx pdpe1gb rdtscp lm constant_tsc arch_perfmon pebs bts rep_good nopl xtopology nonstop_tsc aperfmperf eagerfpu pni pclmulqdq dtes64 monitor ds_cpl vmx est tm2 ssse3 fma cx16 xtpr pdcm pcid sse4_1 sse4_2 x2apic movbe popcnt tsc_deadline_timer aes xsave avx f16c rdrand lahf_lm abm arat epb pln pts dtherm tpr_shadow vnmi flexpriority ept vpid fsgsbase tsc_adjust bmi1 avx2 smep bmi2 erms invpcid xsaveopt
bugs		:
bogomips	: 3791.27
clflush size	: 64
cache_alignment	: 64
address sizes	: 39 bits physical, 48 bits virtual
power management:

processor	: 2
vendor_id	: GenuineIntel
cpu family	: 6
model		: 69
model name	: Intel(R) Core(TM) i3-4030U CPU @ 1.90GHz
stepping	: 1
microcode	: 0x1c
cpu MHz		: 1399.914
cache size	: 3072 KB
physical id	: 0
siblings	: 4
core id		: 1
cpu cores	: 2
apicid		: 2
initial apicid	: 2
fpu		: yes
fpu_exception	: yes
cpuid level	: 13
wp		: yes
flags		: fpu vme de pse tsc msr pae mce cx8 apic sep mtrr pge mca cmov pat pse36 clflush dts acpi mmx fxsr sse sse2 ss ht tm pbe syscall nx pdpe1gb rdtscp lm constant_tsc arch_perfmon pebs bts rep_good nopl xtopology nonstop_tsc aperfmperf eagerfpu pni pclmulqdq dtes64 monitor ds_cpl vmx est tm2 ssse3 fma cx16 xtpr pdcm pcid sse4_1 sse4_2 x2apic movbe popcnt tsc_deadline_timer aes xsave avx f16c rdrand lahf_lm abm arat epb pln pts dtherm tpr_shadow vnmi flexpriority ept vpid fsgsbase tsc_adjust bmi1 avx2 smep bmi2 erms invpcid xsaveopt
bugs		:
bogomips	: 3791.27
clflush size	: 64
cache_alignment	: 64
address sizes	: 39 bits physical, 48 bits virtual
power management:

processor	: 3
vendor_id	: GenuineIntel
cpu family	: 6
model		: 69
model name	: Intel(R) Core(TM) i3-4030U CPU @ 1.90GHz
stepping	: 1
microcode	: 0x1c
cpu MHz		: 1399.914
cache size	: 3072 KB
physical id	: 0
siblings	: 4
core id		: 1
cpu cores	: 2
apicid		: 3
initial apicid	: 3
fpu		: yes
fpu_exception	: yes
cpuid level	: 13
wp		: yes
flags		: fpu vme de pse tsc msr pae mce cx8 apic sep mtrr pge mca cmov pat pse36 clflush dts acpi mmx fxsr sse sse2 ss ht tm pbe syscall nx pdpe1gb rdtscp lm constant_tsc arch_perfmon pebs bts rep_good nopl xtopology nonstop_tsc aperfmperf eagerfpu pni pclmulqdq dtes64 monitor ds_cpl vmx est tm2 ssse3 fma cx16 xtpr pdcm pcid sse4_1 sse4_2 x2apic movbe popcnt tsc_deadline_timer aes xsave avx f16c rdrand lahf_lm abm arat epb pln pts dtherm tpr_shadow vnmi flexpriority ept vpid fsgsbase tsc_adjust bmi1 avx2 smep bmi2 erms invpcid xsaveopt
bugs		:
bogomips	: 3791.27
clflush size	: 64
cache_alignment	: 64
address sizes	: 39 bits physical, 48 bits virtual
power management:



Memory: 4k page, physical 8069392k(54956k free), swap 0k(0k free)

vm_info: Java HotSpot(TM) 64-Bit Server VM (25.72-b15) for linux-amd64 JRE (1.8.0_72-b15), built on Dec 22 2015 22:00:07 by "java_re" with gcc 4.3.0 20080428 (Red Hat 4.3.0-8)

time: Mon Dec  5 02:46:57 2016
elapsed time: 158 seconds (0d 0h 2m 38s)

